2026-01-14 16:15:32,762 [ERROR] AdobePublisher:162 - Exception while opening the connection: java.net.UnknownHostException: stmicroelectronics.d3.sc.omtrdc.net
2026-01-14 16:15:32,784 [ERROR] AdobePublisher:162 - Exception while opening the connection: java.net.UnknownHostException: stmicroelectronics.d3.sc.omtrdc.net
2026-01-14 16:15:32,784 [ERROR] AdobePublisher:162 - Exception while opening the connection: java.net.UnknownHostException: stmicroelectronics.d3.sc.omtrdc.net
2026-01-14 16:15:32,784 [ERROR] AdobePublisher:162 - Exception while opening the connection: java.net.UnknownHostException: stmicroelectronics.d3.sc.omtrdc.net
2026-01-14 16:15:32,786 [ERROR] AdobePublisher:162 - Exception while opening the connection: java.net.UnknownHostException: stmicroelectronics.d3.sc.omtrdc.net
2026-01-14 16:19:55,436 [ERROR] AdobePublisher:162 - Exception while opening the connection: java.net.UnknownHostException: stmicroelectronics.d3.sc.omtrdc.net
2026-01-14 16:19:55,436 [ERROR] AdobePublisher:162 - Exception while opening the connection: java.net.UnknownHostException: stmicroelectronics.d3.sc.omtrdc.net
2026-01-14 16:19:55,436 [ERROR] AdobePublisher:162 - Exception while opening the connection: java.net.UnknownHostException: stmicroelectronics.d3.sc.omtrdc.net
2026-01-14 16:19:55,436 [ERROR] AdobePublisher:162 - Exception while opening the connection: java.net.UnknownHostException: stmicroelectronics.d3.sc.omtrdc.net
2026-01-14 16:19:55,437 [ERROR] AdobePublisher:162 - Exception while opening the connection: java.net.UnknownHostException: stmicroelectronics.d3.sc.omtrdc.net
2026-01-14 16:39:27,717 [ERROR] AdobePublisher:162 - Exception while opening the connection: java.net.UnknownHostException: stmicroelectronics.d3.sc.omtrdc.net
2026-01-14 16:39:27,718 [ERROR] AdobePublisher:162 - Exception while opening the connection: java.net.UnknownHostException: stmicroelectronics.d3.sc.omtrdc.net
2026-01-14 16:39:27,718 [ERROR] AdobePublisher:162 - Exception while opening the connection: java.net.UnknownHostException: stmicroelectronics.d3.sc.omtrdc.net
2026-01-14 16:39:27,718 [ERROR] AdobePublisher:162 - Exception while opening the connection: java.net.UnknownHostException: stmicroelectronics.d3.sc.omtrdc.net
2026-01-14 16:39:27,719 [ERROR] AdobePublisher:162 - Exception while opening the connection: java.net.UnknownHostException: stmicroelectronics.d3.sc.omtrdc.net
2026-01-14 16:40:51,759 [ERROR] ConfigurationRetriever:142 - IOException on connection: Read timed out
2026-01-14 16:45:51,257 [ERROR] AdobePublisher:162 - Exception while opening the connection: java.net.UnknownHostException: stmicroelectronics.d3.sc.omtrdc.net
2026-01-14 16:45:51,257 [ERROR] AdobePublisher:162 - Exception while opening the connection: java.net.UnknownHostException: stmicroelectronics.d3.sc.omtrdc.net
2026-01-14 16:45:51,257 [ERROR] AdobePublisher:162 - Exception while opening the connection: java.net.UnknownHostException: stmicroelectronics.d3.sc.omtrdc.net
2026-01-14 16:45:51,257 [ERROR] AdobePublisher:162 - Exception while opening the connection: java.net.UnknownHostException: stmicroelectronics.d3.sc.omtrdc.net
2026-01-14 16:45:51,257 [ERROR] AdobePublisher:162 - Exception while opening the connection: java.net.UnknownHostException: stmicroelectronics.d3.sc.omtrdc.net
2026-01-14 16:45:54,137 [ERROR] AdobePublisher:162 - Exception while opening the connection: java.net.UnknownHostException: stmicroelectronics.d3.sc.omtrdc.net
2026-01-14 16:45:54,137 [ERROR] AdobePublisher:162 - Exception while opening the connection: java.net.UnknownHostException: stmicroelectronics.d3.sc.omtrdc.net
2026-01-14 16:45:54,137 [ERROR] AdobePublisher:162 - Exception while opening the connection: java.net.UnknownHostException: stmicroelectronics.d3.sc.omtrdc.net
2026-01-14 16:45:54,138 [ERROR] AdobePublisher:162 - Exception while opening the connection: java.net.UnknownHostException: stmicroelectronics.d3.sc.omtrdc.net
2026-01-14 16:45:54,138 [ERROR] AdobePublisher:162 - Exception while opening the connection: java.net.UnknownHostException: stmicroelectronics.d3.sc.omtrdc.net
2026-01-14 19:26:56,217 [ERROR] AdobePublisher:162 - Exception while opening the connection: java.net.UnknownHostException: stmicroelectronics.d3.sc.omtrdc.net
2026-01-14 19:26:56,220 [ERROR] AdobePublisher:162 - Exception while opening the connection: java.net.UnknownHostException: stmicroelectronics.d3.sc.omtrdc.net
2026-01-14 19:26:56,220 [ERROR] AdobePublisher:162 - Exception while opening the connection: java.net.UnknownHostException: stmicroelectronics.d3.sc.omtrdc.net
2026-01-14 19:26:56,220 [ERROR] AdobePublisher:162 - Exception while opening the connection: java.net.UnknownHostException: stmicroelectronics.d3.sc.omtrdc.net
2026-01-14 19:26:56,221 [ERROR] AdobePublisher:162 - Exception while opening the connection: java.net.UnknownHostException: stmicroelectronics.d3.sc.omtrdc.net
2026-01-14 21:58:28,875 [ERROR] AdobePublisher:162 - Exception while opening the connection: java.net.UnknownHostException: stmicroelectronics.d3.sc.omtrdc.net
2026-01-14 21:58:28,877 [ERROR] AdobePublisher:162 - Exception while opening the connection: java.net.UnknownHostException: stmicroelectronics.d3.sc.omtrdc.net
2026-01-14 21:58:28,878 [ERROR] AdobePublisher:162 - Exception while opening the connection: java.net.UnknownHostException: stmicroelectronics.d3.sc.omtrdc.net
2026-01-14 21:58:28,878 [ERROR] AdobePublisher:162 - Exception while opening the connection: java.net.UnknownHostException: stmicroelectronics.d3.sc.omtrdc.net
2026-01-14 21:58:28,878 [ERROR] AdobePublisher:162 - Exception while opening the connection: java.net.UnknownHostException: stmicroelectronics.d3.sc.omtrdc.net
2026-01-14 21:58:40,726 [ERROR] LogOutputStream:75 - [STDERR_REDIRECT] 
2026-01-14 21:59:03,576 [INFO] Activator:176 - 


2026-01-14 21:59:03,578 [INFO] Activator:177 - !SESSION log4j initialized
2026-01-14 21:59:08,393 [INFO] LogOutputStream:77 - [STDOUT_REDIRECT] 
2026-01-14 21:59:09,984 [INFO] ApplicationProperties:184 - Using Application install path: C:\ST\STM32CubeIDE_1.18.0\STM32CubeIDE\plugins\com.st.stm32cube.common.mx_6.14.0.202502271554
2026-01-14 21:59:10,000 [INFO] DbMcusXml:78 - Set database path to: C:\ST\STM32CubeIDE_1.18.0\STM32CubeIDE\plugins\com.st.stm32cube.common.mx_6.14.0.202502271554\\db\/mcu/
2026-01-14 21:59:10,000 [INFO] ApiDb:274 - Set plugin database path to: C:\ST\STM32CubeIDE_1.18.0\STM32CubeIDE\plugins\com.st.stm32cube.common.mx_6.14.0.202502271554\\db\/plugins/boardmanager/
2026-01-14 21:59:10,000 [WARN] ApiDb:259 - Overriding images path with different value:  => C:\ST\STM32CubeIDE_1.18.0\STM32CubeIDE\plugins\com.st.stm32cube.common.mx_6.14.0.202502271554\\db\/plugins/mcufinder/images/
2026-01-14 21:59:10,009 [INFO] ApiDb:250 - Set database path to: C:\Users\John.DESKTOP-ACCU4EE\.stmcufinder\plugins\mcufinder//mcu/
2026-01-14 21:59:10,010 [INFO] DbMcusAds:125 - Set database path to: C:\Users\John.DESKTOP-ACCU4EE\.stmcufinder\plugins\mcufinder//mcu/
2026-01-14 21:59:10,012 [INFO] CrossReferenceDbSqlite:203 - Set database path to: C:\Users\John.DESKTOP-ACCU4EE\.stmcufinder\plugins\mcufinder//mcu/cs/
2026-01-14 21:59:10,109 [INFO] RulesReader:64 - Compatibility file has been processed (301 Rules)
2026-01-14 21:59:10,189 [INFO] DbMcusXml:78 - Set database path to: C:\ST\STM32CubeIDE_1.18.0\STM32CubeIDE\plugins\com.st.stm32cube.common.mx_6.14.0.202502271554\\db\/mcu/
2026-01-14 21:59:10,189 [INFO] ApiDb:274 - Set plugin database path to: C:\ST\STM32CubeIDE_1.18.0\STM32CubeIDE\plugins\com.st.stm32cube.common.mx_6.14.0.202502271554\\db\/plugins/boardmanager/
2026-01-14 21:59:10,189 [INFO] ApiDb:261 - Set plugin images path to: C:\ST\STM32CubeIDE_1.18.0\STM32CubeIDE\plugins\com.st.stm32cube.common.mx_6.14.0.202502271554\\db\/plugins/mcufinder/images/
2026-01-14 21:59:10,190 [WARN] DbFile:41 - Overriding database path with different value: C:\Users\John.DESKTOP-ACCU4EE\.stmcufinder\plugins\mcufinder/ => C:\Users\John.DESKTOP-ACCU4EE\.stmcufinder\plugins\mcufinder
2026-01-14 21:59:10,190 [INFO] ApiDb:250 - Set database path to: C:\Users\John.DESKTOP-ACCU4EE\.stmcufinder\plugins\mcufinder//mcu/
2026-01-14 21:59:10,190 [WARN] DbFile:41 - Overriding database path with different value: C:\Users\John.DESKTOP-ACCU4EE\.stmcufinder\plugins\mcufinder/ => C:\Users\John.DESKTOP-ACCU4EE\.stmcufinder\plugins\mcufinder
2026-01-14 21:59:10,190 [INFO] DbMcusAds:125 - Set database path to: C:\Users\John.DESKTOP-ACCU4EE\.stmcufinder\plugins\mcufinder//mcu/
2026-01-14 21:59:10,190 [WARN] DbFile:41 - Overriding database path with different value: C:\Users\John.DESKTOP-ACCU4EE\.stmcufinder\plugins\mcufinder/ => C:\Users\John.DESKTOP-ACCU4EE\.stmcufinder\plugins\mcufinder
2026-01-14 21:59:10,190 [WARN] DbFile:41 - Overriding database path with different value: C:\Users\John.DESKTOP-ACCU4EE\.stmcufinder\plugins\mcufinder/ => C:\Users\John.DESKTOP-ACCU4EE\.stmcufinder\plugins\mcufinder
2026-01-14 21:59:10,190 [INFO] CrossReferenceDbSqlite:203 - Set database path to: C:\Users\John.DESKTOP-ACCU4EE\.stmcufinder\plugins\mcufinder//mcu/cs/
2026-01-14 21:59:10,262 [INFO] MainPanel:272 - HeapMemory: 268435456
2026-01-14 21:59:10,382 [INFO] DbMcusXml:78 - Set database path to: C:\ST\STM32CubeIDE_1.18.0\STM32CubeIDE\plugins\com.st.stm32cube.common.mx_6.14.0.202502271554\\db\/mcu/
2026-01-14 21:59:10,383 [INFO] ApiDb:274 - Set plugin database path to: C:\ST\STM32CubeIDE_1.18.0\STM32CubeIDE\plugins\com.st.stm32cube.common.mx_6.14.0.202502271554\\db\/plugins/boardmanager/
2026-01-14 21:59:10,383 [INFO] ApiDb:261 - Set plugin images path to: C:\ST\STM32CubeIDE_1.18.0\STM32CubeIDE\plugins\com.st.stm32cube.common.mx_6.14.0.202502271554\\db\/plugins/mcufinder/images/
2026-01-14 21:59:10,383 [WARN] DbFile:41 - Overriding database path with different value: C:\Users\John.DESKTOP-ACCU4EE\.stmcufinder\plugins\mcufinder/ => C:\Users\John.DESKTOP-ACCU4EE\.stmcufinder\plugins\mcufinder
2026-01-14 21:59:10,383 [INFO] ApiDb:250 - Set database path to: C:\Users\John.DESKTOP-ACCU4EE\.stmcufinder\plugins\mcufinder//mcu/
2026-01-14 21:59:10,383 [WARN] DbFile:41 - Overriding database path with different value: C:\Users\John.DESKTOP-ACCU4EE\.stmcufinder\plugins\mcufinder/ => C:\Users\John.DESKTOP-ACCU4EE\.stmcufinder\plugins\mcufinder
2026-01-14 21:59:10,383 [INFO] DbMcusAds:125 - Set database path to: C:\Users\John.DESKTOP-ACCU4EE\.stmcufinder\plugins\mcufinder//mcu/
2026-01-14 21:59:10,383 [WARN] DbFile:41 - Overriding database path with different value: C:\Users\John.DESKTOP-ACCU4EE\.stmcufinder\plugins\mcufinder/ => C:\Users\John.DESKTOP-ACCU4EE\.stmcufinder\plugins\mcufinder
2026-01-14 21:59:10,383 [WARN] DbFile:41 - Overriding database path with different value: C:\Users\John.DESKTOP-ACCU4EE\.stmcufinder\plugins\mcufinder/ => C:\Users\John.DESKTOP-ACCU4EE\.stmcufinder\plugins\mcufinder
2026-01-14 21:59:10,383 [INFO] CrossReferenceDbSqlite:203 - Set database path to: C:\Users\John.DESKTOP-ACCU4EE\.stmcufinder\plugins\mcufinder//mcu/cs/
2026-01-14 21:59:10,399 [INFO] ApplicationProperties:184 - Using Application install path: C:\ST\STM32CubeIDE_1.18.0\STM32CubeIDE\plugins\com.st.stm32cube.common.mx_6.14.0.202502271554
2026-01-14 21:59:10,400 [INFO] PluginManage:196 - Search for loadable plugins [exclusion list=, ]
2026-01-14 21:59:10,401 [INFO] PluginManage:310 - Check plugin analytics
2026-01-14 21:59:10,567 [INFO] AnalyticsPlugin:253 - Accepted Software Licenses: 
2026-01-14 21:59:10,567 [INFO] AnalyticsPlugin:255 - Accepted CMSIS Pack Licenses: 
2026-01-14 21:59:10,568 [INFO] AnalyticsPlugin:257 - Accepted Firmware Licenses: 
2026-01-14 21:59:10,579 [INFO] PluginManage:359 - Loaded plugin analytics (category:tool,tabindex:-1)
2026-01-14 21:59:10,580 [INFO] PluginManage:310 - Check plugin cadmodel
2026-01-14 21:59:10,587 [INFO] CADModel:105 - Init CAD model plugin
2026-01-14 21:59:10,588 [INFO] PluginManage:359 - Loaded plugin cadmodel (category:power,tabindex:5)
2026-01-14 21:59:10,588 [INFO] PluginManage:310 - Check plugin clock
2026-01-14 21:59:10,599 [INFO] PluginManage:359 - Loaded plugin clock (category:base,tabindex:2)
2026-01-14 21:59:10,599 [INFO] PluginManage:310 - Check plugin ddr
2026-01-14 21:59:10,601 [INFO] PluginManage:359 - Loaded plugin ddr (category:tool,tabindex:6)
2026-01-14 21:59:10,602 [INFO] PluginManage:310 - Check plugin filemanager
2026-01-14 21:59:10,729 [INFO] PluginManage:359 - Loaded plugin filemanager (category:base,tabindex:10)
2026-01-14 21:59:10,730 [INFO] PluginManage:310 - Check plugin ipmanager
2026-01-14 21:59:10,736 [INFO] PluginManage:359 - Loaded plugin ipmanager (category:base,tabindex:5)
2026-01-14 21:59:10,736 [INFO] PluginManage:310 - Check plugin lpbam
2026-01-14 21:59:10,744 [INFO] PluginManage:359 - Loaded plugin lpbam (category:base,tabindex:0)
2026-01-14 21:59:10,744 [INFO] PluginManage:310 - Check plugin memorymap
2026-01-14 21:59:10,757 [INFO] PluginManage:359 - Loaded plugin memorymap (category:base,tabindex:4)
2026-01-14 21:59:10,758 [INFO] PluginManage:310 - Check plugin pinoutandconfiguration
2026-01-14 21:59:10,766 [INFO] PluginManage:359 - Loaded plugin pinoutandconfiguration (category:base,tabindex:1)
2026-01-14 21:59:10,766 [INFO] PluginManage:310 - Check plugin pinoutconfig
2026-01-14 21:59:10,849 [WARN] SupportedApi:132 - Cannot load RTOS API schema: s4s-elt-must-match.1: The content of 'definitions' must match (annotation?, (simpleType | complexType)?, (unique | key | keyref)*)). A problem was found starting at: attribute.
2026-01-14 21:59:10,972 [INFO] PluginManage:359 - Loaded plugin pinoutconfig (category:base,tabindex:0)
2026-01-14 21:59:10,972 [INFO] PluginManage:310 - Check plugin power
2026-01-14 21:59:10,986 [INFO] PluginManage:359 - Loaded plugin power (category:power,tabindex:4)
2026-01-14 21:59:10,986 [INFO] PluginManage:310 - Check plugin projectmanager
2026-01-14 21:59:11,001 [INFO] PluginManage:359 - Loaded plugin projectmanager (category:projectmanager,tabindex:4)
2026-01-14 21:59:11,001 [INFO] PluginManage:310 - Check plugin rif
2026-01-14 21:59:11,009 [INFO] PluginManage:359 - Loaded plugin rif (category:base,tabindex:3)
2026-01-14 21:59:11,010 [INFO] PluginManage:310 - Check plugin thirdparty
2026-01-14 21:59:11,159 [INFO] PluginManage:359 - Loaded plugin thirdparty (category:base,tabindex:-1)
2026-01-14 21:59:11,159 [INFO] PluginManage:310 - Check plugin tools
2026-01-14 21:59:11,158 [WARN] IntegrityCheckThread:84 - waiting for thirdparty lock release [integrity check]
2026-01-14 21:59:11,159 [INFO] IntegrityCheckThread:86 - entering critical section [integrity check]
2026-01-14 21:59:11,160 [INFO] ThirdPartyUpdaterWithRetryManager:70 - Updater plugin not ready yet. [1/15]
2026-01-14 21:59:11,163 [INFO] PluginManage:359 - Loaded plugin tools (category:base,tabindex:7)
2026-01-14 21:59:11,163 [INFO] PluginManage:310 - Check plugin tutovideos
2026-01-14 21:59:11,324 [INFO] PluginManage:359 - Loaded plugin tutovideos (category:base,tabindex:-1)
2026-01-14 21:59:11,324 [INFO] PluginManage:310 - Check plugin updater
2026-01-14 21:59:11,344 [INFO] PluginManage:359 - Loaded plugin updater (category:base,tabindex:12)
2026-01-14 21:59:11,345 [INFO] PluginManage:310 - Check plugin userauth
2026-01-14 21:59:11,349 [INFO] UserAuth:118 - Init User Auth plugin
2026-01-14 21:59:11,349 [INFO] PluginManage:359 - Loaded plugin userauth (category:base,tabindex:14)
2026-01-14 21:59:11,350 [INFO] PluginManage:283 - PluginManage : Loaded plugins [18]
2026-01-14 21:59:11,541 [INFO] PinOutPanel:1589 - setPackage(No Configuration,No Configuration)
2026-01-14 21:59:11,616 [INFO] CADModel:165 - CPN selected for project level
2026-01-14 21:59:11,616 [INFO] CADModel:114 - Register for checkConnection events
2026-01-14 21:59:11,638 [INFO] IPUIPlugin:80 - create IPUIPlugin
2026-01-14 21:59:11,638 [INFO] PluginManager:220 - loadIPPluginJar : add adc
2026-01-14 21:59:11,642 [INFO] IPUIPlugin:80 - create IPUIPlugin
2026-01-14 21:59:11,642 [INFO] PluginManager:220 - loadIPPluginJar : add aes
2026-01-14 21:59:11,646 [INFO] IPUIPlugin:80 - create IPUIPlugin
2026-01-14 21:59:11,646 [INFO] PluginManager:220 - loadIPPluginJar : add can
2026-01-14 21:59:11,648 [INFO] IPUIPlugin:80 - create IPUIPlugin
2026-01-14 21:59:11,648 [INFO] PluginManager:220 - loadIPPluginJar : add comp
2026-01-14 21:59:11,651 [INFO] IPUIPlugin:80 - create IPUIPlugin
2026-01-14 21:59:11,651 [INFO] PluginManager:220 - loadIPPluginJar : add cryp
2026-01-14 21:59:11,655 [INFO] IPUIPlugin:80 - create IPUIPlugin
2026-01-14 21:59:11,655 [INFO] PluginManager:220 - loadIPPluginJar : add ddr_ctrl_phy
2026-01-14 21:59:11,659 [INFO] IPUIPlugin:80 - create IPUIPlugin
2026-01-14 21:59:11,659 [INFO] PluginManager:220 - loadIPPluginJar : add dfsdm
2026-01-14 21:59:11,664 [INFO] IPUIPlugin:80 - create IPUIPlugin
2026-01-14 21:59:11,665 [INFO] PluginManager:220 - loadIPPluginJar : add dma
2026-01-14 21:59:11,668 [INFO] IPUIPlugin:80 - create IPUIPlugin
2026-01-14 21:59:11,668 [INFO] PluginManager:220 - loadIPPluginJar : add dma3
2026-01-14 21:59:11,671 [INFO] IPUIPlugin:80 - create IPUIPlugin
2026-01-14 21:59:11,671 [INFO] PluginManager:220 - loadIPPluginJar : add extmemmanager
2026-01-14 21:59:11,673 [INFO] IPUIPlugin:80 - create IPUIPlugin
2026-01-14 21:59:11,674 [INFO] PluginManager:220 - loadIPPluginJar : add fatfs
2026-01-14 21:59:11,679 [INFO] IPUIPlugin:80 - create IPUIPlugin
2026-01-14 21:59:11,679 [INFO] PluginManager:220 - loadIPPluginJar : add fmc
2026-01-14 21:59:11,685 [INFO] IPUIPlugin:80 - create IPUIPlugin
2026-01-14 21:59:11,685 [INFO] PluginManager:220 - loadIPPluginJar : add freertos
2026-01-14 21:59:11,687 [INFO] IPUIPlugin:80 - create IPUIPlugin
2026-01-14 21:59:11,687 [INFO] PluginManager:220 - loadIPPluginJar : add genericplugin
2026-01-14 21:59:11,691 [INFO] IPUIPlugin:80 - create IPUIPlugin
2026-01-14 21:59:11,691 [INFO] PluginManager:220 - loadIPPluginJar : add gfxmmu
2026-01-14 21:59:11,696 [INFO] IPUIPlugin:80 - create IPUIPlugin
2026-01-14 21:59:11,696 [INFO] PluginManager:220 - loadIPPluginJar : add gic
2026-01-14 21:59:11,700 [INFO] IPUIPlugin:80 - create IPUIPlugin
2026-01-14 21:59:11,700 [INFO] PluginManager:220 - loadIPPluginJar : add gpio
2026-01-14 21:59:11,704 [INFO] IPUIPlugin:80 - create IPUIPlugin
2026-01-14 21:59:11,704 [INFO] PluginManager:220 - loadIPPluginJar : add gtzc
2026-01-14 21:59:11,707 [INFO] IPUIPlugin:80 - create IPUIPlugin
2026-01-14 21:59:11,708 [INFO] PluginManager:220 - loadIPPluginJar : add hash
2026-01-14 21:59:11,711 [INFO] IPUIPlugin:80 - create IPUIPlugin
2026-01-14 21:59:11,711 [INFO] PluginManager:220 - loadIPPluginJar : add i2c
2026-01-14 21:59:11,714 [INFO] IPUIPlugin:80 - create IPUIPlugin
2026-01-14 21:59:11,715 [INFO] PluginManager:220 - loadIPPluginJar : add i2s
2026-01-14 21:59:11,718 [INFO] IPUIPlugin:80 - create IPUIPlugin
2026-01-14 21:59:11,718 [INFO] PluginManager:220 - loadIPPluginJar : add i3c
2026-01-14 21:59:11,721 [INFO] IPUIPlugin:80 - create IPUIPlugin
2026-01-14 21:59:11,722 [INFO] PluginManager:220 - loadIPPluginJar : add ipddr
2026-01-14 21:59:11,730 [INFO] IPUIPlugin:80 - create IPUIPlugin
2026-01-14 21:59:11,730 [INFO] PluginManager:220 - loadIPPluginJar : add linkedlist
2026-01-14 21:59:11,734 [INFO] IPUIPlugin:80 - create IPUIPlugin
2026-01-14 21:59:11,734 [INFO] PluginManager:220 - loadIPPluginJar : add lorawan
2026-01-14 21:59:11,736 [INFO] IPUIPlugin:80 - create IPUIPlugin
2026-01-14 21:59:11,737 [INFO] PluginManager:220 - loadIPPluginJar : add ltdc
2026-01-14 21:59:11,743 [INFO] IPUIPlugin:80 - create IPUIPlugin
2026-01-14 21:59:11,743 [INFO] PluginManager:220 - loadIPPluginJar : add mdma
2026-01-14 21:59:11,747 [INFO] IPUIPlugin:80 - create IPUIPlugin
2026-01-14 21:59:11,747 [INFO] PluginManager:220 - loadIPPluginJar : add nvic
2026-01-14 21:59:11,750 [INFO] IPUIPlugin:80 - create IPUIPlugin
2026-01-14 21:59:11,750 [INFO] PluginManager:220 - loadIPPluginJar : add opamp
2026-01-14 21:59:11,754 [INFO] IPUIPlugin:80 - create IPUIPlugin
2026-01-14 21:59:11,754 [INFO] PluginManager:220 - loadIPPluginJar : add openamp
2026-01-14 21:59:11,757 [INFO] IPUIPlugin:80 - create IPUIPlugin
2026-01-14 21:59:11,758 [INFO] PluginManager:220 - loadIPPluginJar : add pdm2pcm
2026-01-14 21:59:11,764 [INFO] IPUIPlugin:80 - create IPUIPlugin
2026-01-14 21:59:11,765 [INFO] PluginManager:220 - loadIPPluginJar : add plateformsettings
2026-01-14 21:59:11,767 [INFO] IPUIPlugin:80 - create IPUIPlugin
2026-01-14 21:59:11,767 [INFO] PluginManager:220 - loadIPPluginJar : add quadspi
2026-01-14 21:59:11,770 [INFO] IPUIPlugin:80 - create IPUIPlugin
2026-01-14 21:59:11,770 [INFO] PluginManager:220 - loadIPPluginJar : add radio
2026-01-14 21:59:11,775 [INFO] IPUIPlugin:80 - create IPUIPlugin
2026-01-14 21:59:11,775 [INFO] PluginManager:220 - loadIPPluginJar : add resmgrutility
2026-01-14 21:59:11,778 [INFO] IPUIPlugin:80 - create IPUIPlugin
2026-01-14 21:59:11,778 [INFO] PluginManager:220 - loadIPPluginJar : add sai
2026-01-14 21:59:11,780 [INFO] IPUIPlugin:80 - create IPUIPlugin
2026-01-14 21:59:11,780 [INFO] PluginManager:220 - loadIPPluginJar : add spi
2026-01-14 21:59:11,787 [INFO] IPUIPlugin:80 - create IPUIPlugin
2026-01-14 21:59:11,787 [INFO] PluginManager:220 - loadIPPluginJar : add stm32_wpan
2026-01-14 21:59:11,789 [INFO] IPUIPlugin:80 - create IPUIPlugin
2026-01-14 21:59:11,789 [INFO] PluginManager:220 - loadIPPluginJar : add tim
2026-01-14 21:59:11,793 [INFO] IPUIPlugin:80 - create IPUIPlugin
2026-01-14 21:59:11,793 [INFO] PluginManager:220 - loadIPPluginJar : add touchsensing
2026-01-14 21:59:11,796 [INFO] IPUIPlugin:80 - create IPUIPlugin
2026-01-14 21:59:11,796 [INFO] PluginManager:220 - loadIPPluginJar : add tracer_emb
2026-01-14 21:59:11,798 [INFO] IPUIPlugin:80 - create IPUIPlugin
2026-01-14 21:59:11,798 [INFO] PluginManager:220 - loadIPPluginJar : add ts
2026-01-14 21:59:11,800 [INFO] IPUIPlugin:80 - create IPUIPlugin
2026-01-14 21:59:11,800 [INFO] PluginManager:220 - loadIPPluginJar : add tsc
2026-01-14 21:59:11,803 [INFO] IPUIPlugin:80 - create IPUIPlugin
2026-01-14 21:59:11,803 [INFO] PluginManager:220 - loadIPPluginJar : add ucpd
2026-01-14 21:59:11,806 [INFO] IPUIPlugin:80 - create IPUIPlugin
2026-01-14 21:59:11,806 [INFO] PluginManager:220 - loadIPPluginJar : add usart
2026-01-14 21:59:11,809 [INFO] IPUIPlugin:80 - create IPUIPlugin
2026-01-14 21:59:11,809 [INFO] PluginManager:220 - loadIPPluginJar : add usbx
2026-01-14 21:59:11,932 [FATAL] Updater:351 - Updater called before beeing initialized
2026-01-14 21:59:11,954 [INFO] RulesReader:64 - Compatibility file has been processed (301 Rules)
2026-01-14 21:59:11,962 [INFO] RulesReader:64 - Compatibility file has been processed (301 Rules)
2026-01-14 21:59:11,968 [INFO] CADModel:165 - CPN selected for project level
2026-01-14 21:59:11,968 [INFO] CADModel:114 - Register for checkConnection events
2026-01-14 21:59:11,968 [FATAL] Updater:351 - Updater called before beeing initialized
2026-01-14 21:59:11,968 [ERROR] CADModel:125 - Updater not yet initialized, retry later 
2026-01-14 21:59:12,101 [FATAL] Updater:351 - Updater called before beeing initialized
2026-01-14 21:59:12,104 [INFO] CADModel:165 - CPN selected for project level
2026-01-14 21:59:12,104 [INFO] CADModel:114 - Register for checkConnection events
2026-01-14 21:59:12,104 [FATAL] Updater:351 - Updater called before beeing initialized
2026-01-14 21:59:12,104 [ERROR] CADModel:125 - Updater not yet initialized, retry later 
2026-01-14 21:59:12,107 [FATAL] Updater:351 - Updater called before beeing initialized
2026-01-14 21:59:12,202 [FATAL] Updater:351 - Updater called before beeing initialized
2026-01-14 21:59:12,206 [INFO] DbMcusAds:53 - JSON generation date=Tue Dec 16 08:11:46 KST 2025 (1765840306612)
2026-01-14 21:59:12,206 [FATAL] Updater:351 - Updater called before beeing initialized
2026-01-14 21:59:12,255 [WARN] DetailPanel:346 - Failed to get advertising image, set to default
2026-01-14 21:59:12,469 [FATAL] Updater:351 - Updater called before beeing initialized
2026-01-14 21:59:12,470 [FATAL] Updater:351 - Updater called before beeing initialized
2026-01-14 21:59:12,470 [FATAL] Updater:351 - Updater called before beeing initialized
2026-01-14 21:59:12,470 [WARN] DetailPanel:346 - Failed to get advertising image, set to default
2026-01-14 21:59:12,471 [FATAL] Updater:351 - Updater called before beeing initialized
2026-01-14 21:59:12,580 [ERROR] Updater:1198 - MainUpdater not yet initialized. External WinMGr cannot be set.
2026-01-14 21:59:12,583 [INFO] Updater:1134 - Updater Version found : 6.14.0
2026-01-14 21:59:12,604 [INFO] ApplicationProperties:184 - Using Application install path: C:\ST\STM32CubeIDE_1.18.0\STM32CubeIDE\plugins\com.st.stm32cube.common.mx_6.14.0.202502271554
2026-01-14 21:59:13,234 [INFO] MainUpdater:2872 - connection check result : 10
2026-01-14 21:59:13,235 [INFO] MainUpdater:3566 - Updater definition file requires update
2026-01-14 21:59:13,235 [INFO] MainUpdater:289 - Updater Check For Update Now.
2026-01-14 21:59:13,236 [INFO] MicroXplorer:498 - Change Database Version : DB.6.0.140
2026-01-14 21:59:13,240 [INFO] McuFinderGlobals:63 - Set McuFinder mode to 2 (CubeIDE integrated)
2026-01-14 21:59:13,240 [INFO] UserAuth:171 - activating auth plugin
2026-01-14 21:59:13,242 [INFO] UserAuth:486 - Internet connection configuration mode: 1
2026-01-14 21:59:13,258 [INFO] JxBrowserEngine:152 - Initiate JxBrowser Engine with user profile folder
2026-01-14 21:59:13,445 [INFO] ServerAccessManage:473 - Download File updaters.zip
2026-01-14 21:59:14,039 [INFO] FileExtend:242 - Unzip File : updaters.zip
2026-01-14 21:59:14,040 [INFO] FileExtend:257 - Standard Zip Deflate
2026-01-14 21:59:14,161 [WARN] MainUpdater:1193 - Updater busy. Cannot search thirdparties
2026-01-14 21:59:14,161 [INFO] ThirdPartyUpdaterWithRetryManager:96 - Updater plugin is busy. [1/15]
2026-01-14 21:59:14,780 [INFO] WebApp:169 - Instantiating new browser for Auth
2026-01-14 21:59:14,804 [INFO] ServerAccessManage:473 - Download File PacksControlFlags.xml
2026-01-14 21:59:15,053 [INFO] ServerAccessManage:473 - Download File cubemx.pidx
2026-01-14 21:59:16,034 [INFO] WebApp:463 - Apply proxy settings
2026-01-14 21:59:16,035 [INFO] WebApp:548 - Chromium requires no authentication
2026-01-14 21:59:16,068 [INFO] WebApp:491 - Direct internet connection detected
2026-01-14 21:59:16,131 [INFO] WebApp:894 - Register for checkConnection events
2026-01-14 21:59:16,131 [INFO] WebApp:463 - Apply proxy settings
2026-01-14 21:59:16,131 [INFO] WebApp:548 - Chromium requires no authentication
2026-01-14 21:59:16,132 [INFO] WebApp:491 - Direct internet connection detected
2026-01-14 21:59:16,337 [INFO] ServerAccessManage:473 - Download File STMicroelectronics.X-CUBE-ST67W61.pdsc
2026-01-14 21:59:16,350 [INFO] WebApp:191 - Connection restablished
2026-01-14 21:59:16,461 [INFO] WebApp:225 - Starting web application
2026-01-14 21:59:16,461 [INFO] WebApp:593 - Web application path used C:\ST\STM32CubeIDE_1.18.0\STM32CubeIDE\plugins\com.st.stm32cube.common.mx_6.14.0.202502271554\db\plugins\mcufinder\reactClient1\index.html
2026-01-14 21:59:17,163 [WARN] MainUpdater:1193 - Updater busy. Cannot search thirdparties
2026-01-14 21:59:17,163 [INFO] ThirdPartyUpdaterWithRetryManager:96 - Updater plugin is busy. [2/15]
2026-01-14 21:59:17,249 [WARN] PopulateThirdPartyThread:106 - Error when creating pack: C:/Users/John.DESKTOP-ACCU4EE/.stm32cubemx/thirdparties/pdsc/STMicroelectronics.X-CUBE-ST67W61.pdsc
2026-01-14 21:59:17,249 [INFO] PopulateThirdPartyThread:66 - Ending populate Thread
2026-01-14 21:59:17,249 [INFO] LoadServerUpdatesThread:375 - End of LoadServerUpdate Thread
2026-01-14 21:59:17,391 [INFO] CheckServerUpdateThread:120 - End of CheckServer Thread
2026-01-14 21:59:20,516 [WARN] PackLoader:240 - Cannot read IP mode file for STMicroelectronics.FP-SNS-MOTENVWB1.1.4.0
2026-01-14 21:59:20,525 [WARN] PackLoader:240 - Cannot read IP mode file for STMicroelectronics.FP-ATR-ASTRA1.2.0.2
2026-01-14 21:59:20,534 [WARN] PackLoader:240 - Cannot read IP mode file for STMicroelectronics.X-CUBE-SMBUS.2.1.0
2026-01-14 21:59:20,556 [WARN] PackLoader:240 - Cannot read IP mode file for STMicroelectronics.X-CUBE-AZRTOS-F7.1.1.0
2026-01-14 21:59:20,561 [ERROR] Engine:466 - C:\Users\John.DESKTOP-ACCU4EE\.stm32cubemx\thirdparties\pdsc\STMicroelectronics.FP-SNS-MOTENV1.5.1.0.pdsc: PDSC version is not supported
2026-01-14 21:59:20,563 [ERROR] Engine:466 - C:\Users\John.DESKTOP-ACCU4EE\.stm32cubemx\thirdparties\pdsc\WES.I-CUBE-Cesium.1.4.0.pdsc: PDSC version is not supported
2026-01-14 21:59:20,580 [WARN] PackLoader:240 - Cannot read IP mode file for STMicroelectronics.X-CUBE-AZRTOS-H7.3.4.0
2026-01-14 21:59:20,591 [WARN] PackLoader:240 - Cannot read IP mode file for STMicroelectronics.X-CUBE-DISPLAY.3.0.0
2026-01-14 21:59:20,602 [WARN] PackLoader:240 - Cannot read IP mode file for STMicroelectronics.X-CUBE-NFC10.1.0.0
2026-01-14 21:59:20,609 [WARN] PackLoader:240 - Cannot read IP mode file for STMicroelectronics.X-CUBE-ST60.1.1.0
2026-01-14 21:59:20,615 [WARN] PackLoader:240 - Cannot read IP mode file for emotas.I-CUBE-CANOPEN.1.3.0
2026-01-14 21:59:20,622 [WARN] PackLoader:240 - Cannot read IP mode file for STMicroelectronics.X-CUBE-GNSS1.7.1.0
2026-01-14 21:59:20,627 [ERROR] Engine:466 - C:\Users\John.DESKTOP-ACCU4EE\.stm32cubemx\thirdparties\pdsc\STMicroelectronics.FP-SNS-STBOX1.2.1.0.pdsc: PDSC version is not supported
2026-01-14 21:59:20,631 [WARN] PackLoader:240 - Cannot read IP mode file for STMicroelectronics.FP-SNS-SMARTAG2.1.2.0
2026-01-14 21:59:20,636 [WARN] PackLoader:240 - Cannot read IP mode file for STMicroelectronics.FP-SNS-FLIGHT1.5.1.0
2026-01-14 21:59:20,645 [INFO] LogOutputStream:77 - [STDOUT_REDIRECT] 1 : Invalid condition id : UX_CORESTACK_Condition cause : null
2026-01-14 21:59:20,646 [INFO] LogOutputStream:77 - [STDOUT_REDIRECT] 1 : Invalid condition id : UX_CORESTACK_Condition cause : null
2026-01-14 21:59:20,647 [INFO] LogOutputStream:77 - [STDOUT_REDIRECT] 1 : Invalid condition id : UX_CORESTACK_Condition cause : null
2026-01-14 21:59:20,648 [INFO] LogOutputStream:77 - [STDOUT_REDIRECT] 1 : Invalid condition id : UX_CORESTACK_Condition cause : null
2026-01-14 21:59:20,649 [INFO] LogOutputStream:77 - [STDOUT_REDIRECT] 1 : Invalid condition id : UX_CORESTACK_Condition cause : null
2026-01-14 21:59:20,653 [WARN] PackLoader:240 - Cannot read IP mode file for STMicroelectronics.X-CUBE-AZRTOS-WL.2.0.0
2026-01-14 21:59:20,668 [WARN] PackLoader:240 - Cannot read IP mode file for STMicroelectronics.X-CUBE-AZRTOS-H7RS.1.2.0
2026-01-14 21:59:20,677 [WARN] PackLoader:240 - Cannot read IP mode file for STMicroelectronics.X-CUBE-BLE2.3.3.0
2026-01-14 21:59:20,712 [WARN] PackLoader:240 - Cannot read IP mode file for Infineon.AIROC-Wi-Fi-Bluetooth-STM32.1.8.0
2026-01-14 21:59:20,722 [WARN] PackLoader:240 - Cannot read IP mode file for STMicroelectronics.X-CUBE-NFC9.1.0.0
2026-01-14 21:59:20,729 [WARN] PackLoader:240 - Cannot read IP mode file for STMicroelectronics.X-CUBE-BLE1.7.1.0
2026-01-14 21:59:20,733 [WARN] PackLoader:240 - Cannot read IP mode file for wolfSSL.I-CUBE-wolfMQTT.1.19.2
2026-01-14 21:59:20,736 [ERROR] Engine:466 - C:\Users\John.DESKTOP-ACCU4EE\.stm32cubemx\thirdparties\pdsc\STMicroelectronics.X-CUBE-FREERTOS.1.4.0.pdsc: PDSC version is not supported
2026-01-14 21:59:20,742 [WARN] PackLoader:240 - Cannot read IP mode file for STMicroelectronics.X-CUBE-EEPRMA1.5.2.0
2026-01-14 21:59:20,747 [WARN] PackLoader:240 - Cannot read IP mode file for wolfSSL.I-CUBE-wolfSSL.5.8.4
2026-01-14 21:59:20,751 [WARN] PackLoader:240 - Cannot read IP mode file for Cesanta.I-CUBE-Mongoose.7.20.0
2026-01-14 21:59:20,755 [ERROR] Engine:466 - C:\Users\John.DESKTOP-ACCU4EE\.stm32cubemx\thirdparties\pdsc\STMicroelectronics.X-CUBE-ST67W61.1.1.0.pdsc: PDSC version is not supported
2026-01-14 21:59:20,785 [WARN] PackLoader:240 - Cannot read IP mode file for STMicroelectronics.X-CUBE-MEMS1.12.0.0
2026-01-14 21:59:20,876 [WARN] PackLoader:240 - Cannot read IP mode file for STMicroelectronics.X-CUBE-AZRTOS-G0.1.1.0
2026-01-14 21:59:20,883 [WARN] PackLoader:240 - Cannot read IP mode file for STMicroelectronics.X-CUBE-NFC4.3.0.0
2026-01-14 21:59:20,892 [WARN] PackLoader:240 - Cannot read IP mode file for EmbeddedOffice.I-CUBE-FS-RTOS.1.0.1
2026-01-14 21:59:20,898 [WARN] PackLoader:240 - Cannot read IP mode file for STMicroelectronics.X-CUBE-WB05N.2.0.0
2026-01-14 21:59:20,903 [WARN] PackLoader:240 - Cannot read IP mode file for wolfSSL.I-CUBE-wolfTPM.3.8.0
2026-01-14 21:59:20,909 [WARN] PackLoader:240 - Cannot read IP mode file for STMicroelectronics.X-CUBE-TCPP.4.2.0
2026-01-14 21:59:20,916 [WARN] PackLoader:240 - Cannot read IP mode file for RealThread.X-CUBE-RT-Thread_Nano.4.1.1
2026-01-14 21:59:20,922 [WARN] PackLoader:240 - Cannot read IP mode file for STMicroelectronics.FP-ATR-SIGFOX1.3.2.0
2026-01-14 21:59:20,928 [WARN] PackLoader:240 - Cannot read IP mode file for ITTIA_DB.I-CUBE-ITTIADB.8.9.0
2026-01-14 21:59:20,933 [WARN] PackLoader:240 - Cannot read IP mode file for STMicroelectronics.X-CUBE-AI.10.2.0
2026-01-14 21:59:20,956 [WARN] PackLoader:240 - Cannot read IP mode file for SEGGER.I-CUBE-embOS.1.3.1
2026-01-14 21:59:20,991 [WARN] PackLoader:240 - Cannot read IP mode file for STMicroelectronics.X-CUBE-ALGOBUILD.1.4.0
2026-01-14 21:59:20,997 [WARN] PackLoader:240 - Cannot read IP mode file for STMicroelectronics.X-CUBE-PM33A1.1.0.0
2026-01-14 21:59:21,010 [WARN] PackLoader:240 - Cannot read IP mode file for STMicroelectronics.X-CUBE-AZRTOS-F4.1.1.0
2026-01-14 21:59:21,016 [WARN] PackLoader:240 - Cannot read IP mode file for STMicroelectronics.X-CUBE-ISPU.2.1.0
2026-01-14 21:59:21,022 [ERROR] Engine:466 - C:\Users\John.DESKTOP-ACCU4EE\.stm32cubemx\thirdparties\pdsc\STMicroelectronics.X-CUBE-IPS.3.2.0.pdsc: PDSC version is not supported
2026-01-14 21:59:21,027 [WARN] PackLoader:240 - Cannot read IP mode file for STMicroelectronics.X-CUBE-NFC12.1.0.0
2026-01-14 21:59:21,042 [WARN] PackLoader:240 - Cannot read IP mode file for STMicroelectronics.X-CUBE-AZRTOS-L5.2.0.0
2026-01-14 21:59:21,049 [WARN] PackLoader:240 - Cannot read IP mode file for STMicroelectronics.X-CUBE-NFC6.3.1.0
2026-01-14 21:59:21,056 [WARN] PackLoader:240 - Cannot read IP mode file for STMicroelectronics.X-CUBE-TOUCHGFX.4.26.0
2026-01-14 21:59:21,061 [WARN] PackLoader:240 - Cannot read IP mode file for STMicroelectronics.FP-SNS-STAIOTCFT.1.0.0
2026-01-14 21:59:21,066 [WARN] PackLoader:240 - Cannot read IP mode file for STMicroelectronics.X-CUBE-DPower.1.3.0
2026-01-14 21:59:21,077 [WARN] ConditionMgr:438 - getConditionDescription Invalid condition id : LAN8742 Phy interface Condition cause : null
2026-01-14 21:59:21,077 [WARN] PackLoader:240 - Cannot read IP mode file for STMicroelectronics.X-CUBE-AZRTOS-L4.2.0.0
2026-01-14 21:59:21,078 [WARN] ConditionMgr:1044 - genDependencies : Invalid condition id : LAN8742 Phy interface Condition cause : null
2026-01-14 21:59:21,078 [WARN] ConditionMgr:1044 - genDependencies : Invalid condition id : LAN8742 Phy interface Condition cause : null
2026-01-14 21:59:21,079 [WARN] ConditionMgr:1044 - genDependencies : Invalid condition id : LAN8742 Phy interface Condition cause : null
2026-01-14 21:59:21,084 [WARN] PackLoader:240 - Cannot read IP mode file for STMicroelectronics.X-CUBE-SFXS2LP1.4.0.0
2026-01-14 21:59:21,088 [ERROR] Engine:466 - C:\Users\John.DESKTOP-ACCU4EE\.stm32cubemx\thirdparties\pdsc\STMicroelectronics.X-CUBE-ST67W61.1.2.0.pdsc: PDSC version is not supported
2026-01-14 21:59:21,095 [WARN] PackLoader:240 - Cannot read IP mode file for STMicroelectronics.X-CUBE-BLEMGR.4.1.0
2026-01-14 21:59:21,121 [WARN] ConditionMgr:438 - getConditionDescription Invalid condition id : UX DEVICE CLASS RTOS Condition cause : null
2026-01-14 21:59:21,121 [WARN] ConditionMgr:438 - getConditionDescription Invalid condition id : UX DEVICE CLASS RTOS Condition cause : null
2026-01-14 21:59:21,123 [WARN] PackLoader:240 - Cannot read IP mode file for STMicroelectronics.X-CUBE-AZRTOS-WB.2.0.0
2026-01-14 21:59:21,124 [WARN] ConditionMgr:1044 - genDependencies : Invalid condition id : UX DEVICE CLASS RTOS Condition cause : null
2026-01-14 21:59:21,124 [WARN] ConditionMgr:1044 - genDependencies : Invalid condition id : UX DEVICE CLASS RTOS Condition cause : null
2026-01-14 21:59:21,124 [WARN] ConditionMgr:1044 - genDependencies : Invalid condition id : UX DEVICE CLASS RTOS Condition cause : null
2026-01-14 21:59:21,124 [WARN] ConditionMgr:1044 - genDependencies : Invalid condition id : UX DEVICE CLASS RTOS Condition cause : null
2026-01-14 21:59:21,124 [WARN] ConditionMgr:1044 - genDependencies : Invalid condition id : UX DEVICE CLASS RTOS Condition cause : null
2026-01-14 21:59:21,130 [WARN] ConditionMgr:438 - getConditionDescription Invalid condition id : Cortex-A Device cause : null
2026-01-14 21:59:21,138 [WARN] ConditionMgr:1044 - genDependencies : Invalid condition id : Cortex-A Device cause : null
2026-01-14 21:59:21,138 [WARN] ConditionMgr:1044 - genDependencies : Invalid condition id : Cortex-A Device cause : null
2026-01-14 21:59:21,138 [WARN] ConditionMgr:1044 - genDependencies : Invalid condition id : Cortex-A Device cause : null
2026-01-14 21:59:21,147 [WARN] PackLoader:240 - Cannot read IP mode file for STMicroelectronics.X-CUBE-SUBG2.5.0.0
2026-01-14 21:59:21,165 [WARN] PackLoader:240 - Cannot read IP mode file for STMicroelectronics.X-CUBE-AZRTOS-G4.2.0.0
2026-01-14 21:59:21,171 [WARN] PackLoader:240 - Cannot read IP mode file for wolfSSL.I-CUBE-wolfSSH.1.4.20
2026-01-14 21:59:21,185 [WARN] PackLoader:240 - Cannot read IP mode file for STMicroelectronics.X-CUBE-NFC7.2.0.0
2026-01-14 21:59:21,191 [WARN] PackLoader:240 - Cannot read IP mode file for STMicroelectronics.X-CUBE-ALS.1.0.2
2026-01-14 21:59:21,198 [WARN] PackLoader:240 - Cannot read IP mode file for STMicroelectronics.X-CUBE-STSE01.1.0.0
2026-01-14 21:59:21,211 [WARN] PackLoader:240 - Cannot read IP mode file for STMicroelectronics.X-CUBE-TOF1.3.4.3
2026-01-14 21:59:21,220 [INFO] ThirdParty:978 - Integrity check success = true
2026-01-14 21:59:21,220 [INFO] IntegrityCheckThread:100 - exiting critical section [integrity check]
2026-01-14 21:59:21,221 [INFO] IntegrityCheckThread:103 - End integrity checks thread
2026-01-14 21:59:48,871 [ERROR] AdobePublisher:162 - Exception while opening the connection: java.net.UnknownHostException: stmicroelectronics.d3.sc.omtrdc.net
2026-01-14 21:59:48,871 [ERROR] AdobePublisher:162 - Exception while opening the connection: java.net.UnknownHostException: stmicroelectronics.d3.sc.omtrdc.net
2026-01-14 21:59:48,872 [ERROR] AdobePublisher:162 - Exception while opening the connection: java.net.UnknownHostException: stmicroelectronics.d3.sc.omtrdc.net
2026-01-14 21:59:48,872 [ERROR] AdobePublisher:162 - Exception while opening the connection: java.net.UnknownHostException: stmicroelectronics.d3.sc.omtrdc.net
2026-01-14 21:59:48,872 [ERROR] AdobePublisher:162 - Exception while opening the connection: java.net.UnknownHostException: stmicroelectronics.d3.sc.omtrdc.net
2026-01-14 22:00:08,985 [ERROR] AdobePublisher:162 - Exception while opening the connection: java.net.UnknownHostException: stmicroelectronics.d3.sc.omtrdc.net
2026-01-14 22:00:08,985 [ERROR] AdobePublisher:162 - Exception while opening the connection: java.net.UnknownHostException: stmicroelectronics.d3.sc.omtrdc.net
2026-01-14 22:00:08,986 [ERROR] AdobePublisher:162 - Exception while opening the connection: java.net.UnknownHostException: stmicroelectronics.d3.sc.omtrdc.net
2026-01-14 22:00:08,986 [ERROR] AdobePublisher:162 - Exception while opening the connection: java.net.UnknownHostException: stmicroelectronics.d3.sc.omtrdc.net
2026-01-14 22:00:08,986 [ERROR] AdobePublisher:162 - Exception while opening the connection: java.net.UnknownHostException: stmicroelectronics.d3.sc.omtrdc.net
2026-01-14 22:00:23,250 [ERROR] AdobePublisher:162 - Exception while opening the connection: java.net.UnknownHostException: stmicroelectronics.d3.sc.omtrdc.net
2026-01-14 22:00:23,250 [ERROR] AdobePublisher:162 - Exception while opening the connection: java.net.UnknownHostException: stmicroelectronics.d3.sc.omtrdc.net
2026-01-14 22:00:23,250 [ERROR] AdobePublisher:162 - Exception while opening the connection: java.net.UnknownHostException: stmicroelectronics.d3.sc.omtrdc.net
2026-01-14 22:00:23,250 [ERROR] AdobePublisher:162 - Exception while opening the connection: java.net.UnknownHostException: stmicroelectronics.d3.sc.omtrdc.net
2026-01-14 22:00:23,250 [ERROR] AdobePublisher:162 - Exception while opening the connection: java.net.UnknownHostException: stmicroelectronics.d3.sc.omtrdc.net
2026-01-14 22:00:30,941 [ERROR] AdobePublisher:162 - Exception while opening the connection: java.net.UnknownHostException: stmicroelectronics.d3.sc.omtrdc.net
2026-01-14 22:00:30,941 [ERROR] AdobePublisher:162 - Exception while opening the connection: java.net.UnknownHostException: stmicroelectronics.d3.sc.omtrdc.net
2026-01-14 22:00:30,942 [ERROR] AdobePublisher:162 - Exception while opening the connection: java.net.UnknownHostException: stmicroelectronics.d3.sc.omtrdc.net
2026-01-14 22:00:30,942 [ERROR] AdobePublisher:162 - Exception while opening the connection: java.net.UnknownHostException: stmicroelectronics.d3.sc.omtrdc.net
2026-01-14 22:00:30,942 [ERROR] AdobePublisher:162 - Exception while opening the connection: java.net.UnknownHostException: stmicroelectronics.d3.sc.omtrdc.net
2026-01-14 22:00:30,970 [ERROR] AdobePublisher:162 - Exception while opening the connection: java.net.UnknownHostException: stmicroelectronics.d3.sc.omtrdc.net
2026-01-14 22:00:30,971 [ERROR] AdobePublisher:162 - Exception while opening the connection: java.net.UnknownHostException: stmicroelectronics.d3.sc.omtrdc.net
2026-01-14 22:00:30,971 [ERROR] AdobePublisher:162 - Exception while opening the connection: java.net.UnknownHostException: stmicroelectronics.d3.sc.omtrdc.net
2026-01-14 22:00:30,971 [ERROR] AdobePublisher:162 - Exception while opening the connection: java.net.UnknownHostException: stmicroelectronics.d3.sc.omtrdc.net
2026-01-14 22:00:30,972 [ERROR] AdobePublisher:162 - Exception while opening the connection: java.net.UnknownHostException: stmicroelectronics.d3.sc.omtrdc.net
2026-01-14 22:00:31,525 [ERROR] LogOutputStream:75 - [STDERR_REDIRECT] 
