2026-02-26 14:47:16,708 [INFO] Activator:176 - 


2026-02-26 14:47:16,712 [INFO] Activator:177 - !SESSION log4j initialized
2026-02-26 14:47:21,020 [INFO] LogOutputStream:77 - [STDOUT_REDIRECT] 
2026-02-26 14:47:22,667 [INFO] ApplicationProperties:184 - Using Application install path: C:\ST\STM32CubeIDE_1.18.0\STM32CubeIDE\plugins\com.st.stm32cube.common.mx_6.14.0.202502271554
2026-02-26 14:47:22,689 [INFO] DbMcusXml:78 - Set database path to: C:\ST\STM32CubeIDE_1.18.0\STM32CubeIDE\plugins\com.st.stm32cube.common.mx_6.14.0.202502271554\\db\/mcu/
2026-02-26 14:47:22,689 [INFO] ApiDb:274 - Set plugin database path to: C:\ST\STM32CubeIDE_1.18.0\STM32CubeIDE\plugins\com.st.stm32cube.common.mx_6.14.0.202502271554\\db\/plugins/boardmanager/
2026-02-26 14:47:22,690 [WARN] ApiDb:259 - Overriding images path with different value:  => C:\ST\STM32CubeIDE_1.18.0\STM32CubeIDE\plugins\com.st.stm32cube.common.mx_6.14.0.202502271554\\db\/plugins/mcufinder/images/
2026-02-26 14:47:22,700 [INFO] ApiDb:250 - Set database path to: C:\Users\John.DESKTOP-ACCU4EE\.stmcufinder\plugins\mcufinder//mcu/
2026-02-26 14:47:22,701 [INFO] DbMcusAds:125 - Set database path to: C:\Users\John.DESKTOP-ACCU4EE\.stmcufinder\plugins\mcufinder//mcu/
2026-02-26 14:47:22,704 [INFO] CrossReferenceDbSqlite:203 - Set database path to: C:\Users\John.DESKTOP-ACCU4EE\.stmcufinder\plugins\mcufinder//mcu/cs/
2026-02-26 14:47:22,806 [INFO] RulesReader:64 - Compatibility file has been processed (301 Rules)
2026-02-26 14:47:22,887 [INFO] DbMcusXml:78 - Set database path to: C:\ST\STM32CubeIDE_1.18.0\STM32CubeIDE\plugins\com.st.stm32cube.common.mx_6.14.0.202502271554\\db\/mcu/
2026-02-26 14:47:22,887 [INFO] ApiDb:274 - Set plugin database path to: C:\ST\STM32CubeIDE_1.18.0\STM32CubeIDE\plugins\com.st.stm32cube.common.mx_6.14.0.202502271554\\db\/plugins/boardmanager/
2026-02-26 14:47:22,887 [INFO] ApiDb:261 - Set plugin images path to: C:\ST\STM32CubeIDE_1.18.0\STM32CubeIDE\plugins\com.st.stm32cube.common.mx_6.14.0.202502271554\\db\/plugins/mcufinder/images/
2026-02-26 14:47:22,887 [WARN] DbFile:41 - Overriding database path with different value: C:\Users\John.DESKTOP-ACCU4EE\.stmcufinder\plugins\mcufinder/ => C:\Users\John.DESKTOP-ACCU4EE\.stmcufinder\plugins\mcufinder
2026-02-26 14:47:22,887 [INFO] ApiDb:250 - Set database path to: C:\Users\John.DESKTOP-ACCU4EE\.stmcufinder\plugins\mcufinder//mcu/
2026-02-26 14:47:22,887 [WARN] DbFile:41 - Overriding database path with different value: C:\Users\John.DESKTOP-ACCU4EE\.stmcufinder\plugins\mcufinder/ => C:\Users\John.DESKTOP-ACCU4EE\.stmcufinder\plugins\mcufinder
2026-02-26 14:47:22,887 [INFO] DbMcusAds:125 - Set database path to: C:\Users\John.DESKTOP-ACCU4EE\.stmcufinder\plugins\mcufinder//mcu/
2026-02-26 14:47:22,887 [WARN] DbFile:41 - Overriding database path with different value: C:\Users\John.DESKTOP-ACCU4EE\.stmcufinder\plugins\mcufinder/ => C:\Users\John.DESKTOP-ACCU4EE\.stmcufinder\plugins\mcufinder
2026-02-26 14:47:22,887 [WARN] DbFile:41 - Overriding database path with different value: C:\Users\John.DESKTOP-ACCU4EE\.stmcufinder\plugins\mcufinder/ => C:\Users\John.DESKTOP-ACCU4EE\.stmcufinder\plugins\mcufinder
2026-02-26 14:47:22,887 [INFO] CrossReferenceDbSqlite:203 - Set database path to: C:\Users\John.DESKTOP-ACCU4EE\.stmcufinder\plugins\mcufinder//mcu/cs/
2026-02-26 14:47:22,959 [INFO] MainPanel:272 - HeapMemory: 268435456
2026-02-26 14:47:23,070 [INFO] DbMcusXml:78 - Set database path to: C:\ST\STM32CubeIDE_1.18.0\STM32CubeIDE\plugins\com.st.stm32cube.common.mx_6.14.0.202502271554\\db\/mcu/
2026-02-26 14:47:23,070 [INFO] ApiDb:274 - Set plugin database path to: C:\ST\STM32CubeIDE_1.18.0\STM32CubeIDE\plugins\com.st.stm32cube.common.mx_6.14.0.202502271554\\db\/plugins/boardmanager/
2026-02-26 14:47:23,070 [INFO] ApiDb:261 - Set plugin images path to: C:\ST\STM32CubeIDE_1.18.0\STM32CubeIDE\plugins\com.st.stm32cube.common.mx_6.14.0.202502271554\\db\/plugins/mcufinder/images/
2026-02-26 14:47:23,070 [WARN] DbFile:41 - Overriding database path with different value: C:\Users\John.DESKTOP-ACCU4EE\.stmcufinder\plugins\mcufinder/ => C:\Users\John.DESKTOP-ACCU4EE\.stmcufinder\plugins\mcufinder
2026-02-26 14:47:23,070 [INFO] ApiDb:250 - Set database path to: C:\Users\John.DESKTOP-ACCU4EE\.stmcufinder\plugins\mcufinder//mcu/
2026-02-26 14:47:23,070 [WARN] DbFile:41 - Overriding database path with different value: C:\Users\John.DESKTOP-ACCU4EE\.stmcufinder\plugins\mcufinder/ => C:\Users\John.DESKTOP-ACCU4EE\.stmcufinder\plugins\mcufinder
2026-02-26 14:47:23,070 [INFO] DbMcusAds:125 - Set database path to: C:\Users\John.DESKTOP-ACCU4EE\.stmcufinder\plugins\mcufinder//mcu/
2026-02-26 14:47:23,071 [WARN] DbFile:41 - Overriding database path with different value: C:\Users\John.DESKTOP-ACCU4EE\.stmcufinder\plugins\mcufinder/ => C:\Users\John.DESKTOP-ACCU4EE\.stmcufinder\plugins\mcufinder
2026-02-26 14:47:23,071 [WARN] DbFile:41 - Overriding database path with different value: C:\Users\John.DESKTOP-ACCU4EE\.stmcufinder\plugins\mcufinder/ => C:\Users\John.DESKTOP-ACCU4EE\.stmcufinder\plugins\mcufinder
2026-02-26 14:47:23,071 [INFO] CrossReferenceDbSqlite:203 - Set database path to: C:\Users\John.DESKTOP-ACCU4EE\.stmcufinder\plugins\mcufinder//mcu/cs/
2026-02-26 14:47:23,086 [INFO] ApplicationProperties:184 - Using Application install path: C:\ST\STM32CubeIDE_1.18.0\STM32CubeIDE\plugins\com.st.stm32cube.common.mx_6.14.0.202502271554
2026-02-26 14:47:23,087 [INFO] PluginManage:196 - Search for loadable plugins [exclusion list=, ]
2026-02-26 14:47:23,090 [INFO] PluginManage:310 - Check plugin analytics
2026-02-26 14:47:23,251 [INFO] AnalyticsPlugin:253 - Accepted Software Licenses: 
2026-02-26 14:47:23,251 [INFO] AnalyticsPlugin:255 - Accepted CMSIS Pack Licenses: 
2026-02-26 14:47:23,251 [INFO] AnalyticsPlugin:257 - Accepted Firmware Licenses: 
2026-02-26 14:47:23,254 [INFO] PluginManage:359 - Loaded plugin analytics (category:tool,tabindex:-1)
2026-02-26 14:47:23,255 [INFO] PluginManage:310 - Check plugin cadmodel
2026-02-26 14:47:23,262 [INFO] CADModel:105 - Init CAD model plugin
2026-02-26 14:47:23,262 [INFO] PluginManage:359 - Loaded plugin cadmodel (category:power,tabindex:5)
2026-02-26 14:47:23,262 [INFO] PluginManage:310 - Check plugin clock
2026-02-26 14:47:23,272 [INFO] PluginManage:359 - Loaded plugin clock (category:base,tabindex:2)
2026-02-26 14:47:23,273 [INFO] PluginManage:310 - Check plugin ddr
2026-02-26 14:47:23,275 [INFO] PluginManage:359 - Loaded plugin ddr (category:tool,tabindex:6)
2026-02-26 14:47:23,275 [INFO] PluginManage:310 - Check plugin filemanager
2026-02-26 14:47:23,409 [INFO] PluginManage:359 - Loaded plugin filemanager (category:base,tabindex:10)
2026-02-26 14:47:23,410 [INFO] PluginManage:310 - Check plugin ipmanager
2026-02-26 14:47:23,415 [INFO] PluginManage:359 - Loaded plugin ipmanager (category:base,tabindex:5)
2026-02-26 14:47:23,416 [INFO] PluginManage:310 - Check plugin lpbam
2026-02-26 14:47:23,423 [INFO] PluginManage:359 - Loaded plugin lpbam (category:base,tabindex:0)
2026-02-26 14:47:23,423 [INFO] PluginManage:310 - Check plugin memorymap
2026-02-26 14:47:23,436 [INFO] PluginManage:359 - Loaded plugin memorymap (category:base,tabindex:4)
2026-02-26 14:47:23,436 [INFO] PluginManage:310 - Check plugin pinoutandconfiguration
2026-02-26 14:47:23,444 [INFO] PluginManage:359 - Loaded plugin pinoutandconfiguration (category:base,tabindex:1)
2026-02-26 14:47:23,445 [INFO] PluginManage:310 - Check plugin pinoutconfig
2026-02-26 14:47:23,528 [WARN] SupportedApi:132 - Cannot load RTOS API schema: s4s-elt-must-match.1: The content of 'definitions' must match (annotation?, (simpleType | complexType)?, (unique | key | keyref)*)). A problem was found starting at: attribute.
2026-02-26 14:47:23,651 [INFO] PluginManage:359 - Loaded plugin pinoutconfig (category:base,tabindex:0)
2026-02-26 14:47:23,651 [INFO] PluginManage:310 - Check plugin power
2026-02-26 14:47:23,663 [INFO] PluginManage:359 - Loaded plugin power (category:power,tabindex:4)
2026-02-26 14:47:23,663 [INFO] PluginManage:310 - Check plugin projectmanager
2026-02-26 14:47:23,679 [INFO] PluginManage:359 - Loaded plugin projectmanager (category:projectmanager,tabindex:4)
2026-02-26 14:47:23,679 [INFO] PluginManage:310 - Check plugin rif
2026-02-26 14:47:23,691 [INFO] PluginManage:359 - Loaded plugin rif (category:base,tabindex:3)
2026-02-26 14:47:23,691 [INFO] PluginManage:310 - Check plugin thirdparty
2026-02-26 14:47:23,830 [WARN] IntegrityCheckThread:84 - waiting for thirdparty lock release [integrity check]
2026-02-26 14:47:23,830 [INFO] PluginManage:359 - Loaded plugin thirdparty (category:base,tabindex:-1)
2026-02-26 14:47:23,831 [INFO] IntegrityCheckThread:86 - entering critical section [integrity check]
2026-02-26 14:47:23,831 [INFO] PluginManage:310 - Check plugin tools
2026-02-26 14:47:23,831 [INFO] ThirdPartyUpdaterWithRetryManager:70 - Updater plugin not ready yet. [1/15]
2026-02-26 14:47:23,834 [INFO] PluginManage:359 - Loaded plugin tools (category:base,tabindex:7)
2026-02-26 14:47:23,834 [INFO] PluginManage:310 - Check plugin tutovideos
2026-02-26 14:47:23,994 [INFO] PluginManage:359 - Loaded plugin tutovideos (category:base,tabindex:-1)
2026-02-26 14:47:23,994 [INFO] PluginManage:310 - Check plugin updater
2026-02-26 14:47:24,013 [INFO] PluginManage:359 - Loaded plugin updater (category:base,tabindex:12)
2026-02-26 14:47:24,013 [INFO] PluginManage:310 - Check plugin userauth
2026-02-26 14:47:24,017 [INFO] UserAuth:118 - Init User Auth plugin
2026-02-26 14:47:24,018 [INFO] PluginManage:359 - Loaded plugin userauth (category:base,tabindex:14)
2026-02-26 14:47:24,018 [INFO] PluginManage:283 - PluginManage : Loaded plugins [18]
2026-02-26 14:47:24,201 [INFO] PinOutPanel:1589 - setPackage(No Configuration,No Configuration)
2026-02-26 14:47:24,291 [INFO] CADModel:165 - CPN selected for project level
2026-02-26 14:47:24,291 [INFO] CADModel:114 - Register for checkConnection events
2026-02-26 14:47:24,313 [INFO] IPUIPlugin:80 - create IPUIPlugin
2026-02-26 14:47:24,313 [INFO] PluginManager:220 - loadIPPluginJar : add adc
2026-02-26 14:47:24,316 [INFO] IPUIPlugin:80 - create IPUIPlugin
2026-02-26 14:47:24,317 [INFO] PluginManager:220 - loadIPPluginJar : add aes
2026-02-26 14:47:24,320 [INFO] IPUIPlugin:80 - create IPUIPlugin
2026-02-26 14:47:24,320 [INFO] PluginManager:220 - loadIPPluginJar : add can
2026-02-26 14:47:24,322 [INFO] IPUIPlugin:80 - create IPUIPlugin
2026-02-26 14:47:24,323 [INFO] PluginManager:220 - loadIPPluginJar : add comp
2026-02-26 14:47:24,326 [INFO] IPUIPlugin:80 - create IPUIPlugin
2026-02-26 14:47:24,326 [INFO] PluginManager:220 - loadIPPluginJar : add cryp
2026-02-26 14:47:24,330 [INFO] IPUIPlugin:80 - create IPUIPlugin
2026-02-26 14:47:24,330 [INFO] PluginManager:220 - loadIPPluginJar : add ddr_ctrl_phy
2026-02-26 14:47:24,334 [INFO] IPUIPlugin:80 - create IPUIPlugin
2026-02-26 14:47:24,334 [INFO] PluginManager:220 - loadIPPluginJar : add dfsdm
2026-02-26 14:47:24,339 [INFO] IPUIPlugin:80 - create IPUIPlugin
2026-02-26 14:47:24,340 [INFO] PluginManager:220 - loadIPPluginJar : add dma
2026-02-26 14:47:24,343 [INFO] IPUIPlugin:80 - create IPUIPlugin
2026-02-26 14:47:24,343 [INFO] PluginManager:220 - loadIPPluginJar : add dma3
2026-02-26 14:47:24,347 [INFO] IPUIPlugin:80 - create IPUIPlugin
2026-02-26 14:47:24,348 [INFO] PluginManager:220 - loadIPPluginJar : add extmemmanager
2026-02-26 14:47:24,350 [INFO] IPUIPlugin:80 - create IPUIPlugin
2026-02-26 14:47:24,350 [INFO] PluginManager:220 - loadIPPluginJar : add fatfs
2026-02-26 14:47:24,355 [INFO] IPUIPlugin:80 - create IPUIPlugin
2026-02-26 14:47:24,355 [INFO] PluginManager:220 - loadIPPluginJar : add fmc
2026-02-26 14:47:24,361 [INFO] IPUIPlugin:80 - create IPUIPlugin
2026-02-26 14:47:24,362 [INFO] PluginManager:220 - loadIPPluginJar : add freertos
2026-02-26 14:47:24,364 [INFO] IPUIPlugin:80 - create IPUIPlugin
2026-02-26 14:47:24,364 [INFO] PluginManager:220 - loadIPPluginJar : add genericplugin
2026-02-26 14:47:24,367 [INFO] IPUIPlugin:80 - create IPUIPlugin
2026-02-26 14:47:24,368 [INFO] PluginManager:220 - loadIPPluginJar : add gfxmmu
2026-02-26 14:47:24,374 [INFO] IPUIPlugin:80 - create IPUIPlugin
2026-02-26 14:47:24,374 [INFO] PluginManager:220 - loadIPPluginJar : add gic
2026-02-26 14:47:24,379 [INFO] IPUIPlugin:80 - create IPUIPlugin
2026-02-26 14:47:24,379 [INFO] PluginManager:220 - loadIPPluginJar : add gpio
2026-02-26 14:47:24,384 [INFO] IPUIPlugin:80 - create IPUIPlugin
2026-02-26 14:47:24,384 [INFO] PluginManager:220 - loadIPPluginJar : add gtzc
2026-02-26 14:47:24,388 [INFO] IPUIPlugin:80 - create IPUIPlugin
2026-02-26 14:47:24,388 [INFO] PluginManager:220 - loadIPPluginJar : add hash
2026-02-26 14:47:24,392 [INFO] IPUIPlugin:80 - create IPUIPlugin
2026-02-26 14:47:24,392 [INFO] PluginManager:220 - loadIPPluginJar : add i2c
2026-02-26 14:47:24,395 [INFO] IPUIPlugin:80 - create IPUIPlugin
2026-02-26 14:47:24,396 [INFO] PluginManager:220 - loadIPPluginJar : add i2s
2026-02-26 14:47:24,400 [INFO] IPUIPlugin:80 - create IPUIPlugin
2026-02-26 14:47:24,400 [INFO] PluginManager:220 - loadIPPluginJar : add i3c
2026-02-26 14:47:24,405 [INFO] IPUIPlugin:80 - create IPUIPlugin
2026-02-26 14:47:24,406 [INFO] PluginManager:220 - loadIPPluginJar : add ipddr
2026-02-26 14:47:24,416 [INFO] IPUIPlugin:80 - create IPUIPlugin
2026-02-26 14:47:24,416 [INFO] PluginManager:220 - loadIPPluginJar : add linkedlist
2026-02-26 14:47:24,421 [INFO] IPUIPlugin:80 - create IPUIPlugin
2026-02-26 14:47:24,421 [INFO] PluginManager:220 - loadIPPluginJar : add lorawan
2026-02-26 14:47:24,423 [INFO] IPUIPlugin:80 - create IPUIPlugin
2026-02-26 14:47:24,423 [INFO] PluginManager:220 - loadIPPluginJar : add ltdc
2026-02-26 14:47:24,431 [INFO] IPUIPlugin:80 - create IPUIPlugin
2026-02-26 14:47:24,431 [INFO] PluginManager:220 - loadIPPluginJar : add mdma
2026-02-26 14:47:24,436 [INFO] IPUIPlugin:80 - create IPUIPlugin
2026-02-26 14:47:24,436 [INFO] PluginManager:220 - loadIPPluginJar : add nvic
2026-02-26 14:47:24,440 [INFO] IPUIPlugin:80 - create IPUIPlugin
2026-02-26 14:47:24,440 [INFO] PluginManager:220 - loadIPPluginJar : add opamp
2026-02-26 14:47:24,445 [INFO] IPUIPlugin:80 - create IPUIPlugin
2026-02-26 14:47:24,446 [INFO] PluginManager:220 - loadIPPluginJar : add openamp
2026-02-26 14:47:24,450 [INFO] IPUIPlugin:80 - create IPUIPlugin
2026-02-26 14:47:24,450 [INFO] PluginManager:220 - loadIPPluginJar : add pdm2pcm
2026-02-26 14:47:24,456 [INFO] IPUIPlugin:80 - create IPUIPlugin
2026-02-26 14:47:24,458 [INFO] PluginManager:220 - loadIPPluginJar : add plateformsettings
2026-02-26 14:47:24,460 [INFO] IPUIPlugin:80 - create IPUIPlugin
2026-02-26 14:47:24,461 [INFO] PluginManager:220 - loadIPPluginJar : add quadspi
2026-02-26 14:47:24,463 [INFO] IPUIPlugin:80 - create IPUIPlugin
2026-02-26 14:47:24,464 [INFO] PluginManager:220 - loadIPPluginJar : add radio
2026-02-26 14:47:24,468 [INFO] IPUIPlugin:80 - create IPUIPlugin
2026-02-26 14:47:24,468 [INFO] PluginManager:220 - loadIPPluginJar : add resmgrutility
2026-02-26 14:47:24,472 [INFO] IPUIPlugin:80 - create IPUIPlugin
2026-02-26 14:47:24,472 [INFO] PluginManager:220 - loadIPPluginJar : add sai
2026-02-26 14:47:24,475 [INFO] IPUIPlugin:80 - create IPUIPlugin
2026-02-26 14:47:24,475 [INFO] PluginManager:220 - loadIPPluginJar : add spi
2026-02-26 14:47:24,482 [INFO] IPUIPlugin:80 - create IPUIPlugin
2026-02-26 14:47:24,482 [INFO] PluginManager:220 - loadIPPluginJar : add stm32_wpan
2026-02-26 14:47:24,484 [INFO] IPUIPlugin:80 - create IPUIPlugin
2026-02-26 14:47:24,484 [INFO] PluginManager:220 - loadIPPluginJar : add tim
2026-02-26 14:47:24,488 [INFO] IPUIPlugin:80 - create IPUIPlugin
2026-02-26 14:47:24,488 [INFO] PluginManager:220 - loadIPPluginJar : add touchsensing
2026-02-26 14:47:24,491 [INFO] IPUIPlugin:80 - create IPUIPlugin
2026-02-26 14:47:24,491 [INFO] PluginManager:220 - loadIPPluginJar : add tracer_emb
2026-02-26 14:47:24,494 [INFO] IPUIPlugin:80 - create IPUIPlugin
2026-02-26 14:47:24,494 [INFO] PluginManager:220 - loadIPPluginJar : add ts
2026-02-26 14:47:24,497 [INFO] IPUIPlugin:80 - create IPUIPlugin
2026-02-26 14:47:24,497 [INFO] PluginManager:220 - loadIPPluginJar : add tsc
2026-02-26 14:47:24,500 [INFO] IPUIPlugin:80 - create IPUIPlugin
2026-02-26 14:47:24,500 [INFO] PluginManager:220 - loadIPPluginJar : add ucpd
2026-02-26 14:47:24,503 [INFO] IPUIPlugin:80 - create IPUIPlugin
2026-02-26 14:47:24,503 [INFO] PluginManager:220 - loadIPPluginJar : add usart
2026-02-26 14:47:24,507 [INFO] IPUIPlugin:80 - create IPUIPlugin
2026-02-26 14:47:24,507 [INFO] PluginManager:220 - loadIPPluginJar : add usbx
2026-02-26 14:47:24,631 [FATAL] Updater:351 - Updater called before beeing initialized
2026-02-26 14:47:24,657 [INFO] RulesReader:64 - Compatibility file has been processed (301 Rules)
2026-02-26 14:47:24,666 [INFO] RulesReader:64 - Compatibility file has been processed (301 Rules)
2026-02-26 14:47:24,673 [INFO] CADModel:165 - CPN selected for project level
2026-02-26 14:47:24,673 [INFO] CADModel:114 - Register for checkConnection events
2026-02-26 14:47:24,673 [FATAL] Updater:351 - Updater called before beeing initialized
2026-02-26 14:47:24,673 [ERROR] CADModel:125 - Updater not yet initialized, retry later 
2026-02-26 14:47:24,798 [FATAL] Updater:351 - Updater called before beeing initialized
2026-02-26 14:47:24,799 [INFO] CADModel:165 - CPN selected for project level
2026-02-26 14:47:24,800 [INFO] CADModel:114 - Register for checkConnection events
2026-02-26 14:47:24,800 [FATAL] Updater:351 - Updater called before beeing initialized
2026-02-26 14:47:24,800 [ERROR] CADModel:125 - Updater not yet initialized, retry later 
2026-02-26 14:47:24,802 [FATAL] Updater:351 - Updater called before beeing initialized
2026-02-26 14:47:24,899 [FATAL] Updater:351 - Updater called before beeing initialized
2026-02-26 14:47:24,902 [INFO] DbMcusAds:53 - JSON generation date=Fri Jan 09 00:57:51 KST 2026 (1767887871456)
2026-02-26 14:47:24,903 [FATAL] Updater:351 - Updater called before beeing initialized
2026-02-26 14:47:24,939 [WARN] DetailPanel:346 - Failed to get advertising image, set to default
2026-02-26 14:47:25,108 [FATAL] Updater:351 - Updater called before beeing initialized
2026-02-26 14:47:25,109 [FATAL] Updater:351 - Updater called before beeing initialized
2026-02-26 14:47:25,110 [FATAL] Updater:351 - Updater called before beeing initialized
2026-02-26 14:47:25,110 [WARN] DetailPanel:346 - Failed to get advertising image, set to default
2026-02-26 14:47:25,110 [FATAL] Updater:351 - Updater called before beeing initialized
2026-02-26 14:47:25,150 [ERROR] Updater:1198 - MainUpdater not yet initialized. External WinMGr cannot be set.
2026-02-26 14:47:25,153 [INFO] Updater:1134 - Updater Version found : 6.14.0
2026-02-26 14:47:25,172 [INFO] ApplicationProperties:184 - Using Application install path: C:\ST\STM32CubeIDE_1.18.0\STM32CubeIDE\plugins\com.st.stm32cube.common.mx_6.14.0.202502271554
2026-02-26 14:47:25,507 [INFO] MainUpdater:2872 - connection check result : 10
2026-02-26 14:47:25,508 [INFO] MainUpdater:3566 - Updater definition file requires update
2026-02-26 14:47:25,508 [INFO] MainUpdater:289 - Updater Check For Update Now.
2026-02-26 14:47:25,509 [INFO] MicroXplorer:498 - Change Database Version : DB.6.0.140
2026-02-26 14:47:25,513 [INFO] McuFinderGlobals:63 - Set McuFinder mode to 2 (CubeIDE integrated)
2026-02-26 14:47:25,514 [INFO] UserAuth:171 - activating auth plugin
2026-02-26 14:47:25,516 [INFO] UserAuth:486 - Internet connection configuration mode: 1
2026-02-26 14:47:25,531 [INFO] JxBrowserEngine:152 - Initiate JxBrowser Engine with user profile folder
2026-02-26 14:47:25,552 [INFO] ServerAccessManage:473 - Download File updaters.zip
2026-02-26 14:47:25,700 [INFO] FileExtend:242 - Unzip File : updaters.zip
2026-02-26 14:47:25,700 [INFO] FileExtend:257 - Standard Zip Deflate
2026-02-26 14:47:26,093 [INFO] ServerAccessManage:473 - Download File PacksControlFlags.xml
2026-02-26 14:47:26,176 [INFO] ServerAccessManage:473 - Download File cubemx.pidx
2026-02-26 14:47:26,500 [INFO] ServerAccessManage:473 - Download File STMicroelectronics.FP-SNS-MOTENVWB1.pdsc
2026-02-26 14:47:26,836 [WARN] MainUpdater:1193 - Updater busy. Cannot search thirdparties
2026-02-26 14:47:26,836 [INFO] ThirdPartyUpdaterWithRetryManager:96 - Updater plugin is busy. [1/15]
2026-02-26 14:47:27,529 [INFO] WebApp:169 - Instantiating new browser for Auth
2026-02-26 14:47:28,145 [WARN] PopulateThirdPartyThread:106 - Error when creating pack: C:/Users/John.DESKTOP-ACCU4EE/.stm32cubemx/thirdparties/pdsc/STMicroelectronics.FP-SNS-MOTENVWB1.pdsc
2026-02-26 14:47:28,145 [INFO] PopulateThirdPartyThread:66 - Ending populate Thread
2026-02-26 14:47:28,145 [INFO] LoadServerUpdatesThread:375 - End of LoadServerUpdate Thread
2026-02-26 14:47:28,291 [INFO] CheckServerUpdateThread:120 - End of CheckServer Thread
2026-02-26 14:47:28,572 [INFO] WebApp:463 - Apply proxy settings
2026-02-26 14:47:28,572 [INFO] WebApp:548 - Chromium requires no authentication
2026-02-26 14:47:28,598 [INFO] WebApp:491 - Direct internet connection detected
2026-02-26 14:47:28,667 [INFO] WebApp:894 - Register for checkConnection events
2026-02-26 14:47:28,667 [INFO] WebApp:463 - Apply proxy settings
2026-02-26 14:47:28,667 [INFO] WebApp:548 - Chromium requires no authentication
2026-02-26 14:47:28,667 [INFO] WebApp:491 - Direct internet connection detected
2026-02-26 14:47:28,971 [INFO] WebApp:191 - Connection restablished
2026-02-26 14:47:29,006 [INFO] WebApp:225 - Starting web application
2026-02-26 14:47:29,006 [INFO] WebApp:593 - Web application path used C:\ST\STM32CubeIDE_1.18.0\STM32CubeIDE\plugins\com.st.stm32cube.common.mx_6.14.0.202502271554\db\plugins\mcufinder\reactClient1\index.html
2026-02-26 14:47:30,076 [WARN] PackLoader:240 - Cannot read IP mode file for STMicroelectronics.FP-SNS-MOTENVWB1.1.4.0
2026-02-26 14:47:30,084 [WARN] PackLoader:240 - Cannot read IP mode file for STMicroelectronics.FP-ATR-ASTRA1.2.0.2
2026-02-26 14:47:30,091 [WARN] PackLoader:240 - Cannot read IP mode file for STMicroelectronics.X-CUBE-SMBUS.2.1.0
2026-02-26 14:47:30,107 [WARN] PackLoader:240 - Cannot read IP mode file for STMicroelectronics.X-CUBE-AZRTOS-F7.1.1.0
2026-02-26 14:47:30,112 [ERROR] Engine:466 - C:\Users\John.DESKTOP-ACCU4EE\.stm32cubemx\thirdparties\pdsc\STMicroelectronics.FP-SNS-MOTENV1.5.1.0.pdsc: PDSC version is not supported
2026-02-26 14:47:30,114 [ERROR] Engine:466 - C:\Users\John.DESKTOP-ACCU4EE\.stm32cubemx\thirdparties\pdsc\WES.I-CUBE-Cesium.1.4.0.pdsc: PDSC version is not supported
2026-02-26 14:47:30,129 [WARN] PackLoader:240 - Cannot read IP mode file for STMicroelectronics.X-CUBE-AZRTOS-H7.3.4.0
2026-02-26 14:47:30,137 [WARN] PackLoader:240 - Cannot read IP mode file for STMicroelectronics.X-CUBE-DISPLAY.3.0.0
2026-02-26 14:47:30,141 [ERROR] Engine:466 - C:\Users\John.DESKTOP-ACCU4EE\.stm32cubemx\thirdparties\pdsc\STMicroelectronics.FP-SNS-MOTENVWB1.1.5.0.pdsc: PDSC version is not supported
2026-02-26 14:47:30,148 [WARN] PackLoader:240 - Cannot read IP mode file for STMicroelectronics.X-CUBE-NFC10.1.0.0
2026-02-26 14:47:30,155 [WARN] PackLoader:240 - Cannot read IP mode file for STMicroelectronics.X-CUBE-ST60.1.1.0
2026-02-26 14:47:30,161 [WARN] PackLoader:240 - Cannot read IP mode file for emotas.I-CUBE-CANOPEN.1.3.0
2026-02-26 14:47:30,168 [WARN] PackLoader:240 - Cannot read IP mode file for STMicroelectronics.X-CUBE-GNSS1.7.1.0
2026-02-26 14:47:30,173 [ERROR] Engine:466 - C:\Users\John.DESKTOP-ACCU4EE\.stm32cubemx\thirdparties\pdsc\STMicroelectronics.FP-SNS-STBOX1.2.1.0.pdsc: PDSC version is not supported
2026-02-26 14:47:30,177 [WARN] PackLoader:240 - Cannot read IP mode file for STMicroelectronics.FP-SNS-SMARTAG2.1.2.0
2026-02-26 14:47:30,181 [WARN] PackLoader:240 - Cannot read IP mode file for STMicroelectronics.FP-SNS-FLIGHT1.5.1.0
2026-02-26 14:47:30,188 [INFO] LogOutputStream:77 - [STDOUT_REDIRECT] 1 : Invalid condition id : UX_CORESTACK_Condition cause : null
2026-02-26 14:47:30,188 [INFO] LogOutputStream:77 - [STDOUT_REDIRECT] 1 : Invalid condition id : UX_CORESTACK_Condition cause : null
2026-02-26 14:47:30,189 [INFO] LogOutputStream:77 - [STDOUT_REDIRECT] 1 : Invalid condition id : UX_CORESTACK_Condition cause : null
2026-02-26 14:47:30,189 [INFO] LogOutputStream:77 - [STDOUT_REDIRECT] 1 : Invalid condition id : UX_CORESTACK_Condition cause : null
2026-02-26 14:47:30,190 [INFO] LogOutputStream:77 - [STDOUT_REDIRECT] 1 : Invalid condition id : UX_CORESTACK_Condition cause : null
2026-02-26 14:47:30,192 [WARN] PackLoader:240 - Cannot read IP mode file for STMicroelectronics.X-CUBE-AZRTOS-WL.2.0.0
2026-02-26 14:47:30,204 [WARN] PackLoader:240 - Cannot read IP mode file for STMicroelectronics.X-CUBE-AZRTOS-H7RS.1.2.0
2026-02-26 14:47:30,210 [WARN] PackLoader:240 - Cannot read IP mode file for STMicroelectronics.X-CUBE-BLE2.3.3.0
2026-02-26 14:47:30,238 [WARN] PackLoader:240 - Cannot read IP mode file for Infineon.AIROC-Wi-Fi-Bluetooth-STM32.1.8.0
2026-02-26 14:47:30,246 [WARN] PackLoader:240 - Cannot read IP mode file for STMicroelectronics.X-CUBE-NFC9.1.0.0
2026-02-26 14:47:30,250 [WARN] PackLoader:240 - Cannot read IP mode file for STMicroelectronics.X-CUBE-BLE1.7.1.0
2026-02-26 14:47:30,254 [WARN] PackLoader:240 - Cannot read IP mode file for wolfSSL.I-CUBE-wolfMQTT.1.19.2
2026-02-26 14:47:30,257 [ERROR] Engine:466 - C:\Users\John.DESKTOP-ACCU4EE\.stm32cubemx\thirdparties\pdsc\STMicroelectronics.X-CUBE-FREERTOS.1.4.0.pdsc: PDSC version is not supported
2026-02-26 14:47:30,261 [WARN] PackLoader:240 - Cannot read IP mode file for STMicroelectronics.X-CUBE-EEPRMA1.5.2.0
2026-02-26 14:47:30,266 [WARN] PackLoader:240 - Cannot read IP mode file for wolfSSL.I-CUBE-wolfSSL.5.8.4
2026-02-26 14:47:30,272 [WARN] PackLoader:240 - Cannot read IP mode file for Cesanta.I-CUBE-Mongoose.7.20.0
2026-02-26 14:47:30,275 [ERROR] Engine:466 - C:\Users\John.DESKTOP-ACCU4EE\.stm32cubemx\thirdparties\pdsc\STMicroelectronics.X-CUBE-ST67W61.1.1.0.pdsc: PDSC version is not supported
2026-02-26 14:47:30,297 [WARN] PackLoader:240 - Cannot read IP mode file for STMicroelectronics.X-CUBE-MEMS1.12.0.0
2026-02-26 14:47:30,346 [WARN] PackLoader:240 - Cannot read IP mode file for STMicroelectronics.X-CUBE-AZRTOS-G0.1.1.0
2026-02-26 14:47:30,350 [WARN] PackLoader:240 - Cannot read IP mode file for STMicroelectronics.X-CUBE-NFC4.3.0.0
2026-02-26 14:47:30,357 [WARN] PackLoader:240 - Cannot read IP mode file for EmbeddedOffice.I-CUBE-FS-RTOS.1.0.1
2026-02-26 14:47:30,361 [WARN] PackLoader:240 - Cannot read IP mode file for STMicroelectronics.X-CUBE-WB05N.2.0.0
2026-02-26 14:47:30,364 [WARN] PackLoader:240 - Cannot read IP mode file for wolfSSL.I-CUBE-wolfTPM.3.8.0
2026-02-26 14:47:30,371 [WARN] PackLoader:240 - Cannot read IP mode file for STMicroelectronics.X-CUBE-TCPP.4.2.0
2026-02-26 14:47:30,375 [WARN] PackLoader:240 - Cannot read IP mode file for RealThread.X-CUBE-RT-Thread_Nano.4.1.1
2026-02-26 14:47:30,378 [WARN] PackLoader:240 - Cannot read IP mode file for STMicroelectronics.FP-ATR-SIGFOX1.3.2.0
2026-02-26 14:47:30,383 [WARN] PackLoader:240 - Cannot read IP mode file for ITTIA_DB.I-CUBE-ITTIADB.8.9.0
2026-02-26 14:47:30,390 [WARN] PackLoader:240 - Cannot read IP mode file for STMicroelectronics.X-CUBE-NFC6.3.2.0
2026-02-26 14:47:30,394 [WARN] PackLoader:240 - Cannot read IP mode file for STMicroelectronics.X-CUBE-AI.10.2.0
2026-02-26 14:47:30,409 [WARN] PackLoader:240 - Cannot read IP mode file for SEGGER.I-CUBE-embOS.1.3.1
2026-02-26 14:47:30,426 [WARN] PackLoader:240 - Cannot read IP mode file for STMicroelectronics.X-CUBE-ALGOBUILD.1.4.0
2026-02-26 14:47:30,430 [WARN] PackLoader:240 - Cannot read IP mode file for STMicroelectronics.X-CUBE-PM33A1.1.0.0
2026-02-26 14:47:30,447 [WARN] PackLoader:240 - Cannot read IP mode file for STMicroelectronics.X-CUBE-AZRTOS-F4.1.1.0
2026-02-26 14:47:30,451 [WARN] PackLoader:240 - Cannot read IP mode file for STMicroelectronics.X-CUBE-ISPU.2.1.0
2026-02-26 14:47:30,455 [ERROR] Engine:466 - C:\Users\John.DESKTOP-ACCU4EE\.stm32cubemx\thirdparties\pdsc\STMicroelectronics.X-CUBE-IPS.3.2.0.pdsc: PDSC version is not supported
2026-02-26 14:47:30,459 [WARN] PackLoader:240 - Cannot read IP mode file for STMicroelectronics.X-CUBE-NFC12.1.0.0
2026-02-26 14:47:30,468 [WARN] PackLoader:240 - Cannot read IP mode file for STMicroelectronics.X-CUBE-AZRTOS-L5.2.0.0
2026-02-26 14:47:30,474 [WARN] PackLoader:240 - Cannot read IP mode file for STMicroelectronics.X-CUBE-NFC6.3.1.0
2026-02-26 14:47:30,479 [WARN] PackLoader:240 - Cannot read IP mode file for STMicroelectronics.X-CUBE-TOUCHGFX.4.26.0
2026-02-26 14:47:30,483 [WARN] PackLoader:240 - Cannot read IP mode file for STMicroelectronics.FP-SNS-STAIOTCFT.1.0.0
2026-02-26 14:47:30,489 [WARN] PackLoader:240 - Cannot read IP mode file for STMicroelectronics.X-CUBE-DPower.1.3.0
2026-02-26 14:47:30,498 [WARN] ConditionMgr:438 - getConditionDescription Invalid condition id : LAN8742 Phy interface Condition cause : null
2026-02-26 14:47:30,499 [WARN] PackLoader:240 - Cannot read IP mode file for STMicroelectronics.X-CUBE-AZRTOS-L4.2.0.0
2026-02-26 14:47:30,500 [WARN] ConditionMgr:1044 - genDependencies : Invalid condition id : LAN8742 Phy interface Condition cause : null
2026-02-26 14:47:30,500 [WARN] ConditionMgr:1044 - genDependencies : Invalid condition id : LAN8742 Phy interface Condition cause : null
2026-02-26 14:47:30,500 [WARN] ConditionMgr:1044 - genDependencies : Invalid condition id : LAN8742 Phy interface Condition cause : null
2026-02-26 14:47:30,507 [WARN] PackLoader:240 - Cannot read IP mode file for STMicroelectronics.X-CUBE-SFXS2LP1.4.0.0
2026-02-26 14:47:30,510 [ERROR] Engine:466 - C:\Users\John.DESKTOP-ACCU4EE\.stm32cubemx\thirdparties\pdsc\STMicroelectronics.X-CUBE-ST67W61.1.2.0.pdsc: PDSC version is not supported
2026-02-26 14:47:30,516 [WARN] PackLoader:240 - Cannot read IP mode file for STMicroelectronics.X-CUBE-BLEMGR.4.1.0
2026-02-26 14:47:30,525 [WARN] ConditionMgr:438 - getConditionDescription Invalid condition id : UX DEVICE CLASS RTOS Condition cause : null
2026-02-26 14:47:30,525 [WARN] ConditionMgr:438 - getConditionDescription Invalid condition id : UX DEVICE CLASS RTOS Condition cause : null
2026-02-26 14:47:30,526 [WARN] PackLoader:240 - Cannot read IP mode file for STMicroelectronics.X-CUBE-AZRTOS-WB.2.0.0
2026-02-26 14:47:30,527 [WARN] ConditionMgr:1044 - genDependencies : Invalid condition id : UX DEVICE CLASS RTOS Condition cause : null
2026-02-26 14:47:30,527 [WARN] ConditionMgr:1044 - genDependencies : Invalid condition id : UX DEVICE CLASS RTOS Condition cause : null
2026-02-26 14:47:30,527 [WARN] ConditionMgr:1044 - genDependencies : Invalid condition id : UX DEVICE CLASS RTOS Condition cause : null
2026-02-26 14:47:30,527 [WARN] ConditionMgr:1044 - genDependencies : Invalid condition id : UX DEVICE CLASS RTOS Condition cause : null
2026-02-26 14:47:30,527 [WARN] ConditionMgr:1044 - genDependencies : Invalid condition id : UX DEVICE CLASS RTOS Condition cause : null
2026-02-26 14:47:30,531 [WARN] ConditionMgr:438 - getConditionDescription Invalid condition id : Cortex-A Device cause : null
2026-02-26 14:47:30,535 [WARN] ConditionMgr:1044 - genDependencies : Invalid condition id : Cortex-A Device cause : null
2026-02-26 14:47:30,535 [WARN] ConditionMgr:1044 - genDependencies : Invalid condition id : Cortex-A Device cause : null
2026-02-26 14:47:30,535 [WARN] ConditionMgr:1044 - genDependencies : Invalid condition id : Cortex-A Device cause : null
2026-02-26 14:47:30,542 [WARN] PackLoader:240 - Cannot read IP mode file for STMicroelectronics.X-CUBE-STSE01.2.0.0
2026-02-26 14:47:30,549 [WARN] PackLoader:240 - Cannot read IP mode file for STMicroelectronics.X-CUBE-SUBG2.5.0.0
2026-02-26 14:47:30,559 [WARN] PackLoader:240 - Cannot read IP mode file for STMicroelectronics.X-CUBE-AZRTOS-G4.2.0.0
2026-02-26 14:47:30,563 [WARN] PackLoader:240 - Cannot read IP mode file for wolfSSL.I-CUBE-wolfSSH.1.4.20
2026-02-26 14:47:30,566 [WARN] PackLoader:240 - Cannot read IP mode file for STMicroelectronics.X-CUBE-NFC7.2.0.0
2026-02-26 14:47:30,571 [WARN] PackLoader:240 - Cannot read IP mode file for STMicroelectronics.X-CUBE-ALS.1.0.2
2026-02-26 14:47:30,576 [WARN] PackLoader:240 - Cannot read IP mode file for STMicroelectronics.X-CUBE-STSE01.1.0.0
2026-02-26 14:47:30,582 [WARN] PackLoader:240 - Cannot read IP mode file for STMicroelectronics.X-CUBE-TOF1.3.4.3
2026-02-26 14:47:30,588 [INFO] ThirdParty:978 - Integrity check success = true
2026-02-26 14:47:30,589 [INFO] IntegrityCheckThread:100 - exiting critical section [integrity check]
2026-02-26 14:47:30,589 [INFO] IntegrityCheckThread:103 - End integrity checks thread
