2026-02-11 20:22:58,490 [INFO] Activator:176 - 


2026-02-11 20:22:58,494 [INFO] Activator:177 - !SESSION log4j initialized
2026-02-11 20:23:02,383 [INFO] LogOutputStream:77 - [STDOUT_REDIRECT] 
2026-02-11 20:23:03,842 [INFO] ApplicationProperties:184 - Using Application install path: C:\ST\STM32CubeIDE_1.18.0\STM32CubeIDE\plugins\com.st.stm32cube.common.mx_6.14.0.202502271554
2026-02-11 20:23:03,860 [INFO] DbMcusXml:78 - Set database path to: C:\ST\STM32CubeIDE_1.18.0\STM32CubeIDE\plugins\com.st.stm32cube.common.mx_6.14.0.202502271554\\db\/mcu/
2026-02-11 20:23:03,861 [INFO] ApiDb:274 - Set plugin database path to: C:\ST\STM32CubeIDE_1.18.0\STM32CubeIDE\plugins\com.st.stm32cube.common.mx_6.14.0.202502271554\\db\/plugins/boardmanager/
2026-02-11 20:23:03,861 [WARN] ApiDb:259 - Overriding images path with different value:  => C:\ST\STM32CubeIDE_1.18.0\STM32CubeIDE\plugins\com.st.stm32cube.common.mx_6.14.0.202502271554\\db\/plugins/mcufinder/images/
2026-02-11 20:23:03,870 [INFO] ApiDb:250 - Set database path to: C:\Users\John.DESKTOP-ACCU4EE\.stmcufinder\plugins\mcufinder//mcu/
2026-02-11 20:23:03,872 [INFO] DbMcusAds:125 - Set database path to: C:\Users\John.DESKTOP-ACCU4EE\.stmcufinder\plugins\mcufinder//mcu/
2026-02-11 20:23:03,875 [INFO] CrossReferenceDbSqlite:203 - Set database path to: C:\Users\John.DESKTOP-ACCU4EE\.stmcufinder\plugins\mcufinder//mcu/cs/
2026-02-11 20:23:03,976 [INFO] RulesReader:64 - Compatibility file has been processed (301 Rules)
2026-02-11 20:23:04,053 [INFO] DbMcusXml:78 - Set database path to: C:\ST\STM32CubeIDE_1.18.0\STM32CubeIDE\plugins\com.st.stm32cube.common.mx_6.14.0.202502271554\\db\/mcu/
2026-02-11 20:23:04,053 [INFO] ApiDb:274 - Set plugin database path to: C:\ST\STM32CubeIDE_1.18.0\STM32CubeIDE\plugins\com.st.stm32cube.common.mx_6.14.0.202502271554\\db\/plugins/boardmanager/
2026-02-11 20:23:04,054 [INFO] ApiDb:261 - Set plugin images path to: C:\ST\STM32CubeIDE_1.18.0\STM32CubeIDE\plugins\com.st.stm32cube.common.mx_6.14.0.202502271554\\db\/plugins/mcufinder/images/
2026-02-11 20:23:04,054 [WARN] DbFile:41 - Overriding database path with different value: C:\Users\John.DESKTOP-ACCU4EE\.stmcufinder\plugins\mcufinder/ => C:\Users\John.DESKTOP-ACCU4EE\.stmcufinder\plugins\mcufinder
2026-02-11 20:23:04,054 [INFO] ApiDb:250 - Set database path to: C:\Users\John.DESKTOP-ACCU4EE\.stmcufinder\plugins\mcufinder//mcu/
2026-02-11 20:23:04,054 [WARN] DbFile:41 - Overriding database path with different value: C:\Users\John.DESKTOP-ACCU4EE\.stmcufinder\plugins\mcufinder/ => C:\Users\John.DESKTOP-ACCU4EE\.stmcufinder\plugins\mcufinder
2026-02-11 20:23:04,055 [INFO] DbMcusAds:125 - Set database path to: C:\Users\John.DESKTOP-ACCU4EE\.stmcufinder\plugins\mcufinder//mcu/
2026-02-11 20:23:04,055 [WARN] DbFile:41 - Overriding database path with different value: C:\Users\John.DESKTOP-ACCU4EE\.stmcufinder\plugins\mcufinder/ => C:\Users\John.DESKTOP-ACCU4EE\.stmcufinder\plugins\mcufinder
2026-02-11 20:23:04,055 [WARN] DbFile:41 - Overriding database path with different value: C:\Users\John.DESKTOP-ACCU4EE\.stmcufinder\plugins\mcufinder/ => C:\Users\John.DESKTOP-ACCU4EE\.stmcufinder\plugins\mcufinder
2026-02-11 20:23:04,055 [INFO] CrossReferenceDbSqlite:203 - Set database path to: C:\Users\John.DESKTOP-ACCU4EE\.stmcufinder\plugins\mcufinder//mcu/cs/
2026-02-11 20:23:04,132 [INFO] MainPanel:272 - HeapMemory: 268435456
2026-02-11 20:23:04,235 [INFO] DbMcusXml:78 - Set database path to: C:\ST\STM32CubeIDE_1.18.0\STM32CubeIDE\plugins\com.st.stm32cube.common.mx_6.14.0.202502271554\\db\/mcu/
2026-02-11 20:23:04,235 [INFO] ApiDb:274 - Set plugin database path to: C:\ST\STM32CubeIDE_1.18.0\STM32CubeIDE\plugins\com.st.stm32cube.common.mx_6.14.0.202502271554\\db\/plugins/boardmanager/
2026-02-11 20:23:04,235 [INFO] ApiDb:261 - Set plugin images path to: C:\ST\STM32CubeIDE_1.18.0\STM32CubeIDE\plugins\com.st.stm32cube.common.mx_6.14.0.202502271554\\db\/plugins/mcufinder/images/
2026-02-11 20:23:04,235 [WARN] DbFile:41 - Overriding database path with different value: C:\Users\John.DESKTOP-ACCU4EE\.stmcufinder\plugins\mcufinder/ => C:\Users\John.DESKTOP-ACCU4EE\.stmcufinder\plugins\mcufinder
2026-02-11 20:23:04,235 [INFO] ApiDb:250 - Set database path to: C:\Users\John.DESKTOP-ACCU4EE\.stmcufinder\plugins\mcufinder//mcu/
2026-02-11 20:23:04,235 [WARN] DbFile:41 - Overriding database path with different value: C:\Users\John.DESKTOP-ACCU4EE\.stmcufinder\plugins\mcufinder/ => C:\Users\John.DESKTOP-ACCU4EE\.stmcufinder\plugins\mcufinder
2026-02-11 20:23:04,235 [INFO] DbMcusAds:125 - Set database path to: C:\Users\John.DESKTOP-ACCU4EE\.stmcufinder\plugins\mcufinder//mcu/
2026-02-11 20:23:04,236 [WARN] DbFile:41 - Overriding database path with different value: C:\Users\John.DESKTOP-ACCU4EE\.stmcufinder\plugins\mcufinder/ => C:\Users\John.DESKTOP-ACCU4EE\.stmcufinder\plugins\mcufinder
2026-02-11 20:23:04,236 [WARN] DbFile:41 - Overriding database path with different value: C:\Users\John.DESKTOP-ACCU4EE\.stmcufinder\plugins\mcufinder/ => C:\Users\John.DESKTOP-ACCU4EE\.stmcufinder\plugins\mcufinder
2026-02-11 20:23:04,236 [INFO] CrossReferenceDbSqlite:203 - Set database path to: C:\Users\John.DESKTOP-ACCU4EE\.stmcufinder\plugins\mcufinder//mcu/cs/
2026-02-11 20:23:04,252 [INFO] ApplicationProperties:184 - Using Application install path: C:\ST\STM32CubeIDE_1.18.0\STM32CubeIDE\plugins\com.st.stm32cube.common.mx_6.14.0.202502271554
2026-02-11 20:23:04,253 [INFO] PluginManage:196 - Search for loadable plugins [exclusion list=, ]
2026-02-11 20:23:04,254 [INFO] PluginManage:310 - Check plugin analytics
2026-02-11 20:23:04,403 [INFO] AnalyticsPlugin:253 - Accepted Software Licenses: 
2026-02-11 20:23:04,404 [INFO] AnalyticsPlugin:255 - Accepted CMSIS Pack Licenses: 
2026-02-11 20:23:04,404 [INFO] AnalyticsPlugin:257 - Accepted Firmware Licenses: 
2026-02-11 20:23:04,404 [INFO] PluginManage:359 - Loaded plugin analytics (category:tool,tabindex:-1)
2026-02-11 20:23:04,405 [INFO] PluginManage:310 - Check plugin cadmodel
2026-02-11 20:23:04,415 [INFO] CADModel:105 - Init CAD model plugin
2026-02-11 20:23:04,415 [INFO] PluginManage:359 - Loaded plugin cadmodel (category:power,tabindex:5)
2026-02-11 20:23:04,415 [INFO] PluginManage:310 - Check plugin clock
2026-02-11 20:23:04,425 [INFO] PluginManage:359 - Loaded plugin clock (category:base,tabindex:2)
2026-02-11 20:23:04,425 [INFO] PluginManage:310 - Check plugin ddr
2026-02-11 20:23:04,428 [INFO] PluginManage:359 - Loaded plugin ddr (category:tool,tabindex:6)
2026-02-11 20:23:04,429 [INFO] PluginManage:310 - Check plugin filemanager
2026-02-11 20:23:04,555 [INFO] PluginManage:359 - Loaded plugin filemanager (category:base,tabindex:10)
2026-02-11 20:23:04,555 [INFO] PluginManage:310 - Check plugin ipmanager
2026-02-11 20:23:04,562 [INFO] PluginManage:359 - Loaded plugin ipmanager (category:base,tabindex:5)
2026-02-11 20:23:04,562 [INFO] PluginManage:310 - Check plugin lpbam
2026-02-11 20:23:04,568 [INFO] PluginManage:359 - Loaded plugin lpbam (category:base,tabindex:0)
2026-02-11 20:23:04,568 [INFO] PluginManage:310 - Check plugin memorymap
2026-02-11 20:23:04,579 [INFO] PluginManage:359 - Loaded plugin memorymap (category:base,tabindex:4)
2026-02-11 20:23:04,579 [INFO] PluginManage:310 - Check plugin pinoutandconfiguration
2026-02-11 20:23:04,584 [INFO] PluginManage:359 - Loaded plugin pinoutandconfiguration (category:base,tabindex:1)
2026-02-11 20:23:04,584 [INFO] PluginManage:310 - Check plugin pinoutconfig
2026-02-11 20:23:04,653 [WARN] SupportedApi:132 - Cannot load RTOS API schema: s4s-elt-must-match.1: The content of 'definitions' must match (annotation?, (simpleType | complexType)?, (unique | key | keyref)*)). A problem was found starting at: attribute.
2026-02-11 20:23:04,756 [INFO] PluginManage:359 - Loaded plugin pinoutconfig (category:base,tabindex:0)
2026-02-11 20:23:04,756 [INFO] PluginManage:310 - Check plugin power
2026-02-11 20:23:04,763 [INFO] PluginManage:359 - Loaded plugin power (category:power,tabindex:4)
2026-02-11 20:23:04,763 [INFO] PluginManage:310 - Check plugin projectmanager
2026-02-11 20:23:04,774 [INFO] PluginManage:359 - Loaded plugin projectmanager (category:projectmanager,tabindex:4)
2026-02-11 20:23:04,774 [INFO] PluginManage:310 - Check plugin rif
2026-02-11 20:23:04,781 [INFO] PluginManage:359 - Loaded plugin rif (category:base,tabindex:3)
2026-02-11 20:23:04,781 [INFO] PluginManage:310 - Check plugin thirdparty
2026-02-11 20:23:04,888 [WARN] IntegrityCheckThread:84 - waiting for thirdparty lock release [integrity check]
2026-02-11 20:23:04,888 [INFO] IntegrityCheckThread:86 - entering critical section [integrity check]
2026-02-11 20:23:04,888 [INFO] PluginManage:359 - Loaded plugin thirdparty (category:base,tabindex:-1)
2026-02-11 20:23:04,888 [INFO] PluginManage:310 - Check plugin tools
2026-02-11 20:23:04,888 [INFO] ThirdPartyUpdaterWithRetryManager:70 - Updater plugin not ready yet. [1/15]
2026-02-11 20:23:04,891 [INFO] PluginManage:359 - Loaded plugin tools (category:base,tabindex:7)
2026-02-11 20:23:04,891 [INFO] PluginManage:310 - Check plugin tutovideos
2026-02-11 20:23:05,042 [INFO] PluginManage:359 - Loaded plugin tutovideos (category:base,tabindex:-1)
2026-02-11 20:23:05,042 [INFO] PluginManage:310 - Check plugin updater
2026-02-11 20:23:05,059 [INFO] PluginManage:359 - Loaded plugin updater (category:base,tabindex:12)
2026-02-11 20:23:05,059 [INFO] PluginManage:310 - Check plugin userauth
2026-02-11 20:23:05,063 [INFO] UserAuth:118 - Init User Auth plugin
2026-02-11 20:23:05,064 [INFO] PluginManage:359 - Loaded plugin userauth (category:base,tabindex:14)
2026-02-11 20:23:05,064 [INFO] PluginManage:283 - PluginManage : Loaded plugins [18]
2026-02-11 20:23:05,252 [INFO] PinOutPanel:1589 - setPackage(No Configuration,No Configuration)
2026-02-11 20:23:05,348 [INFO] CADModel:165 - CPN selected for project level
2026-02-11 20:23:05,348 [INFO] CADModel:114 - Register for checkConnection events
2026-02-11 20:23:05,370 [INFO] IPUIPlugin:80 - create IPUIPlugin
2026-02-11 20:23:05,370 [INFO] PluginManager:220 - loadIPPluginJar : add adc
2026-02-11 20:23:05,373 [INFO] IPUIPlugin:80 - create IPUIPlugin
2026-02-11 20:23:05,373 [INFO] PluginManager:220 - loadIPPluginJar : add aes
2026-02-11 20:23:05,377 [INFO] IPUIPlugin:80 - create IPUIPlugin
2026-02-11 20:23:05,377 [INFO] PluginManager:220 - loadIPPluginJar : add can
2026-02-11 20:23:05,380 [INFO] IPUIPlugin:80 - create IPUIPlugin
2026-02-11 20:23:05,380 [INFO] PluginManager:220 - loadIPPluginJar : add comp
2026-02-11 20:23:05,383 [INFO] IPUIPlugin:80 - create IPUIPlugin
2026-02-11 20:23:05,383 [INFO] PluginManager:220 - loadIPPluginJar : add cryp
2026-02-11 20:23:05,388 [INFO] IPUIPlugin:80 - create IPUIPlugin
2026-02-11 20:23:05,388 [INFO] PluginManager:220 - loadIPPluginJar : add ddr_ctrl_phy
2026-02-11 20:23:05,391 [INFO] IPUIPlugin:80 - create IPUIPlugin
2026-02-11 20:23:05,391 [INFO] PluginManager:220 - loadIPPluginJar : add dfsdm
2026-02-11 20:23:05,397 [INFO] IPUIPlugin:80 - create IPUIPlugin
2026-02-11 20:23:05,398 [INFO] PluginManager:220 - loadIPPluginJar : add dma
2026-02-11 20:23:05,402 [INFO] IPUIPlugin:80 - create IPUIPlugin
2026-02-11 20:23:05,402 [INFO] PluginManager:220 - loadIPPluginJar : add dma3
2026-02-11 20:23:05,406 [INFO] IPUIPlugin:80 - create IPUIPlugin
2026-02-11 20:23:05,406 [INFO] PluginManager:220 - loadIPPluginJar : add extmemmanager
2026-02-11 20:23:05,408 [INFO] IPUIPlugin:80 - create IPUIPlugin
2026-02-11 20:23:05,408 [INFO] PluginManager:220 - loadIPPluginJar : add fatfs
2026-02-11 20:23:05,413 [INFO] IPUIPlugin:80 - create IPUIPlugin
2026-02-11 20:23:05,413 [INFO] PluginManager:220 - loadIPPluginJar : add fmc
2026-02-11 20:23:05,419 [INFO] IPUIPlugin:80 - create IPUIPlugin
2026-02-11 20:23:05,419 [INFO] PluginManager:220 - loadIPPluginJar : add freertos
2026-02-11 20:23:05,421 [INFO] IPUIPlugin:80 - create IPUIPlugin
2026-02-11 20:23:05,421 [INFO] PluginManager:220 - loadIPPluginJar : add genericplugin
2026-02-11 20:23:05,423 [INFO] IPUIPlugin:80 - create IPUIPlugin
2026-02-11 20:23:05,423 [INFO] PluginManager:220 - loadIPPluginJar : add gfxmmu
2026-02-11 20:23:05,427 [INFO] IPUIPlugin:80 - create IPUIPlugin
2026-02-11 20:23:05,427 [INFO] PluginManager:220 - loadIPPluginJar : add gic
2026-02-11 20:23:05,432 [INFO] IPUIPlugin:80 - create IPUIPlugin
2026-02-11 20:23:05,432 [INFO] PluginManager:220 - loadIPPluginJar : add gpio
2026-02-11 20:23:05,436 [INFO] IPUIPlugin:80 - create IPUIPlugin
2026-02-11 20:23:05,436 [INFO] PluginManager:220 - loadIPPluginJar : add gtzc
2026-02-11 20:23:05,438 [INFO] IPUIPlugin:80 - create IPUIPlugin
2026-02-11 20:23:05,438 [INFO] PluginManager:220 - loadIPPluginJar : add hash
2026-02-11 20:23:05,441 [INFO] IPUIPlugin:80 - create IPUIPlugin
2026-02-11 20:23:05,441 [INFO] PluginManager:220 - loadIPPluginJar : add i2c
2026-02-11 20:23:05,445 [INFO] IPUIPlugin:80 - create IPUIPlugin
2026-02-11 20:23:05,445 [INFO] PluginManager:220 - loadIPPluginJar : add i2s
2026-02-11 20:23:05,449 [INFO] IPUIPlugin:80 - create IPUIPlugin
2026-02-11 20:23:05,450 [INFO] PluginManager:220 - loadIPPluginJar : add i3c
2026-02-11 20:23:05,455 [INFO] IPUIPlugin:80 - create IPUIPlugin
2026-02-11 20:23:05,455 [INFO] PluginManager:220 - loadIPPluginJar : add ipddr
2026-02-11 20:23:05,463 [INFO] IPUIPlugin:80 - create IPUIPlugin
2026-02-11 20:23:05,464 [INFO] PluginManager:220 - loadIPPluginJar : add linkedlist
2026-02-11 20:23:05,468 [INFO] IPUIPlugin:80 - create IPUIPlugin
2026-02-11 20:23:05,468 [INFO] PluginManager:220 - loadIPPluginJar : add lorawan
2026-02-11 20:23:05,471 [INFO] IPUIPlugin:80 - create IPUIPlugin
2026-02-11 20:23:05,471 [INFO] PluginManager:220 - loadIPPluginJar : add ltdc
2026-02-11 20:23:05,476 [INFO] IPUIPlugin:80 - create IPUIPlugin
2026-02-11 20:23:05,477 [INFO] PluginManager:220 - loadIPPluginJar : add mdma
2026-02-11 20:23:05,480 [INFO] IPUIPlugin:80 - create IPUIPlugin
2026-02-11 20:23:05,480 [INFO] PluginManager:220 - loadIPPluginJar : add nvic
2026-02-11 20:23:05,483 [INFO] IPUIPlugin:80 - create IPUIPlugin
2026-02-11 20:23:05,483 [INFO] PluginManager:220 - loadIPPluginJar : add opamp
2026-02-11 20:23:05,486 [INFO] IPUIPlugin:80 - create IPUIPlugin
2026-02-11 20:23:05,486 [INFO] PluginManager:220 - loadIPPluginJar : add openamp
2026-02-11 20:23:05,489 [INFO] IPUIPlugin:80 - create IPUIPlugin
2026-02-11 20:23:05,489 [INFO] PluginManager:220 - loadIPPluginJar : add pdm2pcm
2026-02-11 20:23:05,495 [INFO] IPUIPlugin:80 - create IPUIPlugin
2026-02-11 20:23:05,497 [INFO] PluginManager:220 - loadIPPluginJar : add plateformsettings
2026-02-11 20:23:05,499 [INFO] IPUIPlugin:80 - create IPUIPlugin
2026-02-11 20:23:05,499 [INFO] PluginManager:220 - loadIPPluginJar : add quadspi
2026-02-11 20:23:05,501 [INFO] IPUIPlugin:80 - create IPUIPlugin
2026-02-11 20:23:05,502 [INFO] PluginManager:220 - loadIPPluginJar : add radio
2026-02-11 20:23:05,505 [INFO] IPUIPlugin:80 - create IPUIPlugin
2026-02-11 20:23:05,505 [INFO] PluginManager:220 - loadIPPluginJar : add resmgrutility
2026-02-11 20:23:05,508 [INFO] IPUIPlugin:80 - create IPUIPlugin
2026-02-11 20:23:05,508 [INFO] PluginManager:220 - loadIPPluginJar : add sai
2026-02-11 20:23:05,511 [INFO] IPUIPlugin:80 - create IPUIPlugin
2026-02-11 20:23:05,511 [INFO] PluginManager:220 - loadIPPluginJar : add spi
2026-02-11 20:23:05,517 [INFO] IPUIPlugin:80 - create IPUIPlugin
2026-02-11 20:23:05,517 [INFO] PluginManager:220 - loadIPPluginJar : add stm32_wpan
2026-02-11 20:23:05,519 [INFO] IPUIPlugin:80 - create IPUIPlugin
2026-02-11 20:23:05,519 [INFO] PluginManager:220 - loadIPPluginJar : add tim
2026-02-11 20:23:05,521 [INFO] IPUIPlugin:80 - create IPUIPlugin
2026-02-11 20:23:05,522 [INFO] PluginManager:220 - loadIPPluginJar : add touchsensing
2026-02-11 20:23:05,524 [INFO] IPUIPlugin:80 - create IPUIPlugin
2026-02-11 20:23:05,524 [INFO] PluginManager:220 - loadIPPluginJar : add tracer_emb
2026-02-11 20:23:05,525 [INFO] IPUIPlugin:80 - create IPUIPlugin
2026-02-11 20:23:05,525 [INFO] PluginManager:220 - loadIPPluginJar : add ts
2026-02-11 20:23:05,527 [INFO] IPUIPlugin:80 - create IPUIPlugin
2026-02-11 20:23:05,527 [INFO] PluginManager:220 - loadIPPluginJar : add tsc
2026-02-11 20:23:05,529 [INFO] IPUIPlugin:80 - create IPUIPlugin
2026-02-11 20:23:05,529 [INFO] PluginManager:220 - loadIPPluginJar : add ucpd
2026-02-11 20:23:05,532 [INFO] IPUIPlugin:80 - create IPUIPlugin
2026-02-11 20:23:05,532 [INFO] PluginManager:220 - loadIPPluginJar : add usart
2026-02-11 20:23:05,534 [INFO] IPUIPlugin:80 - create IPUIPlugin
2026-02-11 20:23:05,534 [INFO] PluginManager:220 - loadIPPluginJar : add usbx
2026-02-11 20:23:05,645 [FATAL] Updater:351 - Updater called before beeing initialized
2026-02-11 20:23:05,673 [INFO] RulesReader:64 - Compatibility file has been processed (301 Rules)
2026-02-11 20:23:05,680 [INFO] RulesReader:64 - Compatibility file has been processed (301 Rules)
2026-02-11 20:23:05,687 [INFO] CADModel:165 - CPN selected for project level
2026-02-11 20:23:05,687 [INFO] CADModel:114 - Register for checkConnection events
2026-02-11 20:23:05,687 [FATAL] Updater:351 - Updater called before beeing initialized
2026-02-11 20:23:05,687 [ERROR] CADModel:125 - Updater not yet initialized, retry later 
2026-02-11 20:23:05,806 [FATAL] Updater:351 - Updater called before beeing initialized
2026-02-11 20:23:05,808 [INFO] CADModel:165 - CPN selected for project level
2026-02-11 20:23:05,809 [INFO] CADModel:114 - Register for checkConnection events
2026-02-11 20:23:05,809 [FATAL] Updater:351 - Updater called before beeing initialized
2026-02-11 20:23:05,809 [ERROR] CADModel:125 - Updater not yet initialized, retry later 
2026-02-11 20:23:05,811 [FATAL] Updater:351 - Updater called before beeing initialized
2026-02-11 20:23:05,901 [FATAL] Updater:351 - Updater called before beeing initialized
2026-02-11 20:23:05,904 [INFO] DbMcusAds:53 - JSON generation date=Fri Jan 09 00:57:51 KST 2026 (1767887871456)
2026-02-11 20:23:05,904 [FATAL] Updater:351 - Updater called before beeing initialized
2026-02-11 20:23:05,933 [WARN] DetailPanel:346 - Failed to get advertising image, set to default
2026-02-11 20:23:06,102 [FATAL] Updater:351 - Updater called before beeing initialized
2026-02-11 20:23:06,103 [FATAL] Updater:351 - Updater called before beeing initialized
2026-02-11 20:23:06,103 [FATAL] Updater:351 - Updater called before beeing initialized
2026-02-11 20:23:06,103 [WARN] DetailPanel:346 - Failed to get advertising image, set to default
2026-02-11 20:23:06,104 [FATAL] Updater:351 - Updater called before beeing initialized
2026-02-11 20:23:06,145 [ERROR] Updater:1198 - MainUpdater not yet initialized. External WinMGr cannot be set.
2026-02-11 20:23:06,147 [INFO] Updater:1134 - Updater Version found : 6.14.0
2026-02-11 20:23:06,175 [INFO] ApplicationProperties:184 - Using Application install path: C:\ST\STM32CubeIDE_1.18.0\STM32CubeIDE\plugins\com.st.stm32cube.common.mx_6.14.0.202502271554
2026-02-11 20:23:06,676 [INFO] MainUpdater:2872 - connection check result : 10
2026-02-11 20:23:06,677 [INFO] MainUpdater:289 - Updater Check For Update Now.
2026-02-11 20:23:06,677 [INFO] MicroXplorer:498 - Change Database Version : DB.6.0.140
2026-02-11 20:23:06,686 [INFO] McuFinderGlobals:63 - Set McuFinder mode to 2 (CubeIDE integrated)
2026-02-11 20:23:06,687 [INFO] UserAuth:171 - activating auth plugin
2026-02-11 20:23:06,689 [INFO] UserAuth:486 - Internet connection configuration mode: 1
2026-02-11 20:23:06,715 [INFO] JxBrowserEngine:152 - Initiate JxBrowser Engine with user profile folder
2026-02-11 20:23:06,860 [INFO] CheckServerUpdateThread:120 - End of CheckServer Thread
2026-02-11 20:23:07,811 [INFO] WebApp:169 - Instantiating new browser for Auth
2026-02-11 20:23:08,197 [WARN] PackLoader:240 - Cannot read IP mode file for STMicroelectronics.FP-SNS-MOTENVWB1.1.4.0
2026-02-11 20:23:08,204 [WARN] PackLoader:240 - Cannot read IP mode file for STMicroelectronics.FP-ATR-ASTRA1.2.0.2
2026-02-11 20:23:08,211 [WARN] PackLoader:240 - Cannot read IP mode file for STMicroelectronics.X-CUBE-SMBUS.2.1.0
2026-02-11 20:23:08,236 [WARN] PackLoader:240 - Cannot read IP mode file for STMicroelectronics.X-CUBE-AZRTOS-F7.1.1.0
2026-02-11 20:23:08,241 [ERROR] Engine:466 - C:\Users\John.DESKTOP-ACCU4EE\.stm32cubemx\thirdparties\pdsc\STMicroelectronics.FP-SNS-MOTENV1.5.1.0.pdsc: PDSC version is not supported
2026-02-11 20:23:08,246 [ERROR] Engine:466 - C:\Users\John.DESKTOP-ACCU4EE\.stm32cubemx\thirdparties\pdsc\WES.I-CUBE-Cesium.1.4.0.pdsc: PDSC version is not supported
2026-02-11 20:23:08,264 [WARN] PackLoader:240 - Cannot read IP mode file for STMicroelectronics.X-CUBE-AZRTOS-H7.3.4.0
2026-02-11 20:23:08,274 [WARN] PackLoader:240 - Cannot read IP mode file for STMicroelectronics.X-CUBE-DISPLAY.3.0.0
2026-02-11 20:23:08,283 [WARN] PackLoader:240 - Cannot read IP mode file for STMicroelectronics.X-CUBE-NFC10.1.0.0
2026-02-11 20:23:08,290 [WARN] PackLoader:240 - Cannot read IP mode file for STMicroelectronics.X-CUBE-ST60.1.1.0
2026-02-11 20:23:08,296 [WARN] PackLoader:240 - Cannot read IP mode file for emotas.I-CUBE-CANOPEN.1.3.0
2026-02-11 20:23:08,301 [WARN] PackLoader:240 - Cannot read IP mode file for STMicroelectronics.X-CUBE-GNSS1.7.1.0
2026-02-11 20:23:08,305 [ERROR] Engine:466 - C:\Users\John.DESKTOP-ACCU4EE\.stm32cubemx\thirdparties\pdsc\STMicroelectronics.FP-SNS-STBOX1.2.1.0.pdsc: PDSC version is not supported
2026-02-11 20:23:08,309 [WARN] PackLoader:240 - Cannot read IP mode file for STMicroelectronics.FP-SNS-SMARTAG2.1.2.0
2026-02-11 20:23:08,313 [WARN] PackLoader:240 - Cannot read IP mode file for STMicroelectronics.FP-SNS-FLIGHT1.5.1.0
2026-02-11 20:23:08,321 [INFO] LogOutputStream:77 - [STDOUT_REDIRECT] 1 : Invalid condition id : UX_CORESTACK_Condition cause : null
2026-02-11 20:23:08,321 [INFO] LogOutputStream:77 - [STDOUT_REDIRECT] 1 : Invalid condition id : UX_CORESTACK_Condition cause : null
2026-02-11 20:23:08,322 [INFO] LogOutputStream:77 - [STDOUT_REDIRECT] 1 : Invalid condition id : UX_CORESTACK_Condition cause : null
2026-02-11 20:23:08,323 [INFO] LogOutputStream:77 - [STDOUT_REDIRECT] 1 : Invalid condition id : UX_CORESTACK_Condition cause : null
2026-02-11 20:23:08,324 [INFO] LogOutputStream:77 - [STDOUT_REDIRECT] 1 : Invalid condition id : UX_CORESTACK_Condition cause : null
2026-02-11 20:23:08,325 [WARN] PackLoader:240 - Cannot read IP mode file for STMicroelectronics.X-CUBE-AZRTOS-WL.2.0.0
2026-02-11 20:23:08,338 [WARN] PackLoader:240 - Cannot read IP mode file for STMicroelectronics.X-CUBE-AZRTOS-H7RS.1.2.0
2026-02-11 20:23:08,344 [WARN] PackLoader:240 - Cannot read IP mode file for STMicroelectronics.X-CUBE-BLE2.3.3.0
2026-02-11 20:23:08,382 [WARN] PackLoader:240 - Cannot read IP mode file for Infineon.AIROC-Wi-Fi-Bluetooth-STM32.1.8.0
2026-02-11 20:23:08,394 [WARN] PackLoader:240 - Cannot read IP mode file for STMicroelectronics.X-CUBE-NFC9.1.0.0
2026-02-11 20:23:08,401 [WARN] PackLoader:240 - Cannot read IP mode file for STMicroelectronics.X-CUBE-BLE1.7.1.0
2026-02-11 20:23:08,406 [WARN] PackLoader:240 - Cannot read IP mode file for wolfSSL.I-CUBE-wolfMQTT.1.19.2
2026-02-11 20:23:08,410 [ERROR] Engine:466 - C:\Users\John.DESKTOP-ACCU4EE\.stm32cubemx\thirdparties\pdsc\STMicroelectronics.X-CUBE-FREERTOS.1.4.0.pdsc: PDSC version is not supported
2026-02-11 20:23:08,415 [WARN] PackLoader:240 - Cannot read IP mode file for STMicroelectronics.X-CUBE-EEPRMA1.5.2.0
2026-02-11 20:23:08,421 [WARN] PackLoader:240 - Cannot read IP mode file for wolfSSL.I-CUBE-wolfSSL.5.8.4
2026-02-11 20:23:08,442 [WARN] PackLoader:240 - Cannot read IP mode file for Cesanta.I-CUBE-Mongoose.7.20.0
2026-02-11 20:23:08,448 [ERROR] Engine:466 - C:\Users\John.DESKTOP-ACCU4EE\.stm32cubemx\thirdparties\pdsc\STMicroelectronics.X-CUBE-ST67W61.1.1.0.pdsc: PDSC version is not supported
2026-02-11 20:23:08,484 [WARN] PackLoader:240 - Cannot read IP mode file for STMicroelectronics.X-CUBE-MEMS1.12.0.0
2026-02-11 20:23:08,554 [WARN] PackLoader:240 - Cannot read IP mode file for STMicroelectronics.X-CUBE-AZRTOS-G0.1.1.0
2026-02-11 20:23:08,562 [WARN] PackLoader:240 - Cannot read IP mode file for STMicroelectronics.X-CUBE-NFC4.3.0.0
2026-02-11 20:23:08,571 [WARN] PackLoader:240 - Cannot read IP mode file for EmbeddedOffice.I-CUBE-FS-RTOS.1.0.1
2026-02-11 20:23:08,577 [WARN] PackLoader:240 - Cannot read IP mode file for STMicroelectronics.X-CUBE-WB05N.2.0.0
2026-02-11 20:23:08,587 [WARN] PackLoader:240 - Cannot read IP mode file for wolfSSL.I-CUBE-wolfTPM.3.8.0
2026-02-11 20:23:08,596 [WARN] PackLoader:240 - Cannot read IP mode file for STMicroelectronics.X-CUBE-TCPP.4.2.0
2026-02-11 20:23:08,604 [WARN] PackLoader:240 - Cannot read IP mode file for RealThread.X-CUBE-RT-Thread_Nano.4.1.1
2026-02-11 20:23:08,612 [WARN] PackLoader:240 - Cannot read IP mode file for STMicroelectronics.FP-ATR-SIGFOX1.3.2.0
2026-02-11 20:23:08,623 [WARN] PackLoader:240 - Cannot read IP mode file for ITTIA_DB.I-CUBE-ITTIADB.8.9.0
2026-02-11 20:23:08,635 [WARN] PackLoader:240 - Cannot read IP mode file for STMicroelectronics.X-CUBE-NFC6.3.2.0
2026-02-11 20:23:08,644 [WARN] PackLoader:240 - Cannot read IP mode file for STMicroelectronics.X-CUBE-AI.10.2.0
2026-02-11 20:23:08,666 [WARN] PackLoader:240 - Cannot read IP mode file for SEGGER.I-CUBE-embOS.1.3.1
2026-02-11 20:23:08,692 [WARN] PackLoader:240 - Cannot read IP mode file for STMicroelectronics.X-CUBE-ALGOBUILD.1.4.0
2026-02-11 20:23:08,697 [WARN] PackLoader:240 - Cannot read IP mode file for STMicroelectronics.X-CUBE-PM33A1.1.0.0
2026-02-11 20:23:08,708 [WARN] PackLoader:240 - Cannot read IP mode file for STMicroelectronics.X-CUBE-AZRTOS-F4.1.1.0
2026-02-11 20:23:08,714 [WARN] PackLoader:240 - Cannot read IP mode file for STMicroelectronics.X-CUBE-ISPU.2.1.0
2026-02-11 20:23:08,718 [ERROR] Engine:466 - C:\Users\John.DESKTOP-ACCU4EE\.stm32cubemx\thirdparties\pdsc\STMicroelectronics.X-CUBE-IPS.3.2.0.pdsc: PDSC version is not supported
2026-02-11 20:23:08,723 [WARN] PackLoader:240 - Cannot read IP mode file for STMicroelectronics.X-CUBE-NFC12.1.0.0
2026-02-11 20:23:08,732 [WARN] PackLoader:240 - Cannot read IP mode file for STMicroelectronics.X-CUBE-AZRTOS-L5.2.0.0
2026-02-11 20:23:08,738 [WARN] PackLoader:240 - Cannot read IP mode file for STMicroelectronics.X-CUBE-NFC6.3.1.0
2026-02-11 20:23:08,743 [WARN] PackLoader:240 - Cannot read IP mode file for STMicroelectronics.X-CUBE-TOUCHGFX.4.26.0
2026-02-11 20:23:08,748 [WARN] PackLoader:240 - Cannot read IP mode file for STMicroelectronics.FP-SNS-STAIOTCFT.1.0.0
2026-02-11 20:23:08,752 [WARN] PackLoader:240 - Cannot read IP mode file for STMicroelectronics.X-CUBE-DPower.1.3.0
2026-02-11 20:23:08,761 [WARN] ConditionMgr:438 - getConditionDescription Invalid condition id : LAN8742 Phy interface Condition cause : null
2026-02-11 20:23:08,762 [WARN] PackLoader:240 - Cannot read IP mode file for STMicroelectronics.X-CUBE-AZRTOS-L4.2.0.0
2026-02-11 20:23:08,762 [WARN] ConditionMgr:1044 - genDependencies : Invalid condition id : LAN8742 Phy interface Condition cause : null
2026-02-11 20:23:08,762 [WARN] ConditionMgr:1044 - genDependencies : Invalid condition id : LAN8742 Phy interface Condition cause : null
2026-02-11 20:23:08,763 [WARN] ConditionMgr:1044 - genDependencies : Invalid condition id : LAN8742 Phy interface Condition cause : null
2026-02-11 20:23:08,768 [WARN] PackLoader:240 - Cannot read IP mode file for STMicroelectronics.X-CUBE-SFXS2LP1.4.0.0
2026-02-11 20:23:08,772 [ERROR] Engine:466 - C:\Users\John.DESKTOP-ACCU4EE\.stm32cubemx\thirdparties\pdsc\STMicroelectronics.X-CUBE-ST67W61.1.2.0.pdsc: PDSC version is not supported
2026-02-11 20:23:08,778 [WARN] PackLoader:240 - Cannot read IP mode file for STMicroelectronics.X-CUBE-BLEMGR.4.1.0
2026-02-11 20:23:08,793 [WARN] ConditionMgr:438 - getConditionDescription Invalid condition id : UX DEVICE CLASS RTOS Condition cause : null
2026-02-11 20:23:08,794 [WARN] ConditionMgr:438 - getConditionDescription Invalid condition id : UX DEVICE CLASS RTOS Condition cause : null
2026-02-11 20:23:08,794 [WARN] PackLoader:240 - Cannot read IP mode file for STMicroelectronics.X-CUBE-AZRTOS-WB.2.0.0
2026-02-11 20:23:08,795 [WARN] ConditionMgr:1044 - genDependencies : Invalid condition id : UX DEVICE CLASS RTOS Condition cause : null
2026-02-11 20:23:08,795 [WARN] ConditionMgr:1044 - genDependencies : Invalid condition id : UX DEVICE CLASS RTOS Condition cause : null
2026-02-11 20:23:08,795 [WARN] ConditionMgr:1044 - genDependencies : Invalid condition id : UX DEVICE CLASS RTOS Condition cause : null
2026-02-11 20:23:08,795 [WARN] ConditionMgr:1044 - genDependencies : Invalid condition id : UX DEVICE CLASS RTOS Condition cause : null
2026-02-11 20:23:08,795 [WARN] ConditionMgr:1044 - genDependencies : Invalid condition id : UX DEVICE CLASS RTOS Condition cause : null
2026-02-11 20:23:08,799 [WARN] ConditionMgr:438 - getConditionDescription Invalid condition id : Cortex-A Device cause : null
2026-02-11 20:23:08,805 [WARN] ConditionMgr:1044 - genDependencies : Invalid condition id : Cortex-A Device cause : null
2026-02-11 20:23:08,805 [WARN] ConditionMgr:1044 - genDependencies : Invalid condition id : Cortex-A Device cause : null
2026-02-11 20:23:08,805 [WARN] ConditionMgr:1044 - genDependencies : Invalid condition id : Cortex-A Device cause : null
2026-02-11 20:23:08,810 [WARN] PackLoader:240 - Cannot read IP mode file for STMicroelectronics.X-CUBE-STSE01.2.0.0
2026-02-11 20:23:08,817 [WARN] PackLoader:240 - Cannot read IP mode file for STMicroelectronics.X-CUBE-SUBG2.5.0.0
2026-02-11 20:23:08,826 [WARN] PackLoader:240 - Cannot read IP mode file for STMicroelectronics.X-CUBE-AZRTOS-G4.2.0.0
2026-02-11 20:23:08,831 [WARN] PackLoader:240 - Cannot read IP mode file for wolfSSL.I-CUBE-wolfSSH.1.4.20
2026-02-11 20:23:08,835 [WARN] PackLoader:240 - Cannot read IP mode file for STMicroelectronics.X-CUBE-NFC7.2.0.0
2026-02-11 20:23:08,839 [WARN] PackLoader:240 - Cannot read IP mode file for STMicroelectronics.X-CUBE-ALS.1.0.2
2026-02-11 20:23:08,845 [WARN] PackLoader:240 - Cannot read IP mode file for STMicroelectronics.X-CUBE-STSE01.1.0.0
2026-02-11 20:23:08,852 [WARN] PackLoader:240 - Cannot read IP mode file for STMicroelectronics.X-CUBE-TOF1.3.4.3
2026-02-11 20:23:08,861 [INFO] ThirdParty:978 - Integrity check success = true
2026-02-11 20:23:08,862 [INFO] IntegrityCheckThread:100 - exiting critical section [integrity check]
2026-02-11 20:23:08,862 [INFO] IntegrityCheckThread:103 - End integrity checks thread
2026-02-11 20:23:09,012 [INFO] WebApp:463 - Apply proxy settings
2026-02-11 20:23:09,012 [INFO] WebApp:548 - Chromium requires no authentication
2026-02-11 20:23:09,037 [INFO] WebApp:491 - Direct internet connection detected
2026-02-11 20:23:09,096 [INFO] WebApp:894 - Register for checkConnection events
2026-02-11 20:23:09,097 [INFO] WebApp:463 - Apply proxy settings
2026-02-11 20:23:09,097 [INFO] WebApp:548 - Chromium requires no authentication
2026-02-11 20:23:09,097 [INFO] WebApp:491 - Direct internet connection detected
2026-02-11 20:23:09,339 [INFO] WebApp:191 - Connection restablished
2026-02-11 20:23:09,390 [INFO] WebApp:225 - Starting web application
2026-02-11 20:23:09,390 [INFO] WebApp:593 - Web application path used C:\ST\STM32CubeIDE_1.18.0\STM32CubeIDE\plugins\com.st.stm32cube.common.mx_6.14.0.202502271554\db\plugins\mcufinder\reactClient1\index.html
2026-02-11 20:24:52,374 [ERROR] AdobePublisher:162 - Exception while opening the connection: java.net.UnknownHostException: stmicroelectronics.d3.sc.omtrdc.net
2026-02-11 20:24:52,374 [ERROR] AdobePublisher:162 - Exception while opening the connection: java.net.UnknownHostException: stmicroelectronics.d3.sc.omtrdc.net
2026-02-11 20:24:52,374 [ERROR] AdobePublisher:162 - Exception while opening the connection: java.net.UnknownHostException: stmicroelectronics.d3.sc.omtrdc.net
2026-02-11 20:24:52,375 [ERROR] AdobePublisher:162 - Exception while opening the connection: java.net.UnknownHostException: stmicroelectronics.d3.sc.omtrdc.net
2026-02-11 20:24:52,376 [ERROR] AdobePublisher:162 - Exception while opening the connection: java.net.UnknownHostException: stmicroelectronics.d3.sc.omtrdc.net
2026-02-11 20:24:52,402 [ERROR] AdobePublisher:162 - Exception while opening the connection: java.net.UnknownHostException: stmicroelectronics.d3.sc.omtrdc.net
2026-02-11 20:24:52,402 [ERROR] AdobePublisher:162 - Exception while opening the connection: java.net.UnknownHostException: stmicroelectronics.d3.sc.omtrdc.net
2026-02-11 20:24:52,402 [ERROR] AdobePublisher:162 - Exception while opening the connection: java.net.UnknownHostException: stmicroelectronics.d3.sc.omtrdc.net
2026-02-11 20:24:52,402 [ERROR] AdobePublisher:162 - Exception while opening the connection: java.net.UnknownHostException: stmicroelectronics.d3.sc.omtrdc.net
2026-02-11 20:24:52,403 [ERROR] AdobePublisher:162 - Exception while opening the connection: java.net.UnknownHostException: stmicroelectronics.d3.sc.omtrdc.net
2026-02-11 20:24:53,386 [ERROR] LogOutputStream:75 - [STDERR_REDIRECT] 
