2025-12-24 10:20:21,620 [INFO] WebApp:194 - Connection lost
2025-12-24 10:20:26,965 [INFO] WebApp:191 - Connection restablished
2025-12-24 10:20:28,862 [INFO] WebApp:194 - Connection lost
2025-12-24 10:20:29,010 [INFO] WebApp:191 - Connection restablished
2025-12-24 17:57:12,213 [INFO] WebApp:194 - Connection lost
2025-12-24 17:57:18,731 [INFO] WebApp:191 - Connection restablished
2025-12-24 17:57:20,839 [INFO] WebApp:194 - Connection lost
2025-12-24 17:57:21,027 [INFO] WebApp:191 - Connection restablished
2025-12-24 19:23:53,793 [INFO] MainUpdater:2872 - connection check result : 10
2025-12-24 19:23:53,931 [INFO] McuFinderGlobals:76 - Set McuFinderConnectedMode to true
2025-12-24 19:23:53,934 [INFO] MultiScanPanel:200 - Auto-refresh data requested => check proxy status ongoing
2025-12-24 19:23:53,935 [INFO] FinderPluginLoader:95 - Searching for filters in installed packs
2025-12-24 19:23:55,459 [INFO] LoadUrlFilesThread:185 - End of LoadServerUrlFiles without Thread
2025-12-24 19:23:55,460 [INFO] DetailPanel:341 - Set advertising image to C:/Users/John.DESKTOP-ACCU4EE/STM32Cube/Repository/\en.Prom_NBSTM32U50921.jpg
2025-12-24 19:24:03,747 [INFO] MultiScanPanel:200 - Auto-refresh data requested => check proxy status ongoing
2025-12-24 19:24:03,827 [INFO] LoadUrlFilesThread:185 - End of LoadServerUrlFiles without Thread
2025-12-24 19:24:03,827 [INFO] DetailPanel:341 - Set advertising image to C:/Users/John.DESKTOP-ACCU4EE/STM32Cube/Repository/\en.Prom_NBSTM32U50921.jpg
2025-12-24 19:24:20,079 [INFO] MainUpdater:2872 - connection check result : 10
2025-12-24 19:24:20,079 [INFO] MainUpdater:2872 - connection check result : 10
2025-12-24 19:24:20,097 [ERROR] IocParser:57 - IOException caught: C:\Users\John.DESKTOP-ACCU4EE\Desktop\Embedded-C\My_Workspace\host\asdf\asdf.ioc (지정된 경로를 찾을 수 없습니다)
2025-12-24 19:24:20,098 [ERROR] PeripheralListParser:95 - Something went wrong with ioc file reading: C:\Users\John.DESKTOP-ACCU4EE\Desktop\Embedded-C\My_Workspace\host\asdf\asdf.ioc (지정된 경로를 찾을 수 없습니다)
2025-12-24 19:24:20,099 [ERROR] RegexParser:59 - Issue caught when parsing regex: C:\Users\John.DESKTOP-ACCU4EE\Desktop\Embedded-C\My_Workspace\host\asdf\asdf.ioc (지정된 경로를 찾을 수 없습니다)
2025-12-24 19:24:20,153 [ERROR] AdobePublisher:162 - Exception while opening the connection: java.net.UnknownHostException: stmicroelectronics.d3.sc.omtrdc.net
2025-12-24 19:24:20,154 [ERROR] AdobePublisher:162 - Exception while opening the connection: java.net.UnknownHostException: stmicroelectronics.d3.sc.omtrdc.net
2025-12-24 19:24:20,154 [ERROR] AdobePublisher:162 - Exception while opening the connection: java.net.UnknownHostException: stmicroelectronics.d3.sc.omtrdc.net
2025-12-24 19:24:20,155 [ERROR] AdobePublisher:162 - Exception while opening the connection: java.net.UnknownHostException: stmicroelectronics.d3.sc.omtrdc.net
2025-12-24 19:24:20,155 [ERROR] AdobePublisher:162 - Exception while opening the connection: java.net.UnknownHostException: stmicroelectronics.d3.sc.omtrdc.net
2025-12-24 19:24:20,166 [INFO] MicroXplorer:468 - Change Database Path : 
2025-12-24 19:24:20,167 [INFO] MicroXplorer:498 - Change Database Version : DB.6.0.140
2025-12-24 19:24:20,200 [ERROR] ProjectManagerView:394 - 
java.lang.NullPointerException: Cannot invoke "javax.swing.JTextField.getText()" because the return value of "java.util.List.get(int)" is null
	at com.st.microxplorer.plugins.projectmanager.gui.ProjectChoiceTab$9.caretUpdate(ProjectChoiceTab.java:2678) ~[filemanager.jar:?]
	at javax.swing.text.JTextComponent.fireCaretUpdate(JTextComponent.java:408) ~[?:?]
	at javax.swing.text.JTextComponent$MutableCaretEvent.fire(JTextComponent.java:4484) ~[?:?]
	at javax.swing.text.JTextComponent$MutableCaretEvent.stateChanged(JTextComponent.java:4506) ~[?:?]
	at javax.swing.text.DefaultCaret.fireStateChanged(DefaultCaret.java:857) ~[?:?]
	at javax.swing.text.DefaultCaret.changeCaretPosition(DefaultCaret.java:1343) ~[?:?]
	at javax.swing.text.DefaultCaret.handleSetDot(DefaultCaret.java:1242) ~[?:?]
	at javax.swing.text.DefaultCaret.setDot(DefaultCaret.java:1223) ~[?:?]
	at javax.swing.text.DefaultCaret$Handler.insertUpdate(DefaultCaret.java:1819) ~[?:?]
	at javax.swing.text.AbstractDocument.fireInsertUpdate(AbstractDocument.java:227) ~[?:?]
	at javax.swing.text.AbstractDocument.handleInsertString(AbstractDocument.java:781) ~[?:?]
	at javax.swing.text.AbstractDocument.insertString(AbstractDocument.java:740) ~[?:?]
	at javax.swing.text.PlainDocument.insertString(PlainDocument.java:131) ~[?:?]
	at javax.swing.text.AbstractDocument.replace(AbstractDocument.java:699) ~[?:?]
	at javax.swing.text.JTextComponent.setText(JTextComponent.java:1725) ~[?:?]
	at com.st.microxplorer.plugins.projectmanager.gui.ProjectChoiceTab.createHeapStackFields(ProjectChoiceTab.java:979) ~[filemanager.jar:?]
	at com.st.microxplorer.plugins.projectmanager.gui.ProjectChoiceTab.buildLinkSettingsPanel(ProjectChoiceTab.java:3766) ~[filemanager.jar:?]
	at com.st.microxplorer.plugins.projectmanager.gui.ProjectChoiceTab.defineWindowsFields(ProjectChoiceTab.java:1962) ~[filemanager.jar:?]
	at com.st.microxplorer.plugins.projectmanager.gui.ProjectChoiceTab.updateSettings(ProjectChoiceTab.java:555) ~[filemanager.jar:?]
	at com.st.microxplorer.plugins.projectmanager.gui.ProjectSettingsPanel.UpdateDialog(ProjectSettingsPanel.java:245) ~[filemanager.jar:?]
	at com.st.microxplorer.plugins.projectmanager.ProjectManagerView.propertyChange(ProjectManagerView.java:391) ~[filemanager.jar:?]
	at java.beans.PropertyChangeSupport.fire(PropertyChangeSupport.java:343) ~[?:?]
	at java.beans.PropertyChangeSupport.firePropertyChange(PropertyChangeSupport.java:335) ~[?:?]
	at java.beans.PropertyChangeSupport.firePropertyChange(PropertyChangeSupport.java:268) ~[?:?]
	at com.st.microxplorer.util.MXPropertyChangeSupport.firePropertyChange(MXPropertyChangeSupport.java:54) ~[STM32CubeMX.jar:?]
	at com.st.microxplorer.mxsystem.MxSystem.closeConfig(MxSystem.java:899) ~[STM32CubeMX.jar:?]
	at com.st.microxplorer.maingui.MainPanel.closeConfig(MainPanel.java:789) ~[STM32CubeMX.jar:?]
	at com.st.microxplorer.plugins.filemanager.engine.OpenFileManager.loadConfigurationFile(OpenFileManager.java:287) ~[filemanager.jar:?]
	at com.st.microxplorer.plugins.filemanager.engine.MainFileManager.userLoadConfig(MainFileManager.java:341) ~[filemanager.jar:?]
	at com.st.microxplorer.plugins.filemanager.FileManagerView.getSpecificTask(FileManagerView.java:250) ~[filemanager.jar:?]
	at com.st.stm32cube.common.mx.editor.CubeMxEditor.getMxTabbedPaneInstance(CubeMxEditor.java:1191) ~[com.st.stm32cube.common.mx_6.14.0.202502271554/:?]
	at com.st.stm32cube.common.mx.editor.CubeMxEditor$12$1.createSwingComponent(CubeMxEditor.java:1068) ~[com.st.stm32cube.common.mx_6.14.0.202502271554/:?]
	at com.st.stm32cube.common.mx.oss.core.awtswtbridge.EmbeddedSwingComposite.doComponentCreation(EmbeddedSwingComposite.java:492) ~[com.st.stm32cube.common.mx.oss_6.14.0.202502271554/:?]
	at com.st.stm32cube.common.mx.oss.core.awtswtbridge.EmbeddedSwingComposite$4.run(EmbeddedSwingComposite.java:291) ~[com.st.stm32cube.common.mx.oss_6.14.0.202502271554/:?]
	at com.st.stm32cube.common.mx.oss.core.awtswtbridge.AwtEnvironment$2.run(AwtEnvironment.java:166) ~[com.st.stm32cube.common.mx.oss_6.14.0.202502271554/:?]
	at java.awt.event.InvocationEvent.dispatch(InvocationEvent.java:318) ~[?:?]
	at java.awt.EventQueue.dispatchEventImpl(EventQueue.java:773) ~[?:?]
	at java.awt.EventQueue$4.run(EventQueue.java:720) ~[?:?]
	at java.awt.EventQueue$4.run(EventQueue.java:714) ~[?:?]
	at java.security.AccessController.doPrivileged(AccessController.java:400) ~[?:?]
	at java.security.ProtectionDomain$JavaSecurityAccessImpl.doIntersectionPrivilege(ProtectionDomain.java:87) ~[?:?]
	at java.awt.EventQueue.dispatchEvent(EventQueue.java:742) ~[?:?]
	at java.awt.EventDispatchThread.pumpOneEventForFilters(EventDispatchThread.java:203) ~[?:?]
	at java.awt.EventDispatchThread.pumpEventsForFilter(EventDispatchThread.java:124) ~[?:?]
	at java.awt.EventDispatchThread.pumpEventsForHierarchy(EventDispatchThread.java:113) ~[?:?]
	at java.awt.EventDispatchThread.pumpEvents(EventDispatchThread.java:109) ~[?:?]
	at java.awt.EventDispatchThread.pumpEvents(EventDispatchThread.java:101) ~[?:?]
	at java.awt.EventDispatchThread.run(EventDispatchThread.java:90) ~[?:?]
2025-12-24 19:24:20,202 [WARN] ThirdParty:871 - waiting for thirdparty lock release [close project]
2025-12-24 19:24:20,202 [INFO] ThirdParty:873 - entering critical section [close project]
2025-12-24 19:24:20,202 [INFO] ThirdParty:883 - exiting critical section [close project]
2025-12-24 19:24:20,203 [INFO] PinOutPanel:1589 - setPackage(No Configuration,No Configuration)
2025-12-24 19:24:20,208 [INFO] UtilMem:75 - Begin LoadConfig() Used Memory: 804690552 Bytes (1073741824)
2025-12-24 19:24:20,209 [INFO] OpenFileManager:354 - Change cursor
2025-12-24 19:24:20,237 [INFO] RulesReader:64 - Compatibility file has been processed (301 Rules)
2025-12-24 19:24:20,243 [INFO] ProjectFactory:442 - No CPN specified for board NUCLEO-F103RB => set CPN to STM32F103RBT6
2025-12-24 19:24:20,244 [INFO] Mcu:2011 - Initializing MCU STM32F103R(8-B)Tx STM32F103RBTx STM32F103RBT6
2025-12-24 19:24:20,836 [INFO] Context:756 - Trying to add GPIOservice into a context  which must be forbidden
2025-12-24 19:24:20,978 [INFO] Rule:224 - rule 117617 - U5Cobra4M][GTZC] default value MPCBB3 and MPCBB5 - Not Secured memory - MPCBB1 is applicable
2025-12-24 19:24:20,978 [INFO] Rule:224 - rule 117617 - U5Cobra4M][GTZC] default value MPCBB3 and MPCBB5 - Not Secured memory - MPCBB1 is applicable
2025-12-24 19:24:20,978 [INFO] Rule:224 - rule 117617 - U5Cobra4M][GTZC] default value MPCBB3 and MPCBB5 - Not Secured memory - MPCBB2 is applicable
2025-12-24 19:24:20,979 [INFO] Rule:224 - rule 117617 - U5Cobra4M][GTZC] default value MPCBB3 and MPCBB5 - Not Secured memory - MPCBB2 is applicable
2025-12-24 19:24:20,979 [INFO] Rule:224 - rule 117617 - U5Cobra4M][GTZC] default value MPCBB3 and MPCBB5 - Not Secured memory - MPCBB3 is applicable
2025-12-24 19:24:20,979 [INFO] Rule:224 - rule 117617 - U5Cobra4M][GTZC] default value MPCBB3 and MPCBB5 - Not Secured memory - MPCBB3 is applicable
2025-12-24 19:24:20,979 [INFO] Rule:224 - rule 117617 - U5Cobra4M][GTZC] default value MPCBB3 and MPCBB5 - Not Secured memory - MPCBB4 is applicable
2025-12-24 19:24:20,979 [INFO] Rule:224 - rule 117617 - U5Cobra4M][GTZC] default value MPCBB3 and MPCBB5 - Not Secured memory - MPCBB4 is applicable
2025-12-24 19:24:20,979 [INFO] Rule:224 - rule 117617 - U5Cobra4M][GTZC] default value MPCBB3 and MPCBB5 - Secured memory - MPCBB1 is applicable
2025-12-24 19:24:20,979 [INFO] Rule:224 - rule 117617 - U5Cobra4M][GTZC] default value MPCBB3 and MPCBB5 - Secured memory - MPCBB2 is applicable
2025-12-24 19:24:20,979 [INFO] Rule:224 - rule 117617 - U5Cobra4M][GTZC] default value MPCBB3 and MPCBB5 - Secured memory - MPCBB3 is applicable
2025-12-24 19:24:20,979 [INFO] Rule:224 - rule 117617 - U5Cobra4M][GTZC] default value MPCBB3 and MPCBB5 - Secured memory - MPCBB4 is applicable
2025-12-24 19:24:20,979 [INFO] Rule:224 - rule 117617 - U5Cobra4M][GTZC] default value MPCBB3 and MPCBB5 - Privileged memory - MPCBB1 is applicable
2025-12-24 19:24:20,979 [INFO] Rule:224 - rule 117617 - U5Cobra4M][GTZC] default value MPCBB3 and MPCBB5 - Privileged memory - MPCBB2 is applicable
2025-12-24 19:24:20,979 [INFO] Rule:224 - rule 117617 - U5Cobra4M][GTZC] default value MPCBB3 and MPCBB5 - Privileged memory - MPCBB3 is applicable
2025-12-24 19:24:20,979 [INFO] Rule:224 - rule 117617 - U5Cobra4M][GTZC] default value MPCBB3 and MPCBB5 - Privileged memory - MPCBB4 is applicable
2025-12-24 19:24:20,979 [INFO] Rule:224 - rule 117617 - U5Cobra4M][GTZC] default value MPCBB3 and MPCBB5 - Not Privileged memory - MPCBB1 is applicable
2025-12-24 19:24:20,979 [INFO] Rule:224 - rule 117617 - U5Cobra4M][GTZC] default value MPCBB3 and MPCBB5 - Not Privileged memory - MPCBB2 is applicable
2025-12-24 19:24:20,979 [INFO] Rule:224 - rule 117617 - U5Cobra4M][GTZC] default value MPCBB3 and MPCBB5 - Not Privileged memory - MPCBB3 is applicable
2025-12-24 19:24:20,979 [INFO] Rule:224 - rule 117617 - U5Cobra4M][GTZC] default value MPCBB3 and MPCBB5 - Not Privileged memory - MPCBB4 is applicable
2025-12-24 19:24:20,979 [INFO] Rule:224 - rule 117617 - U5Cobra4M][GTZC] default value MPCBB3 and MPCBB5 - Privileged memory - MPCBB1 is applicable
2025-12-24 19:24:20,979 [INFO] Rule:224 - rule 117617 - U5Cobra4M][GTZC] default value MPCBB3 and MPCBB5 - Privileged memory - MPCBB2 is applicable
2025-12-24 19:24:20,979 [INFO] Rule:224 - rule 117617 - U5Cobra4M][GTZC] default value MPCBB3 and MPCBB5 - Privileged memory - MPCBB3 is applicable
2025-12-24 19:24:20,979 [INFO] Rule:224 - rule 117617 - U5Cobra4M][GTZC] default value MPCBB3 and MPCBB5 - Privileged memory - MPCBB4 is applicable
2025-12-24 19:24:20,979 [INFO] Rule:224 - rule 117617 - U5Cobra4M][GTZC] default value MPCBB3 and MPCBB5 - Privileged memory - MPCBB1 is applicable
2025-12-24 19:24:20,980 [INFO] Rule:224 - rule 117617 - U5Cobra4M][GTZC] default value MPCBB3 and MPCBB5 - Privileged memory - MPCBB2 is applicable
2025-12-24 19:24:20,980 [INFO] Rule:224 - rule 117617 - U5Cobra4M][GTZC] default value MPCBB3 and MPCBB5 - Privileged memory - MPCBB3 is applicable
2025-12-24 19:24:20,980 [INFO] Rule:224 - rule 117617 - U5Cobra4M][GTZC] default value MPCBB3 and MPCBB5 - Privileged memory - MPCBB4 is applicable
2025-12-24 19:24:20,980 [INFO] Rule:224 - rule 117617 - U5Cobra4M][GTZC] default value MPCBB3 and MPCBB5 - Not Privileged memory - MPCBB1 is applicable
2025-12-24 19:24:20,980 [INFO] Rule:224 - rule 117617 - U5Cobra4M][GTZC] default value MPCBB3 and MPCBB5 - Not Privileged memory - MPCBB2 is applicable
2025-12-24 19:24:20,980 [INFO] Rule:224 - rule 117617 - U5Cobra4M][GTZC] default value MPCBB3 and MPCBB5 - Not Privileged memory - MPCBB3 is applicable
2025-12-24 19:24:20,980 [INFO] Rule:224 - rule 117617 - U5Cobra4M][GTZC] default value MPCBB3 and MPCBB5 - Not Privileged memory - MPCBB4 is applicable
2025-12-24 19:24:20,980 [INFO] Rule:224 - rule 117617 - U5Cobra4M][GTZC] default value MPCBB3 and MPCBB5 - Privileged memory - MPCBB1 is applicable
2025-12-24 19:24:20,980 [INFO] Rule:224 - rule 117617 - U5Cobra4M][GTZC] default value MPCBB3 and MPCBB5 - Privileged memory - MPCBB2 is applicable
2025-12-24 19:24:20,980 [INFO] Rule:224 - rule 117617 - U5Cobra4M][GTZC] default value MPCBB3 and MPCBB5 - Privileged memory - MPCBB3 is applicable
2025-12-24 19:24:20,980 [INFO] Rule:224 - rule 117617 - U5Cobra4M][GTZC] default value MPCBB3 and MPCBB5 - Privileged memory - MPCBB4 is applicable
2025-12-24 19:24:20,980 [INFO] Rule:224 - rule Rename SubGHz_Phy SUBGHZ_APPLICATION SUBGHZ_PINGPONG to SUBGHZ_ADV_APPLICATION is applicable
2025-12-24 19:24:20,980 [INFO] Rule:224 - rule Rename Enabled to IBEACON is applicable
2025-12-24 19:24:20,980 [INFO] Rule:224 - rule GTZC_S instance for project manager is applicable
2025-12-24 19:24:20,980 [INFO] Rule:224 - rule GTZC_S instance for context M33S is applicable
2025-12-24 19:24:20,980 [INFO] Rule:224 - rule GTZC_S instance value for IP GTZC is applicable
2025-12-24 19:24:20,980 [INFO] Rule:224 - rule GTZC_S instance for mcu.IP is applicable
2025-12-24 19:24:20,980 [INFO] Rule:224 - rule GTZC_S instance for VP is applicable
2025-12-24 19:24:20,980 [INFO] Rule:224 - rule GTZC_S instance for signal is applicable
2025-12-24 19:24:20,980 [INFO] Rule:224 - rule GTZC_S instance for mcu.Pin is applicable
2025-12-24 19:24:20,980 [INFO] Rule:224 - rule GTZC_S instance for VP is applicable
2025-12-24 19:24:20,980 [INFO] Rule:224 - rule GTZC_S instance for signal is applicable
2025-12-24 19:24:20,980 [INFO] Rule:224 - rule GTZC_S instance for mcu is applicable
2025-12-24 19:24:20,980 [INFO] Rule:224 - rule GTZC_S instance for mcu.Pin is applicable
2025-12-24 19:24:20,980 [INFO] Rule:224 - rule GTZC_S instance value for IP GTZC is applicable
2025-12-24 19:24:20,980 [INFO] Rule:224 - rule GTZC_S instance for project manager is applicable
2025-12-24 19:24:20,980 [INFO] Rule:224 - rule GTZC_S instance for context M33S is applicable
2025-12-24 19:24:20,980 [INFO] Rule:224 - rule GTZC_S instance for VP is applicable
2025-12-24 19:24:20,980 [INFO] Rule:224 - rule GTZC_S instance for signal is applicable
2025-12-24 19:24:20,980 [INFO] Rule:224 - rule SPDIFRX instance for mcu is applicable
2025-12-24 19:24:20,980 [INFO] Rule:224 - rule Rename Tracer Mode is applicable
2025-12-24 19:24:20,981 [INFO] Rule:224 - rule SPDIFRX instance value for IP SPDIFRX is applicable
2025-12-24 19:24:20,981 [INFO] Rule:224 - rule SPDIFRX instance for signal is applicable
2025-12-24 19:24:20,981 [INFO] Rule:224 - rule SPDIFRX instance for project manager is applicable
2025-12-24 19:24:20,981 [INFO] Rule:224 - rule SPDIFRX instance for project manager is applicable
2025-12-24 19:24:20,981 [INFO] Rule:224 - rule ADC Scan  fix with FW F7 is applicable
2025-12-24 19:24:20,981 [INFO] Rule:224 - rule ADC Scan  fix with FW F7 is applicable
2025-12-24 19:24:20,981 [INFO] Rule:224 - rule WakeUp0 Mode is applicable
2025-12-24 19:24:20,981 [INFO] Rule:224 - rule WakeUp0 SIGNAL is applicable
2025-12-24 19:24:20,981 [INFO] Rule:224 - rule WakeUp1 Mode is applicable
2025-12-24 19:24:20,981 [INFO] Rule:224 - rule WakeUp1 SIGNAL is applicable
2025-12-24 19:24:20,981 [INFO] Rule:224 - rule WakeUp2 Mode is applicable
2025-12-24 19:24:20,981 [INFO] Rule:224 - rule WakeUp2 SIGNAL is applicable
2025-12-24 19:24:20,981 [INFO] Rule:224 - rule WakeUp4 Mode is applicable
2025-12-24 19:24:20,981 [INFO] Rule:224 - rule WakeUp4 SIGNAL is applicable
2025-12-24 19:24:20,981 [INFO] Rule:224 - rule WakeUp5 Mode is applicable
2025-12-24 19:24:20,981 [INFO] Rule:224 - rule WakeUp5 SIGNAL is applicable
2025-12-24 19:24:20,981 [INFO] Rule:224 - rule UART/USART WORD LENGTH 7 is applicable
2025-12-24 19:24:20,981 [INFO] Rule:224 - rule UART/USART WORD LENGTH 8 is applicable
2025-12-24 19:24:20,981 [INFO] Rule:224 - rule UART/USART WORD LENGTH 9 is applicable
2025-12-24 19:24:20,981 [INFO] Rule:224 - rule Change Default Value for LSE Drive Capability for WB family is applicable
2025-12-24 19:24:20,981 [INFO] Rule:224 - rule Change Default Value for ADC Clock Prescaler G0 family is applicable
2025-12-24 19:24:20,981 [INFO] Rule:224 - rule ADC SamplingTime fix with FW L0  is applicable
2025-12-24 19:24:20,981 [INFO] Rule:224 - rule ADC SamplingTime fix with FW L0  is applicable
2025-12-24 19:24:20,981 [INFO] Rule:224 - rule ADC SamplingTime fix with FW L0 is applicable
2025-12-24 19:24:20,981 [INFO] Rule:224 - rule ADC SamplingTime fix with FW L0 is applicable
2025-12-24 19:24:20,981 [INFO] Rule:224 - rule ADC SamplingTime fix with FW L0  is applicable
2025-12-24 19:24:20,981 [INFO] Rule:224 - rule ADC SamplingTime fix with FW L0 is applicable
2025-12-24 19:24:20,981 [INFO] Rule:224 - rule Rename USB_OE Signal is applicable
2025-12-24 19:24:20,981 [INFO] Rule:224 - rule Rename Activate_OE Mode is applicable
2025-12-24 19:24:20,981 [INFO] Rule:224 - rule Rename DIE462/DIE415 pin PC14/OSC32_IN -> PC14-OSC32_IN (PC14) is applicable
2025-12-24 19:24:20,981 [INFO] Rule:224 - rule Rename DIE462/DIE415 pin PC15/OSC32_OUT -> PC15-OSC32_OUT (PC15) is applicable
2025-12-24 19:24:20,981 [INFO] Rule:224 - rule Rename DIE462/DIE415 pin PH0/OSC_IN -> PH0-OSC_IN (PH0) is applicable
2025-12-24 19:24:20,981 [INFO] Rule:224 - rule Rename DIE462/DIE415 pin PH1/OSC_OUT -> PH1-OSC_OUT (PH1) is applicable
2025-12-24 19:24:20,981 [INFO] Rule:224 - rule Rename DIE462 pin PA13 -> PA13 (JTMS/SWDIO) is applicable
2025-12-24 19:24:20,981 [INFO] Rule:224 - rule Rename DIE415 pin PA13 -> PA13 (JTMS/SWDIO) is applicable
2025-12-24 19:24:20,981 [INFO] Rule:224 - rule Rename DIE462 pin PA14 -> PA14 (JTCK/SWCLK) is applicable
2025-12-24 19:24:20,981 [INFO] Rule:224 - rule Rename DIE415 pin PA14 -> PA14 (JTCK/SWCLK) is applicable
2025-12-24 19:24:20,981 [INFO] Rule:224 - rule Rename DIE462/DIE415 pin PA15 -> PA15 (JTDI) is applicable
2025-12-24 19:24:20,981 [INFO] Rule:224 - rule Rename DIE462 pin PB3 -> PB3 (JTD0/TRACESWO) is applicable
2025-12-24 19:24:20,981 [INFO] Rule:224 - rule Rename DIE415 pin PB3 -> PB3 (JTD0-TRACESWO) is applicable
2025-12-24 19:24:20,982 [INFO] Rule:224 - rule Rename DIE462/DIE415 pin PB4 -> PB4 (NJTRST) is applicable
2025-12-24 19:24:20,982 [INFO] Rule:224 - rule Rename DIE462 pin PH3/BOOT0 -> PH3-BOOT0 (BOOT0) is applicable
2025-12-24 19:24:20,982 [INFO] Rule:224 - rule Rename CRYP DataEncryptionTypesList to Algorithm is applicable
2025-12-24 19:24:20,982 [INFO] Rule:224 - rule Rename AES DataEncryptionTypesList to Algorithm is applicable
2025-12-24 19:24:20,982 [INFO] Rule:224 - rule Rename TDESECB to CRYP_TDES_ECB is applicable
2025-12-24 19:24:20,982 [INFO] Rule:224 - rule Rename TDESCBC to CRYP_TDES_CBC is applicable
2025-12-24 19:24:20,982 [INFO] Rule:224 - rule Rename DESECB to CRYP_DES_ECB is applicable
2025-12-24 19:24:20,982 [INFO] Rule:224 - rule Rename DESCBC to CRYP_DES_CBC is applicable
2025-12-24 19:24:20,982 [INFO] Rule:224 - rule Rename AESECB to CRYP_AES_ECB is applicable
2025-12-24 19:24:20,982 [INFO] Rule:224 - rule Rename AESCBC to CRYP_AES_CBC is applicable
2025-12-24 19:24:20,982 [INFO] Rule:224 - rule Rename AESCTR to CRYP_AES_CTR is applicable
2025-12-24 19:24:20,982 [INFO] Rule:224 - rule Rename AESGCM to CRYP_AES_GCM is applicable
2025-12-24 19:24:20,982 [INFO] Rule:224 - rule Rename AESCCM to CRYP_AES_CCM is applicable
2025-12-24 19:24:20,982 [INFO] Rule:224 - rule Rename CAN TimeSeg1 to BS1 is applicable
2025-12-24 19:24:20,982 [INFO] Rule:224 - rule Rename CAN TimeSeg2 to BS2 is applicable
2025-12-24 19:24:20,982 [INFO] Rule:224 - rule Rename CAN SyncJumpWidth to SJW is applicable
2025-12-24 19:24:20,982 [INFO] Rule:224 - rule TimeTriggeredMode to TTCM is applicable
2025-12-24 19:24:20,982 [INFO] Rule:224 - rule Rename CAN AutoBusOff to ABOM is applicable
2025-12-24 19:24:20,982 [INFO] Rule:224 - rule Rename CAN AutoWakeUp to AWUM is applicable
2025-12-24 19:24:20,982 [INFO] Rule:224 - rule Rename CAN AutoRetransmission to NART is applicable
2025-12-24 19:24:20,982 [INFO] Rule:224 - rule Rename CAN ReceiveFifoLocked to RFLM is applicable
2025-12-24 19:24:20,982 [INFO] Rule:224 - rule Rename CAN TransmitFifoPriority to TXFP is applicable
2025-12-24 19:24:20,982 [INFO] Rule:224 - rule Rename HRTIMER HRTIM_OUTPUTFAULTLEVEL_HIGH in HRTIMER HRTIM_OUTPUTFAULTLEVEL_HIGHZ is applicable
2025-12-24 19:24:20,982 [INFO] Rule:224 - rule Rename TIMER TIM_CLEARINPUTSOURCE_OCREFCLR in  TIMER TIM_CLEARINPUTSOURCE_NONE for F7 family is applicable
2025-12-24 19:24:20,982 [INFO] Rule:224 - rule FDCAN_R1 - Rename FDCAN mode Master into Classic is applicable
2025-12-24 19:24:20,982 [INFO] Rule:224 - rule FDCAN_R2 - Rename FDCAN mode Slave into Classic is applicable
2025-12-24 19:24:20,982 [INFO] Rule:224 - rule FDCAN1_R3 - if PA10.Mode=FullDuplex, add Pin PA12 is applicable
2025-12-24 19:24:20,982 [INFO] Rule:224 - rule FDCAN1_R3 - if PA9.Mode=FullDuplex, add Pin PA11 is applicable
2025-12-24 19:24:20,982 [INFO] Rule:224 - rule FDCAN1_R3 - Alternatepin_1 - if PE1.Mode=FullDuplex, add Pin PB9 is applicable
2025-12-24 19:24:20,982 [INFO] Rule:224 - rule FDCAN1_R3 - Alternatepin_1 - if PE0.Mode=FullDuplex, add Pin PB8 is applicable
2025-12-24 19:24:20,982 [INFO] Rule:224 - rule FDCAN1_R3 - Alternatepin_2 - if PD5.Mode=FullDuplex, add Pin PD1 is applicable
2025-12-24 19:24:20,982 [INFO] Rule:224 - rule FDCAN1_R3 - Alternatepin_2 - if PD4.Mode=FullDuplex, add Pin PD0 is applicable
2025-12-24 19:24:20,982 [INFO] Rule:224 - rule FDCAN1_R4 - Rename Mode FullDuplex into Enable FDCAN_TXFD for pin PA10 is applicable
2025-12-24 19:24:20,982 [INFO] Rule:224 - rule FDCAN1_R4 - Rename Mode FullDuplex into Enable FDCAN_TXFD for pin PA9 is applicable
2025-12-24 19:24:20,982 [INFO] Rule:224 - rule FDCAN1_R4 - Alternatepin_1 - Rename Mode FullDuplex into Enable FDCAN_TXFD for pin PE1 is applicable
2025-12-24 19:24:20,982 [INFO] Rule:224 - rule FDCAN1_R4 - Alternatepin_1 - Rename Mode FullDuplex into Enable FDCAN_TXFD for pin PE0 is applicable
2025-12-24 19:24:20,982 [INFO] Rule:224 - rule FDCAN1_R4 - Alternatepin_2 - Rename Mode FullDuplex into Enable FDCAN_TXFD for pin PD5 is applicable
2025-12-24 19:24:20,982 [INFO] Rule:224 - rule FDCAN1_R4 - Alternatepin_2 - Rename Mode FullDuplex into Enable FDCAN_TXFD for pin PD4 is applicable
2025-12-24 19:24:20,982 [INFO] Rule:224 - rule FDCAN2_R3 - if PD10.Mode=FullDuplex, add Pin PB13 is applicable
2025-12-24 19:24:20,982 [INFO] Rule:224 - rule FDCAN2_R3 - if PD9.Mode=FullDuplex, add Pin PB12 is applicable
2025-12-24 19:24:20,982 [INFO] Rule:224 - rule FDCAN2_R3 - Alternatepin_1 - if PB7.Mode=FullDuplex, add Pin PB6 is applicable
2025-12-24 19:24:20,982 [INFO] Rule:224 - rule FDCAN2_R3 - Alternatepin_1 - if PD9.Mode=FullDuplex, add Pin PB12 is applicable
2025-12-24 19:24:20,982 [INFO] Rule:224 - rule FDCAN2_R4 - Rename Mode FullDuplex into Enable FDCAN_TXFD for pin PD10 is applicable
2025-12-24 19:24:20,982 [INFO] Rule:224 - rule FDCAN2_R4 - Rename Mode FullDuplex into Enable FDCAN_TXFD for pin PD9 is applicable
2025-12-24 19:24:20,982 [INFO] Rule:224 - rule FDCAN2_R4 - Alternatepin_1 - Rename Mode FullDuplex into Enable FDCAN_TXFD for pin PB7 is applicable
2025-12-24 19:24:20,982 [INFO] Rule:224 - rule FDCAN2_R4 - Alternatepin_1 - Rename Mode FullDuplex into Enable FDCAN_TXFD for pin PD6 is applicable
2025-12-24 19:24:20,982 [INFO] Rule:224 - rule USART TxPinLevelInvertParam Mode is applicable
2025-12-24 19:24:20,982 [INFO] Rule:224 - rule USART RxPinLevelInvertParam Mode is applicable
2025-12-24 19:24:20,982 [INFO] Rule:224 - rule USART DataInvertParam Mode is applicable
2025-12-24 19:24:20,982 [INFO] Rule:224 - rule USART SwapParam Mode is applicable
2025-12-24 19:24:20,982 [INFO] Rule:224 - rule USART OverrunDisableParam Mode is applicable
2025-12-24 19:24:20,983 [INFO] Rule:224 - rule USART DMADisableonRxErrorParam Mode is applicable
2025-12-24 19:24:20,983 [INFO] Rule:224 - rule USART MSBFirstParam Mode is applicable
2025-12-24 19:24:20,983 [INFO] Rule:224 - rule Update MwName for USB_DEVICE is applicable
2025-12-24 19:24:20,983 [INFO] Rule:224 - rule Change PWR_Regulator_Voltage_Scale Default Value for RCC  H7 family is applicable
2025-12-24 19:24:20,983 [INFO] Rule:224 - rule UART/USART IPParameter rename Prescaler parameter to ClockPrescaler is applicable
2025-12-24 19:24:20,983 [INFO] Rule:224 - rule UART/USART Prescaler rename Prescaler parameter to ClockPrescaler is applicable
2025-12-24 19:24:20,983 [INFO] Rule:224 - rule TIM1CLockSelection is applicable
2025-12-24 19:24:20,983 [INFO] Rule:224 - rule TIM15CLockSelection is applicable
2025-12-24 19:24:20,983 [INFO] Rule:224 - rule align RCC SDMMC3CLockSelection default value on MP1 is applicable
2025-12-24 19:24:20,983 [INFO] Rule:224 - rule align RCC SDMMC12CLockSelection default value on MP1 is applicable
2025-12-24 19:24:20,983 [INFO] Rule:224 - rule align RCC QSPICLockSelection default value on MP1 is applicable
2025-12-24 19:24:20,983 [INFO] Rule:224 - rule align RCC QSPICLockSelection default value on MP1 is applicable
2025-12-24 19:24:20,983 [INFO] Rule:224 - rule align RCC SPI6CLockSelection default value on MP1 is applicable
2025-12-24 19:24:20,983 [INFO] Rule:224 - rule align RCC LPTIM23CLockSelection default value on MP1 is applicable
2025-12-24 19:24:20,983 [INFO] Rule:224 - rule align RCC LPTIM1CLockSelection default value on MP1 is applicable
2025-12-24 19:24:20,983 [INFO] Rule:224 - rule align RCC USART1CLockSelection default value on MP1 is applicable
2025-12-24 19:24:20,983 [INFO] Rule:224 - rule align RCC USART24CLockSelection default value on MP1 is applicable
2025-12-24 19:24:20,983 [INFO] Rule:224 - rule align RCC USART6CLockSelection default value on MP1 is applicable
2025-12-24 19:24:20,983 [INFO] Rule:224 - rule align RCC UART78CLockSelection default value on MP1 is applicable
2025-12-24 19:24:20,983 [INFO] Rule:224 - rule align RCC USART35CLockSelection default value on MP1 is applicable
2025-12-24 19:24:20,983 [INFO] Rule:224 - rule align RCC SPI45CLockSelection default value on MP1 is applicable
2025-12-24 19:24:20,983 [INFO] Rule:224 - rule align RCC I2C46CLockSelection BCLK value on MP1 is applicable
2025-12-24 19:24:20,983 [INFO] Rule:224 - rule align RCC SPI45CLockSelection default value on MP1 is applicable
2025-12-24 19:24:20,983 [INFO] Rule:224 - rule align RCC I2C12CLockSelection default value on MP1 is applicable
2025-12-24 19:24:20,983 [INFO] Rule:224 - rule align RCC I2C35CLockSelection default value on MP1 is applicable
2025-12-24 19:24:20,983 [INFO] Rule:224 - rule align RCC LPTIM45CLockSelection default value on MP1 is applicable
2025-12-24 19:24:20,983 [INFO] Rule:224 - rule Rename DCMI PIXCK signal is applicable
2025-12-24 19:24:20,983 [INFO] Rule:224 - rule Change Default Value for I2C46CLockSelection MP1 family is applicable
2025-12-24 19:24:20,983 [INFO] Rule:224 - rule Change Default Value for UART for G4, G0 and WB families is applicable
2025-12-24 19:24:20,983 [INFO] Rule:224 - rule Change Default Value for USART for G4, G0 and WB families is applicable
2025-12-24 19:24:20,983 [INFO] Rule:224 - rule Change Default Value for USART for G4 family is applicable
2025-12-24 19:24:20,983 [INFO] Rule:224 - rule Change USART1CLockSelection refparam name for MP1 is applicable
2025-12-24 19:24:20,983 [INFO] Rule:224 - rule Change USART2CLockSelection refparam name for MP1 is applicable
2025-12-24 19:24:20,983 [INFO] Rule:224 - rule Change USART3CLockSelection refparam name for MP1 is applicable
2025-12-24 19:24:20,983 [INFO] Rule:224 - rule Change UART4CLockSelection refparam name for MP1 is applicable
2025-12-24 19:24:20,983 [INFO] Rule:224 - rule Change UART5CLockSelection refparam name for MP1 is applicable
2025-12-24 19:24:20,983 [INFO] Rule:224 - rule Change LPUART1CLockSelection refparam name for MP1 is applicable
2025-12-24 19:24:20,983 [INFO] Rule:224 - rule Change LPTIM1CLockSelection refparam name for MP1 is applicable
2025-12-24 19:24:20,983 [INFO] Rule:224 - rule Change LPTIM2CLockSelection refparam name for MP1 is applicable
2025-12-24 19:24:20,983 [INFO] Rule:224 - rule Change RCC_MCO1Source refparam name for MP1 is applicable
2025-12-24 19:24:20,983 [INFO] Rule:224 - rule Change LSCOSource1 refparam name for MP1 is applicable
2025-12-24 19:24:20,983 [INFO] Rule:224 - rule Change SMPSCLockSelection refparam name for MP1 is applicable
2025-12-24 19:24:20,983 [INFO] Rule:224 - rule Change LPTIM3CLockSelection refparam name for MP1 is applicable
2025-12-24 19:24:20,983 [INFO] Rule:224 - rule Change MPCBB* Default Template Mode to Parameters is applicable
2025-12-24 19:24:20,983 [INFO] Rule:224 - rule Change MPCWM* or MPCBB* Secure Mode to Parameters is applicable
2025-12-24 19:24:20,983 [INFO] Rule:224 - rule Change MPCWM* or MPCBB* No Secure Mode to Parameters is applicable
2025-12-24 19:24:20,983 [INFO] Rule:224 - rule Change TZSC IP Secure Mode to Parameters is applicable
2025-12-24 19:24:20,983 [INFO] Rule:224 - rule Change TZSC IP No Secure Mode to Parameters is applicable
2025-12-24 19:24:20,983 [INFO] Rule:224 - rule Change TZSC IP Privilege Mode to Parameters is applicable
2025-12-24 19:24:20,983 [INFO] Rule:224 - rule Change TZSC IP No Privilege Mode to Parameters is applicable
2025-12-24 19:24:20,983 [INFO] Rule:224 - rule Change TZIC IT Secure Mode to Parameters is applicable
2025-12-24 19:24:20,983 [INFO] Rule:224 - rule Change TZIC IT No Secure Mode to Parameters is applicable
2025-12-24 19:24:20,983 [INFO] Rule:224 - rule Add MPCBB1_NonSecureArea_Start_Address value with referenced to MPCBB1_NonSecureArea_Start value is applicable
2025-12-24 19:24:20,983 [INFO] Rule:224 - rule Add MPCBB2_NonSecureArea_Start_Address value with referenced to MPCBB2_NonSecureArea_Start value is applicable
2025-12-24 19:24:20,983 [INFO] Rule:224 - rule Add MPCWM1_NonSecureArea*_Start_Address value with referenced to MPCWM1_NonSecureArea*_Start value is applicable
2025-12-24 19:24:20,983 [INFO] Rule:224 - rule Add MPCWM2_NonSecureArea*_Start_Address value with referenced to MPCWM2_NonSecureArea*_Start value is applicable
2025-12-24 19:24:20,984 [INFO] Rule:224 - rule Add MPCWM3_NonSecureArea_Start_Address value with referenced to MPCWM3_NonSecureArea_Start value is applicable
2025-12-24 19:24:20,984 [INFO] Rule:224 - rule Change Default Value for PLL1UserDefinedConfig is applicable
2025-12-24 19:24:20,984 [INFO] Rule:224 - rule Change GPIO_PuPd Default Value for USART in async mode is applicable
2025-12-24 19:24:20,984 [INFO] Rule:224 - rule Change SMPSDivider Default Value is applicable
2025-12-24 19:24:20,984 [INFO] Rule:224 - rule OPAMP is applicable
2025-12-24 19:24:20,984 [INFO] Rule:224 - rule LPUART IPParameter rename Prescaler parameter to ClockPrescaler for STM32H7 is applicable
2025-12-24 19:24:20,984 [INFO] Rule:224 - rule LPUART IPParameter rename Prescaler parameter to ClockPrescaler for STM32H7 is applicable
2025-12-24 19:24:20,984 [INFO] Rule:224 - rule LPUART IPParameter rename Prescaler parameter to ClockPrescaler for STM32WB is applicable
2025-12-24 19:24:20,984 [INFO] Rule:224 - rule LPUART IPParameter rename Prescaler parameter to ClockPrescaler for STM32WB is applicable
2025-12-24 19:24:20,984 [INFO] Rule:224 - rule LPUART IPParameter rename Prescaler parameter to ClockPrescaler for STM32G4 is applicable
2025-12-24 19:24:20,984 [INFO] Rule:224 - rule LPUART IPParameter rename Prescaler parameter to ClockPrescaler for STM32G4 is applicable
2025-12-24 19:24:20,984 [INFO] Rule:224 - rule LPUART IPParameter rename Prescaler parameter to ClockPrescaler for STM32L5 is applicable
2025-12-24 19:24:20,984 [INFO] Rule:224 - rule LPUART IPParameter rename Prescaler parameter to ClockPrescaler for STM32L5 is applicable
2025-12-24 19:24:20,984 [INFO] Rule:224 - rule LPUART IPParameter rename Prescaler parameter to ClockPrescaler for STM32G4 is applicable
2025-12-24 19:24:20,984 [INFO] Rule:224 - rule LPUART IPParameter rename Prescaler parameter to ClockPrescaler for STM32G4 is applicable
2025-12-24 19:24:20,984 [INFO] Rule:224 - rule USB device lib V2.5.3 for L0 rename USBD_SUPPORT_USER_STRING parameter to USBD_SUPPORT_USER_STRING_DESC4 is applicable
2025-12-24 19:24:20,984 [INFO] Rule:224 - rule I2SCLockSelection clock entry align is applicable
2025-12-24 19:24:20,984 [INFO] Rule:224 - rule Assign TIMx context if used as SYS timebase is applicable
2025-12-24 19:24:20,984 [INFO] Rule:224 - rule Change GPIO_Pu Default Value for I2C is applicable
2025-12-24 19:24:20,984 [INFO] Rule:224 - rule Change GPIO_Pu Default Value for SMBus is applicable
2025-12-24 19:24:20,984 [INFO] Rule:224 - rule change FDCAN default value is applicable
2025-12-24 19:24:20,984 [INFO] Rule:224 - rule Change mode sai is applicable
2025-12-24 19:24:20,984 [INFO] Rule:224 - rule **Change sai mode is applicable
2025-12-24 19:24:20,984 [INFO] Rule:224 - rule Rename STM32WPAN CFG_BLE_IRK to CFG_BLE_IR is applicable
2025-12-24 19:24:20,984 [INFO] Rule:224 - rule Rename STM32WPAN CFG_BLE_ERK to CFG_BLE_ER is applicable
2025-12-24 19:24:20,984 [INFO] Rule:224 - rule Rename STM32WPAN CFG_BLE_IRK_HEX to CFG_BLE_IR_HEX is applicable
2025-12-24 19:24:20,984 [INFO] Rule:224 - rule Rename STM32WPAN CFG_BLE_ERK_HEX to CFG_BLE_ER_HEX is applicable
2025-12-24 19:24:20,984 [INFO] Rule:224 - rule Adapt Old IOC before rework replace old CORTEX_M33/CORTEX_M55 attributes by the new one. is applicable
2025-12-24 19:24:20,984 [INFO] Rule:224 - rule Rename parametre of RCC RCC_APBDBG_DIV2 to RCC_TIMPRES_DIV2 is applicable
2025-12-24 19:24:20,984 [INFO] Rule:224 - rule Rename DIE493 pin PA10 [PA12] -> PA10 is applicable
2025-12-24 19:24:20,984 [INFO] Rule:224 - rule Rename DIE493 pin PA9 [PA11] -> PA9 is applicable
2025-12-24 19:24:20,991 [INFO] DbConfProperties:307 - Apply Compatibility (24/234 Rules)
2025-12-24 19:24:21,008 [INFO] ImportTextPane:218 - (OptionalMessage_ERROR) Unable to find key (Mcu.ThirdPartyNb) in loaded IOC file
2025-12-24 19:24:21,009 [INFO] ImportTextPane:218 - (OptionalMessage_ERROR) Pin12 (VP_RIF_VS_RIF1) cannot be retrieved for this MCU
2025-12-24 19:24:21,094 [INFO] RtosManager:558 - Registered RTOS mode: class=CMSIS, group=RTOS, mode=CMSIS_V1, owner=FREERTOS
2025-12-24 19:24:21,094 [INFO] RtosManager:558 - Registered RTOS mode: class=CMSIS, group=RTOS2, mode=CMSIS_V2, owner=FREERTOS
2025-12-24 19:24:21,094 [INFO] RtosManager:558 - Registered RTOS mode: class=RTOS, group=Core, mode=CMSIS_V1, owner=FREERTOS
2025-12-24 19:24:21,094 [INFO] RtosManager:558 - Registered RTOS mode: class=RTOS, group=Core, mode=CMSIS_V2, owner=FREERTOS
2025-12-24 19:24:21,094 [WARN] ModelIntegratedComponent:184 - Missing modes for component STMicroelectronics:FreeRTOS:0.0.1:STMicroelectronics:RTOS:FreeRTOS:Core:::10.2.0:
2025-12-24 19:24:21,102 [WARN] ModelIntegratedComponent:63 - No mode defined for component null
2025-12-24 19:24:21,102 [WARN] ModelIntegratedComponent:63 - No mode defined for component null
2025-12-24 19:24:21,102 [WARN] ModelIntegratedComponent:63 - No mode defined for component null
2025-12-24 19:24:21,102 [WARN] ModelIntegratedComponent:63 - No mode defined for component null
2025-12-24 19:24:21,102 [WARN] ModelIntegratedComponent:63 - No mode defined for component null
2025-12-24 19:24:21,102 [WARN] ModelIntegratedComponent:63 - No mode defined for component null
2025-12-24 19:24:21,102 [WARN] ModelIntegratedComponent:63 - No mode defined for component null
2025-12-24 19:24:21,102 [WARN] ModelIntegratedComponent:63 - No mode defined for component null
2025-12-24 19:24:21,102 [WARN] ModelIntegratedComponent:63 - No mode defined for component null
2025-12-24 19:24:21,102 [WARN] ModelIntegratedComponent:63 - No mode defined for component null
2025-12-24 19:24:21,102 [WARN] ModelIntegratedComponent:63 - No mode defined for component null
2025-12-24 19:24:21,102 [WARN] ModelIntegratedComponent:63 - No mode defined for component null
2025-12-24 19:24:21,102 [WARN] ModelIntegratedComponent:63 - No mode defined for component null
2025-12-24 19:24:21,102 [WARN] ModelIntegratedComponent:63 - No mode defined for component null
2025-12-24 19:24:21,102 [WARN] ModelIntegratedComponent:63 - No mode defined for component null
2025-12-24 19:24:21,102 [WARN] ModelIntegratedComponent:63 - No mode defined for component null
2025-12-24 19:24:21,102 [WARN] ModelIntegratedComponent:63 - No mode defined for component null
2025-12-24 19:24:21,102 [WARN] ModelIntegratedComponent:63 - No mode defined for component null
2025-12-24 19:24:21,102 [WARN] ModelIntegratedComponent:63 - No mode defined for component null
2025-12-24 19:24:21,102 [WARN] ModelIntegratedComponent:63 - No mode defined for component null
2025-12-24 19:24:21,102 [WARN] ModelIntegratedComponent:63 - No mode defined for component null
2025-12-24 19:24:21,102 [WARN] ModelIntegratedComponent:63 - No mode defined for component null
2025-12-24 19:24:21,102 [WARN] ModelIntegratedComponent:63 - No mode defined for component null
2025-12-24 19:24:21,102 [WARN] ModelIntegratedComponent:63 - No mode defined for component null
2025-12-24 19:24:21,102 [WARN] ModelIntegratedComponent:63 - No mode defined for component null
2025-12-24 19:24:21,102 [WARN] ModelIntegratedComponent:63 - No mode defined for component null
2025-12-24 19:24:21,102 [WARN] ModelIntegratedComponent:63 - No mode defined for component null
2025-12-24 19:24:21,102 [WARN] ModelIntegratedComponent:63 - No mode defined for component null
2025-12-24 19:24:21,102 [WARN] ModelIntegratedComponent:63 - No mode defined for component null
2025-12-24 19:24:21,102 [WARN] ModelIntegratedComponent:63 - No mode defined for component null
2025-12-24 19:24:21,102 [WARN] ModelIntegratedComponent:63 - No mode defined for component null
2025-12-24 19:24:21,102 [WARN] ModelIntegratedComponent:63 - No mode defined for component null
2025-12-24 19:24:21,102 [WARN] ModelIntegratedComponent:63 - No mode defined for component null
2025-12-24 19:24:21,102 [WARN] ModelIntegratedComponent:63 - No mode defined for component null
2025-12-24 19:24:21,102 [WARN] ModelIntegratedComponent:63 - No mode defined for component null
2025-12-24 19:24:21,102 [WARN] ModelPack:524 - Component already loaded: STMicroelectronics:HAL Drivers:0.0.0:STMicroelectronics:Device:STMicro_Driver:XSPI:HAL::0.0.1:HAL_XSPI
2025-12-24 19:24:21,120 [INFO] ThirdPartyModel:298 - Start build external matchings
2025-12-24 19:24:21,503 [INFO] ThirdPartyModel:316 - End build external matchings
2025-12-24 19:24:21,514 [INFO] ImportTextPane:218 - (OptionalMessage_ERROR) IP (RCC) : Parameter (ADCFreqValue) has invalid value (32000000)
2025-12-24 19:24:21,514 [INFO] ImportTextPane:218 - (OptionalMessage_ERROR) IP (RCC) : Invalid parameter (FamilyName)
2025-12-24 19:24:21,514 [INFO] ImportTextPane:218 - (OptionalMessage_ERROR) IP (RCC) : Parameter (MCOFreq_Value) has invalid value (64000000)
2025-12-24 19:24:21,515 [INFO] ImportTextPane:218 - (OptionalMessage_ERROR) IP (RCC) : Parameter (USBFreq_Value) has invalid value (64000000)
2025-12-24 19:24:21,788 [INFO] UtilMem:75 - End LoadConfig() Used Memory: 764268296 Bytes (1073741824)
2025-12-24 19:24:21,899 [WARN] ThirdParty:833 - waiting for thirdparty lock release [change project]
2025-12-24 19:24:21,900 [INFO] ThirdParty:835 - entering critical section [change project]
2025-12-24 19:24:21,900 [INFO] ThirdParty:1030 - CMSIS Pack Vendor :STMicroelectronics X-CUBE-PM33A1 1.0.0
2025-12-24 19:24:21,900 [INFO] ThirdParty:1030 - CMSIS Pack Vendor :STMicroelectronics USBPD 4.1
2025-12-24 19:24:21,900 [INFO] ThirdParty:1030 - CMSIS Pack Vendor :STMicroelectronics X-CUBE-NFC9 1.0.0
2025-12-24 19:24:21,900 [INFO] ThirdParty:1030 - CMSIS Pack Vendor :STMicroelectronics USB_HOST 2.0.0
2025-12-24 19:24:21,900 [INFO] ThirdParty:1030 - CMSIS Pack Vendor :STMicroelectronics FP-SNS-MOTENVWB1 1.4.0
2025-12-24 19:24:21,900 [INFO] ThirdParty:1030 - CMSIS Pack Vendor :STMicroelectronics X-CUBE-AZRTOS-F4 1.1.0
2025-12-24 19:24:21,900 [INFO] ThirdParty:1030 - CMSIS Pack Vendor :STMicroelectronics LIBJPEG 8.0.0
2025-12-24 19:24:21,900 [INFO] ThirdParty:1030 - CMSIS Pack Vendor :STMicroelectronics FP-ATR-ASTRA1 2.0.2
2025-12-24 19:24:21,900 [INFO] ThirdParty:1030 - CMSIS Pack Vendor :STMicroelectronics X-CUBE-BLE1 7.1.0
2025-12-24 19:24:21,900 [INFO] ThirdParty:1030 - CMSIS Pack Vendor :STMicroelectronics X-CUBE-SMBUS 2.1.0
2025-12-24 19:24:21,900 [INFO] ThirdParty:1030 - CMSIS Pack Vendor :wolfSSL I-CUBE-wolfMQTT 1.19.2
2025-12-24 19:24:21,900 [INFO] ThirdParty:1030 - CMSIS Pack Vendor :STMicroelectronics USB_DEVICE 3.0.0
2025-12-24 19:24:21,900 [INFO] ThirdParty:1030 - CMSIS Pack Vendor :STMicroelectronics X-CUBE-ISPU 2.1.0
2025-12-24 19:24:21,900 [INFO] ThirdParty:1030 - CMSIS Pack Vendor :STMicroelectronics X-CUBE-EEPRMA1 5.2.0
2025-12-24 19:24:21,900 [INFO] ThirdParty:1030 - CMSIS Pack Vendor :STMicroelectronics X-CUBE-BLEMGR 4.1.0
2025-12-24 19:24:21,900 [INFO] ThirdParty:1030 - CMSIS Pack Vendor :STMicroelectronics X-CUBE-AZRTOS-WB 2.0.0
2025-12-24 19:24:21,900 [INFO] ThirdParty:1030 - CMSIS Pack Vendor :wolfSSL I-CUBE-wolfSSL 5.8.4
2025-12-24 19:24:21,900 [INFO] ThirdParty:1030 - CMSIS Pack Vendor :Cesanta I-CUBE-Mongoose 7.20.0
2025-12-24 19:24:21,900 [INFO] ThirdParty:1030 - CMSIS Pack Vendor :STMicroelectronics X-CUBE-NFC12 1.0.0
2025-12-24 19:24:21,900 [INFO] ThirdParty:1030 - CMSIS Pack Vendor :STMicroelectronics X-CUBE-AZRTOS-F7 1.1.0
2025-12-24 19:24:21,900 [INFO] ThirdParty:1030 - CMSIS Pack Vendor :STMicroelectronics X-CUBE-AZRTOS-L5 2.0.0
2025-12-24 19:24:21,900 [INFO] ThirdParty:1030 - CMSIS Pack Vendor :STMicroelectronics USB_DEVICE 2.0.0
2025-12-24 19:24:21,900 [INFO] ThirdParty:1030 - CMSIS Pack Vendor :STMicroelectronics X-CUBE-NFC6 3.1.0
2025-12-24 19:24:21,900 [INFO] ThirdParty:1030 - CMSIS Pack Vendor :quantropi X-CUBE-qispace-sdk-base 2.1.0
2025-12-24 19:24:21,900 [INFO] ThirdParty:1030 - CMSIS Pack Vendor :STMicroelectronics X-CUBE-MEMS1 12.0.0
2025-12-24 19:24:21,900 [INFO] ThirdParty:1030 - CMSIS Pack Vendor :STMicroelectronics FreeRTOS 0.0.1
2025-12-24 19:24:21,900 [INFO] ThirdParty:1030 - CMSIS Pack Vendor :STMicroelectronics X-CUBE-AZRTOS-G0 1.1.0
2025-12-24 19:24:21,900 [INFO] ThirdParty:1030 - CMSIS Pack Vendor :STMicroelectronics X-CUBE-NFC4 3.0.0
2025-12-24 19:24:21,900 [INFO] ThirdParty:1030 - CMSIS Pack Vendor :STMicroelectronics X-CUBE-SUBG2 5.0.0
2025-12-24 19:24:21,900 [INFO] ThirdParty:1030 - CMSIS Pack Vendor :STMicroelectronics STM32_WPAN 1.0.0
2025-12-24 19:24:21,900 [INFO] ThirdParty:1030 - CMSIS Pack Vendor :EmbeddedOffice I-CUBE-FS-RTOS 1.0.1
2025-12-24 19:24:21,900 [INFO] ThirdParty:1030 - CMSIS Pack Vendor :STMicroelectronics lwIP 2.0.3
2025-12-24 19:24:21,900 [INFO] ThirdParty:1030 - CMSIS Pack Vendor :STMicroelectronics USB_HOST 1.0.0
2025-12-24 19:24:21,900 [INFO] ThirdParty:1030 - CMSIS Pack Vendor :STMicroelectronics X-CUBE-AZRTOS-G4 2.0.0
2025-12-24 19:24:21,900 [INFO] ThirdParty:1030 - CMSIS Pack Vendor :STMicroelectronics X-CUBE-WB05N 2.0.0
2025-12-24 19:24:21,900 [INFO] ThirdParty:1030 - CMSIS Pack Vendor :STMicroelectronics PDM2PCM 3.1.0
2025-12-24 19:24:21,900 [INFO] ThirdParty:1030 - CMSIS Pack Vendor :STMicroelectronics PDM2PCM 3.3.0
2025-12-24 19:24:21,900 [INFO] ThirdParty:1030 - CMSIS Pack Vendor :wolfSSL I-CUBE-wolfTPM 3.8.0
2025-12-24 19:24:21,900 [INFO] ThirdParty:1030 - CMSIS Pack Vendor :STMicroelectronics X-CUBE-AZRTOS-H7 3.4.0
2025-12-24 19:24:21,900 [INFO] ThirdParty:1030 - CMSIS Pack Vendor :STMicroelectronics X-CUBE-DISPLAY 3.0.0
2025-12-24 19:24:21,900 [INFO] ThirdParty:1030 - CMSIS Pack Vendor :wolfSSL I-CUBE-wolfSSH 1.4.20
2025-12-24 19:24:21,900 [INFO] ThirdParty:1030 - CMSIS Pack Vendor :STMicroelectronics X-CUBE-NFC7 2.0.0
2025-12-24 19:24:21,900 [INFO] ThirdParty:1030 - CMSIS Pack Vendor :STMicroelectronics X-CUBE-TCPP 4.2.0
2025-12-24 19:24:21,900 [INFO] ThirdParty:1030 - CMSIS Pack Vendor :RealThread X-CUBE-RT-Thread_Nano 4.1.1
2025-12-24 19:24:21,900 [INFO] ThirdParty:1030 - CMSIS Pack Vendor :STMicroelectronics FP-ATR-SIGFOX1 3.2.0
2025-12-24 19:24:21,900 [INFO] ThirdParty:1030 - CMSIS Pack Vendor :STMicroelectronics X-CUBE-NFC10 1.0.0
2025-12-24 19:24:21,900 [INFO] ThirdParty:1030 - CMSIS Pack Vendor :STMicroelectronics HAL Drivers 0.0.0
2025-12-24 19:24:21,900 [INFO] ThirdParty:1030 - CMSIS Pack Vendor :STMicroelectronics MBEDTLS 2.16.2
2025-12-24 19:24:21,900 [INFO] ThirdParty:1030 - CMSIS Pack Vendor :STMicroelectronics X-CUBE-ST60 1.1.0
2025-12-24 19:24:21,900 [INFO] ThirdParty:1030 - CMSIS Pack Vendor :STMicroelectronics X-CUBE-ALS 1.0.2
2025-12-24 19:24:21,900 [INFO] ThirdParty:1030 - CMSIS Pack Vendor :emotas I-CUBE-CANOPEN 1.3.0
2025-12-24 19:24:21,900 [INFO] ThirdParty:1030 - CMSIS Pack Vendor :STMicroelectronics MBEDTLS 2.14.1
2025-12-24 19:24:21,900 [INFO] ThirdParty:1030 - CMSIS Pack Vendor :STMicroelectronics X-CUBE-GNSS1 7.1.0
2025-12-24 19:24:21,900 [INFO] ThirdParty:1030 - CMSIS Pack Vendor :ITTIA_DB I-CUBE-ITTIADB 8.9.0
2025-12-24 19:24:21,901 [INFO] ThirdParty:1030 - CMSIS Pack Vendor :STMicroelectronics X-CUBE-TOUCHGFX 4.26.0
2025-12-24 19:24:21,901 [INFO] ThirdParty:1030 - CMSIS Pack Vendor :STMicroelectronics X-CUBE-STSE01 1.0.0
2025-12-24 19:24:21,901 [INFO] ThirdParty:1030 - CMSIS Pack Vendor :STMicroelectronics X-CUBE-AI 10.2.0
2025-12-24 19:24:21,901 [INFO] ThirdParty:1030 - CMSIS Pack Vendor :STMicroelectronics FP-SNS-STAIOTCFT 1.0.0
2025-12-24 19:24:21,901 [INFO] ThirdParty:1030 - CMSIS Pack Vendor :STMicroelectronics ThreadX 1.0.0
2025-12-24 19:24:21,901 [INFO] ThirdParty:1030 - CMSIS Pack Vendor :STMicroelectronics FP-SNS-SMARTAG2 1.2.0
2025-12-24 19:24:21,901 [INFO] ThirdParty:1030 - CMSIS Pack Vendor :STMicroelectronics FP-SNS-FLIGHT1 5.1.0
2025-12-24 19:24:21,901 [INFO] ThirdParty:1030 - CMSIS Pack Vendor :STMicroelectronics X-CUBE-AZRTOS-WL 2.0.0
2025-12-24 19:24:21,901 [INFO] ThirdParty:1030 - CMSIS Pack Vendor :SEGGER I-CUBE-embOS 1.3.1
2025-12-24 19:24:21,901 [INFO] ThirdParty:1030 - CMSIS Pack Vendor :STMicroelectronics X-CUBE-ALGOBUILD 1.4.0
2025-12-24 19:24:21,901 [INFO] ThirdParty:1030 - CMSIS Pack Vendor :STMicroelectronics X-CUBE-DPower 1.3.0
2025-12-24 19:24:21,901 [INFO] ThirdParty:1030 - CMSIS Pack Vendor :STMicroelectronics USB_DEVICE 1.0.0
2025-12-24 19:24:21,901 [INFO] ThirdParty:1030 - CMSIS Pack Vendor :STMicroelectronics X-CUBE-AZRTOS-H7RS 1.2.0
2025-12-24 19:24:21,901 [INFO] ThirdParty:1030 - CMSIS Pack Vendor :STMicroelectronics X-CUBE-AZRTOS-L4 2.0.0
2025-12-24 19:24:21,901 [INFO] ThirdParty:1030 - CMSIS Pack Vendor :STMicroelectronics ThreadX 0.0.2
2025-12-24 19:24:21,901 [INFO] ThirdParty:1030 - CMSIS Pack Vendor :STMicroelectronics lwIP 2.1.2
2025-12-24 19:24:21,901 [INFO] ThirdParty:1030 - CMSIS Pack Vendor :STMicroelectronics X-CUBE-SFXS2LP1 4.0.0
2025-12-24 19:24:21,901 [INFO] ThirdParty:1030 - CMSIS Pack Vendor :STMicroelectronics X-CUBE-BLE2 3.3.0
2025-12-24 19:24:21,901 [INFO] ThirdParty:1030 - CMSIS Pack Vendor :Avnet-IOTCONNECT X-CUBE-iotc-st67-sdk 1.0.0
2025-12-24 19:24:21,901 [INFO] ThirdParty:1030 - CMSIS Pack Vendor :STMicroelectronics X-CUBE-TOF1 3.4.3
2025-12-24 19:24:21,901 [INFO] ThirdParty:1030 - CMSIS Pack Vendor :Infineon AIROC-Wi-Fi-Bluetooth-STM32 1.8.0
2025-12-24 19:24:21,901 [INFO] ThirdParty:1030 - CMSIS Pack Vendor :STMicroelectronics PDM2PCM 3.2.0
2025-12-24 19:24:21,901 [INFO] ThirdParty:841 - exiting critical section [change project]
2025-12-24 19:24:22,011 [INFO] PinOutPanel:1589 - setPackage(No Configuration,No Configuration)
2025-12-24 19:24:22,011 [INFO] PinOutPanel:1589 - setPackage(STM32F103RBTx,LQFP64)
2025-12-24 19:24:22,213 [INFO] UtilMem:75 - Before build in PCC Used Memory: 855359544 Bytes (1073741824)
2025-12-24 19:24:22,392 [INFO] UtilMem:75 - After build in PCC Used Memory: 899992320 Bytes (1073741824)
2025-12-24 19:24:22,403 [INFO] IPUIPlugin:80 - create IPUIPlugin
2025-12-24 19:24:22,403 [INFO] IPUIPlugin:80 - create IPUIPlugin
2025-12-24 19:24:22,404 [INFO] IPUIPlugin:80 - create IPUIPlugin
2025-12-24 19:24:22,404 [INFO] IPUIPlugin:80 - create IPUIPlugin
2025-12-24 19:24:22,404 [INFO] IPUIPlugin:80 - create IPUIPlugin
2025-12-24 19:24:22,404 [INFO] IPUIPlugin:80 - create IPUIPlugin
2025-12-24 19:24:22,404 [INFO] IPUIPlugin:80 - create IPUIPlugin
2025-12-24 19:24:22,404 [INFO] IPUIPlugin:80 - create IPUIPlugin
2025-12-24 19:24:22,405 [INFO] IPUIPlugin:80 - create IPUIPlugin
2025-12-24 19:24:22,405 [INFO] IPUIPlugin:80 - create IPUIPlugin
2025-12-24 19:24:22,405 [INFO] IPUIPlugin:80 - create IPUIPlugin
2025-12-24 19:24:22,405 [INFO] IPUIPlugin:80 - create IPUIPlugin
2025-12-24 19:24:22,406 [INFO] IPUIPlugin:80 - create IPUIPlugin
2025-12-24 19:24:22,406 [INFO] IPUIPlugin:80 - create IPUIPlugin
2025-12-24 19:24:22,406 [INFO] IPUIPlugin:80 - create IPUIPlugin
2025-12-24 19:24:22,406 [INFO] IPUIPlugin:80 - create IPUIPlugin
2025-12-24 19:24:22,406 [INFO] IPUIPlugin:80 - create IPUIPlugin
2025-12-24 19:24:22,407 [INFO] IPUIPlugin:80 - create IPUIPlugin
2025-12-24 19:24:22,407 [INFO] IPUIPlugin:80 - create IPUIPlugin
2025-12-24 19:24:22,407 [INFO] IPUIPlugin:80 - create IPUIPlugin
2025-12-24 19:24:22,407 [INFO] IPUIPlugin:80 - create IPUIPlugin
2025-12-24 19:24:22,407 [INFO] IPUIPlugin:80 - create IPUIPlugin
2025-12-24 19:24:22,407 [INFO] IPUIPlugin:80 - create IPUIPlugin
2025-12-24 19:24:22,408 [INFO] IPUIPlugin:80 - create IPUIPlugin
2025-12-24 19:24:22,408 [INFO] IPUIPlugin:80 - create IPUIPlugin
2025-12-24 19:24:22,408 [INFO] IPUIPlugin:80 - create IPUIPlugin
2025-12-24 19:24:22,408 [INFO] IPUIPlugin:80 - create IPUIPlugin
2025-12-24 19:24:22,442 [INFO] CADModel:165 - CPN selected for project levelSTM32F103RBT6
2025-12-24 19:24:22,442 [INFO] CADModel:114 - Register for checkConnection events
2025-12-24 19:24:22,492 [INFO] OpenFileManager:385 - Restore cursor
2025-12-24 19:24:22,784 [INFO] UtilMem:75 - End SaveConfig() Used Memory: 983420680 Bytes (1073741824)
2025-12-24 19:24:22,845 [INFO] UtilMem:75 - End SaveConfig() Used Memory: 998627080 Bytes (1073741824)
2025-12-24 19:24:23,050 [INFO] BlockDiagram:2775 - set Specific Code input for plugin: NVIC
2025-12-24 19:24:23,051 [INFO] BlockDiagram:2775 - set Specific Code input for plugin: USART
2025-12-24 19:24:23,051 [INFO] BlockDiagram:2775 - set Specific Code input for plugin: SYS
2025-12-24 19:24:23,051 [INFO] BlockDiagram:2775 - set Specific Code input for plugin: GPIO
2025-12-24 19:24:23,051 [INFO] BlockDiagram:2775 - set Specific Code input for plugin: RCC
2025-12-24 19:24:23,052 [INFO] CodeGenerator:882 - code generatio: config db path: C:\ST\STM32CubeIDE_1.18.0\STM32CubeIDE\plugins\com.st.stm32cube.common.mx_6.14.0.202502271554\\db\
2025-12-24 19:24:23,108 [INFO] CodeEngine:263 - oldGeneratedFile, C:\Users\John.DESKTOP-ACCU4EE\Desktop\Embedded-C\My_Workspace\host\001HelloWorld\MXTmpFiles\license.tmp_save
2025-12-24 19:24:23,273 [INFO] CodeEngine:287 - Generated code: C:\Users\John.DESKTOP-ACCU4EE\Desktop\Embedded-C\My_Workspace\host\001HelloWorld\MXTmpFiles\license.tmp
2025-12-24 19:24:23,302 [INFO] CodeEngine:263 - oldGeneratedFile, C:\Users\John.DESKTOP-ACCU4EE\Desktop\Embedded-C\My_Workspace\host\001HelloWorld\MXTmpFiles\gpio.tmp_save
2025-12-24 19:24:23,397 [INFO] CodeEngine:287 - Generated code: C:\Users\John.DESKTOP-ACCU4EE\Desktop\Embedded-C\My_Workspace\host\001HelloWorld\MXTmpFiles\gpio.tmp
2025-12-24 19:24:23,437 [INFO] CodeEngine:263 - oldGeneratedFile, C:\Users\John.DESKTOP-ACCU4EE\Desktop\Embedded-C\My_Workspace\host\001HelloWorld\Core\Src\stm32f1xx_it.c_save
2025-12-24 19:24:23,613 [INFO] CodeEngine:287 - Generated code: C:\Users\John.DESKTOP-ACCU4EE\Desktop\Embedded-C\My_Workspace\host\001HelloWorld\Core\Src\stm32f1xx_it.c
2025-12-24 19:24:23,619 [INFO] CodeEngine:263 - oldGeneratedFile, C:\Users\John.DESKTOP-ACCU4EE\Desktop\Embedded-C\My_Workspace\host\001HelloWorld\Core\Inc\stm32f1xx_it.h_save
2025-12-24 19:24:23,703 [INFO] CodeEngine:287 - Generated code: C:\Users\John.DESKTOP-ACCU4EE\Desktop\Embedded-C\My_Workspace\host\001HelloWorld\Core\Inc\stm32f1xx_it.h
2025-12-24 19:24:23,717 [INFO] CodeEngine:263 - oldGeneratedFile, C:\Users\John.DESKTOP-ACCU4EE\Desktop\Embedded-C\My_Workspace\host\001HelloWorld\Core\Src\stm32f1xx_hal_msp.c_save
2025-12-24 19:24:23,828 [INFO] CodeEngine:287 - Generated code: C:\Users\John.DESKTOP-ACCU4EE\Desktop\Embedded-C\My_Workspace\host\001HelloWorld\Core\Src\stm32f1xx_hal_msp.c
2025-12-24 19:24:23,832 [INFO] CodeEngine:263 - oldGeneratedFile, C:\Users\John.DESKTOP-ACCU4EE\Desktop\Embedded-C\My_Workspace\host\001HelloWorld\MXTmpFiles\system.tmp_save
2025-12-24 19:24:23,881 [INFO] CodeEngine:287 - Generated code: C:\Users\John.DESKTOP-ACCU4EE\Desktop\Embedded-C\My_Workspace\host\001HelloWorld\MXTmpFiles\system.tmp
2025-12-24 19:24:23,893 [INFO] CodeEngine:319 - oldGeneratedFile, C:\Users\John.DESKTOP-ACCU4EE\Desktop\Embedded-C\My_Workspace\host\001HelloWorld\Core\Inc\stm32f1xx_hal_conf.h_save
2025-12-24 19:24:23,943 [INFO] CodeEngine:343 - Generated code: C:\Users\John.DESKTOP-ACCU4EE\Desktop\Embedded-C\My_Workspace\host\001HelloWorld\Core\Inc\stm32f1xx_hal_conf.h
2025-12-24 19:24:23,962 [INFO] ApiDbMcu:508 - Load IP Config File for USART2
2025-12-24 19:24:23,964 [INFO] ApiDbMcu:508 - Load IP Config File for RCC
2025-12-24 19:24:23,974 [INFO] CodeEngine:263 - oldGeneratedFile, C:\Users\John.DESKTOP-ACCU4EE\Desktop\Embedded-C\My_Workspace\host\001HelloWorld\Core\Inc\main.h_save
2025-12-24 19:24:24,047 [INFO] CodeEngine:287 - Generated code: C:\Users\John.DESKTOP-ACCU4EE\Desktop\Embedded-C\My_Workspace\host\001HelloWorld\Core\Inc\main.h
2025-12-24 19:24:24,057 [INFO] CodeEngine:263 - oldGeneratedFile, C:\Users\John.DESKTOP-ACCU4EE\Desktop\Embedded-C\My_Workspace\host\001HelloWorld\Core\Src\main.c_save
2025-12-24 19:24:24,138 [INFO] CodeEngine:287 - Generated code: C:\Users\John.DESKTOP-ACCU4EE\Desktop\Embedded-C\My_Workspace\host\001HelloWorld\Core\Src\main.c
2025-12-24 19:24:24,774 [INFO] ProjectBuilder:3324 - Time for Copy HAL[1] : 448mS.
2025-12-24 19:24:24,792 [INFO] ProjectBuilder:4912 - Project Generator version: 4.6.0-B36
2025-12-24 19:24:24,935 [INFO] ConfigFileManager:1590 - The Die is : DIE410
2025-12-24 19:24:24,942 [INFO] ApiDbMcu:508 - Load IP Config File for FATFS
2025-12-24 19:24:24,948 [INFO] ApiDbMcu:508 - Load IP Config File for FREERTOS
2025-12-24 19:24:24,955 [INFO] ApiDbMcu:508 - Load IP Config File for USB_DEVICE
2025-12-24 19:24:25,012 [ERROR] AdobePublisher:162 - Exception while opening the connection: java.net.UnknownHostException: stmicroelectronics.d3.sc.omtrdc.net
2025-12-24 19:24:25,013 [ERROR] AdobePublisher:162 - Exception while opening the connection: java.net.UnknownHostException: stmicroelectronics.d3.sc.omtrdc.net
2025-12-24 19:24:25,013 [ERROR] AdobePublisher:162 - Exception while opening the connection: java.net.UnknownHostException: stmicroelectronics.d3.sc.omtrdc.net
2025-12-24 19:24:25,013 [ERROR] AdobePublisher:162 - Exception while opening the connection: java.net.UnknownHostException: stmicroelectronics.d3.sc.omtrdc.net
2025-12-24 19:24:25,013 [ERROR] AdobePublisher:162 - Exception while opening the connection: java.net.UnknownHostException: stmicroelectronics.d3.sc.omtrdc.net
2025-12-24 19:24:27,173 [INFO] ProjectBuilder:5191 - Time for Generating toolchain IDE Files: 2381mS.
2025-12-24 19:24:27,174 [INFO] ProjectBuilder:3181 - Time for Copy CMSIS : 1mS.
2025-12-24 19:24:27,178 [INFO] ProjectBuilder:3181 - Time for Copy CMSIS : 1mS.
2025-12-24 19:24:27,730 [ERROR] AdobePublisher:162 - Exception while opening the connection: java.net.UnknownHostException: stmicroelectronics.d3.sc.omtrdc.net
2025-12-24 19:24:27,730 [ERROR] AdobePublisher:162 - Exception while opening the connection: java.net.UnknownHostException: stmicroelectronics.d3.sc.omtrdc.net
2025-12-24 19:24:27,730 [ERROR] AdobePublisher:162 - Exception while opening the connection: java.net.UnknownHostException: stmicroelectronics.d3.sc.omtrdc.net
2025-12-24 19:24:27,730 [ERROR] AdobePublisher:162 - Exception while opening the connection: java.net.UnknownHostException: stmicroelectronics.d3.sc.omtrdc.net
2025-12-24 19:24:27,730 [ERROR] AdobePublisher:162 - Exception while opening the connection: java.net.UnknownHostException: stmicroelectronics.d3.sc.omtrdc.net
2025-12-24 19:24:27,731 [INFO] McuFinderGlobals:76 - Set McuFinderConnectedMode to true
2025-12-24 19:24:27,732 [INFO] ApiDb:448 - Save user favorites file C:\Users\John.DESKTOP-ACCU4EE/.stm32cubeide/favorites.mcus.txt: 0 item(s)
2025-12-24 19:24:27,733 [INFO] ApiDb:452 - User favorites MCUs=[]
2025-12-24 19:24:27,734 [INFO] ApiDb:448 - Save user favorites file C:\Users\John.DESKTOP-ACCU4EE/.stm32cubeide/favorites.boards.txt: 1 item(s)
2025-12-24 19:24:27,734 [INFO] ApiDb:452 - User favorites Boards=[NUCLEO-F103RB]
